1) -3.0000
2) -1.0000
3) -14.0000
4) 36.0000
5) 1.0000
6) 1.0000
7) 5.0000
8) 3.0000
9) 151.0000
10) 66.0000
11) 7.0000
12) -14.0000
13) 8.0000
14) 2.0000
15) -1.0000
16) -3480.0000
17) 8.0000
18) 14.0000
19) 4.7500
20) 5.0000
21) 0.0000
22) -3.0000
23) 2.0000
24) 0.0000
25) 36.0000
26) 37.0000
27) 5.0000
28) 2.0000
29) 0.0000
30) 3.0000
31) 5.0000
32) 2.0000
33) 0.0000
34) 3.0000
35) 5.0000
36) 2.0000
37) 0.0000
38) 3.0000
39) 62.4000
40) 138.3333
41) 17.9333
42) 48.5641
43) 46.0909
44) 81.3333
45) 152.9778
46) 101.5319
47) 35.7778
48) 39.0000
49) 143.9200
50) 37.7857
51) 44.0000
52) 121.8955
53) 124.5217
54) 70.8462
55) 101.0000
56) 85.5352
57) 67.7059
58) 82.2051
59) 61.5000
60) 104.2911
61) 103.6522
62) 120.4545
63) 118.8889
64) 32.7273
65) 84.2637
66) 9.4800
67) 30.6557
68) 23.7857
69) 85.0000
70) 43.0000
71) 54.5000
72) 156.8000
73) 59.2857
74) 46.8987
75) 72.1163
76) 117.0909
77) 149.0000
78) 76.2222
79) 123.8000
80) 169.3182
81) 47.1739
82) 103.6901
83) 111.3596
84) 121.1379
85) 142.9494
86) 31.3125
87) 126.6923
88) 96.9048
89) 86.4754
90) 86.9767
91) 73.0000
92) 47.0000
93) 112.7333
94) 120.0000
95) 42.2344
96) -22.1765
97) 45.0000
98) -3.5000
99) 3.0000
100) 83.5397
101) 45.0000
102) 84.0000
103) 80.0000
104) 38.1875
105) 91.1667
106) 22.1818
107) 96.0000
108) -22.0909
109) -53.0000
110) 71.8660
111) 118.0435
112) -20.5455
113) 80.0000
114) 35.7143
115) 151.5455
116) 39.4043
117) 54.8667
118) 160.1974
119) 40.8077
120) 133.4324
121) 90.7674
122) 160.0000
123) 43.6633
124) 39.9545
125) 45.0000
126) 49.0714
127) 65.9512
128) 34.9231
129) 30.4444
130) 93.0000
131) 59.0000
132) 62.6250
133) 106.0106
134) 55.0000
135) 54.6800
136) 62.5122
137) 78.9231
138) 148.6531
139) 81.2000
140) 25.3250
141) 54.5263
142) 136.0588
143) -9.0000
144) 124.3714
145) 52.5652
146) 82.9524
147) 106.6552
148) 28.1600
149) 95.8936
150) 73.6585
151) 107.2353
152) 34.4348
153) 70.0000
154) 61.6531
155) 27.4340
156) 82.2000
157) 41.7957
158) 76.6750
159) 96.7143
160) -27.7500
161) 58.2165
162) 14.6538
163) 51.7667
164) 165.8947
165) -3.5224
166) 148.8493
167) 111.3871
168) 10.3708
169) 84.0000
170) 55.2979
171) 9.6364
172) 104.9206
173) 30.8889
174) 63.0256
175) 44.2500
176) 67.6709
177) 79.3902
178) 17.6707
179) 89.0000
180) 109.6000
181) 95.9737
182) -18.8571
183) 70.2985
184) -8.9000
185) 102.2857
186) 98.8500
187) 62.6316
188) 13.4000
189) -15.5574
190) 145.0698
191) 127.0000
192) 4.7250
193) 139.3333
194) 186.5301
195) 97.9167
196) 17.0385
197) 54.3636
198) 54.9688
199) 109.7333
200) 85.0000
201) 0.7143
202) 2.0833
203) 37.5769
204) 89.3043
205) 86.5806
206) 44.2105
207) 64.3012
208) 129.0000
209) 140.2059
210) 48.4507
211) 53.0000
212) 15.8154
213) 53.9268
214) 45.5600
215) 105.6630
216) 107.0000
217) 102.8571
218) 102.2750
219) 90.4634
220) -1.4167
221) 65.4286
222) 59.8000
223) 153.0000
224) 134.8000
225) 83.1304
226) 63.4615
227) 25.5357
228) 142.5652
229) 30.6364
230) 66.4098
231) 86.7253
232) 64.1111
233) 81.6038
234) 2.9545
235) 120.2778
236) 125.8472
237) 99.9710
238) 62.2000
239) 98.8421
240) 120.0000
241) 33.3415
242) 113.6170
243) 44.5636
244) 158.0000
245) 30.5556
246) 145.1579
247) 41.5686
248) 129.2658
249) -0.4737
250) -18.5517
251) 44.0000
252) 82.2353
253) 33.8889
254) 62.0253
255) 67.4118
256) 135.0000
257) -28.7600
258) 99.0566
259) 123.6875
260) 65.3774
261) 126.8113
262) 35.9452
263) -15.7000
264) 38.2439
265) 131.2105
266) 61.0789
267) -9.8837
268) 154.8333
269) 125.0000
270) 145.6486
271) 129.5745
272) 47.4706
273) 88.4444
274) 26.3333
275) 4.8788
276) 151.7647
277) 56.7895
278) 174.0000
279) 91.0000
280) 64.7500
281) 50.3514
282) 103.4750
283) 31.5763
284) 10.2022
285) 121.3077
286) 91.0000
287) 107.6562
288) 59.7778
289) 89.3333
290) 35.5714
291) 75.6393
292) 112.4839
293) 66.0000
294) 32.9286
295) 109.1667
296) 90.3415
297) 152.1868
298) 49.8571
299) 39.1739
300) 85.3279
301) 64.2326
302) 102.9851
303) 89.0000
304) 7.7846
305) 125.6296
306) -10.9091
307) 35.3333
308) 110.8824
309) 64.8889
310) 81.9000
311) 9.7119
312) 115.2674
313) 74.2000
314) 4.0000
315) 0.0000
316) 82.5000
317) 56.6875
318) -11.0000
319) 154.5455
320) 107.6667
321) 48.8901
322) 19.0000
323) 92.2857
324) 20.4684
325) 91.3878
326) 39.0000
327) 98.0000
328) 48.5294
329) 146.5517
330) 37.0000
331) 83.0000
332) 73.8000
333) 106.7692
334) 122.9355
335) 78.7935
336) 67.7143
337) 44.7500
338) 125.2667
339) 59.9000
340) 78.8621
341) 121.3137
342) 71.4286
343) 12.0000
344) 16.3117
345) 61.4507
346) 59.0000
347) 96.0952
348) 129.7629
349) 90.3913
350) 3.0000
351) -1.0000
352) -14.0000
353) 1.0000
354) 1.0000
355) 5.0000
356) 3.0000
357) 151.0000
358) 66.0000
359) 7.0000
360) -14.0000
361) 8.0000
362) 2.0000
363) -1.0000
364) -3480.0000
365) 8.0000
366) 14.0000
367) 4.7500
368) 5.0000
369) 0.0000
370) 5.0000
371) 2.0000
372) 0.0000
373) 3.0000
374) 5.0000
375) 2.0000
376) 0.0000
377) 36.0000
378) 5.0000
379) 2.0000
380) 0.0000
381) 3.0000
382) 62.4000
383) 138.3333
384) 0.4974
385) 46.0909
386) 81.3333
387) 254.5097
388) 74.7778
389) -215.7743
390) 44.0000
391) 121.8955
392) 189.3679
393) 101.0000
394) 85.5352
395) 149.9110
396) 165.7911
397) -311.1542
398) 118.8889
399) 32.7273
400) 51.7437
401) 30.6557
402) 23.7857
403) 128.0000
404) 211.3000
405) -29.1013
406) 72.1163
407) 117.0909
408) 45.2222
409) 123.8000
410) 169.3182
411) 150.8641
412) 232.4975
413) 109.1986
414) 126.6923
415) 96.9048
416) 91.4522
417) 73.0000
418) 47.0000
419) 232.7333
420) 20.0579
421) -99.5000
422) 3.0000
423) 83.5397
424) 125.0000
425) 80.0000
426) 38.1875
427) 113.3485
428) 73.9091
429) -3458.1340
430) 118.0435
431) -20.5455
432) 75.7143
433) 151.5455
434) 39.4043
435) 215.0640
436) 174.2401
437) -954.3953
438) 43.6633
439) 39.9545
440) 32.0714
441) 65.9512
442) 34.9231
443) 123.4444
444) 121.6250
445) 7.5532
446) 54.6800
447) 62.5122
448) 109.5761
449) 81.2000
450) 25.3250
451) 190.5851
452) 115.3714
453) -277.3085
454) 106.6552
455) 28.1600
456) 47.5522
457) 107.2353
458) 34.4348
459) 131.6531
460) 109.6340
461) -1466.3035
462) 96.7143
463) -27.7500
464) 62.8703
465) 51.7667
466) 165.8947
467) 145.3269
468) 121.7579
469) -1481.7021
470) 9.6364
471) 104.9206
472) -10.0855
473) 44.2500
474) 67.6709
475) 97.0610
476) 198.6000
477) -50.2519
478) 70.2985
479) -8.9000
480) 9.1357
481) 62.6316
482) 13.4000
483) 129.5124
484) 131.7250
485) -16.1365
486) 97.9167
487) 17.0385
488) 13.3324
489) 109.7333
490) 85.0000
491) 2.7976
492) 126.8813
493) -124.5314
494) 64.3012
495) 129.0000
496) 164.6566
497) 53.0000
498) 15.8154
499) 99.4868
500) 212.6630
501) -2209.5821
502) 90.4634
503) -1.4167
504) -26.7714
505) 153.0000
506) 134.8000
507) 146.5920
508) 168.1009
509) -1634.1356
510) 86.7253
511) 64.1111
512) 78.5583
513) 120.2778
514) 125.8472
515) 162.1710
516) 218.8421
517) -1717.9927
518) 44.5636
519) 158.0000
520) 35.7135
521) 41.5686
522) 129.2658
523) -19.0254
524) 126.2353
525) -3383.9747
526) 67.4118
527) 135.0000
528) -109.7034
529) 123.6875
530) 65.3774
531) 162.7565
532) 22.5439
533) -134.6053
534) -9.8837
535) 154.8333
536) 94.6486
537) 129.5745
538) 47.4706
539) 114.7778
540) 156.6435
541) -1387.0526
542) 91.0000
543) 64.7500
544) 113.8264
545) 31.5763
546) 10.2022
547) 212.3077
548) 167.4340
549) 123.9048
550) 75.6393
551) 112.4839
552) -13.0714
553) 109.1667
554) 90.3415
555) 202.0440
556) 124.5018
557) -816.8056
558) 89.0000
559) 7.7846
560) 106.7205
561) 35.3333
562) 110.8824
563) 146.7889
564) 124.9793
565) -537.3000
566) 56.6875
567) -11.0000
568) 68.2121
569) 48.8901
570) 19.0000
571) 112.7541
572) 130.3878
573) -1614.4706
574) 146.5517
575) 37.0000
576) -15.2000
577) 106.7692
578) 122.9355
579) 146.5078
580) 170.0167
581) -1054.6379
582) 121.3137
583) 71.4286
584) 24.3117
585) 61.4507
586) 59.0000
587) 225.8581
588) 192.6413
589) -543.9854
590) 49.8571
591) 67.0000
592) 106.3125
593) 65.8571
594) 38.3654
595) 190.4319
596) 204.5128
597) -2130.9762
598) 108.5806
599) 48.3333
600) 40.6941
601) 112.4186
602) 51.6667
603) 114.5881
604) 211.8714
605) 36.6830
606) 64.8837
607) 1.8060
608) 85.7404
609) 57.5000
610) 46.0000
611) 181.5686
612) 113.8636
613) -1308.3884
614) 49.9815
615) 50.6429
616) -2.6187
617) 35.5882
618) 89.5075
619) 211.2892
620) 52.8833
621) 6.3233
622) 172.7561
623) 34.7260
624) -87.4651
625) 46.7778
626) 32.8000
627) 180.2201
628) 209.8061
629) -1691.4062
630) 79.7609
631) 27.2000
632) 46.0094
633) 117.0000
634) 98.7467
635) 69.1821
636) 164.2728
637) 133.5789
638) 96.0000
639) 152.0000
640) 25.0015
641) 27.0179
642) 115.0000
643) 64.2359
644) 29.5000
645) 60.9588
646) 152.1216
647) 5.2353
648) -2464.1640
649) 49.5116
650) 22.8125
651) 80.3905
652) 138.6000
653) 18.4079
654) 96.9856
655) 175.5996
656) 1358.0682
657) 74.2727
658) 116.5256
659) 27.7368
660) 132.3333
661) 62.9444
662) 147.1111
663) 151.4464
664) -63.9355
665) 33.7500
666) 89.5000
667) 70.4321
668) 67.6633
669) 115.0000
670) 52.5023
671) 56.1562
672) 77.6786
673) 181.2946
674) 121.0000
675) -189.8020
676) 25.6667
677) -1.8750
678) 54.1582
679) -3.3596
680) 132.9500
681) 55.9500
682) 252.7998
683) -2247.0028
684) 23.9375
685) 47.2903
686) -81.3644
687) 79.2500
688) 33.9375
689) 160.9333
690) 71.4978
691) -3057.7925
692) 34.9412
693) 27.7857
694) 84.8880
695) 42.0000
696) -18.7917
697) -1.5862
698) 32.4600
699) -2.8571
700) 208.3596
701) 136.8576
702) -687.3095
703) 29.3729
704) -13.0690
705) 28.1156
706) 139.0994
707) 3.0000
708) -1.0000
709) -15.0000
710) 1.0000
711) 5.0000
712) 154.0000
713) 73.0000
714) -15.0000
715) 2.0000
716) -1.0000
717) -3480.0000
718) 8.0000
719) 0.0000
720) 1.7500
721) 102.2500
722) 32.1538
723) -23.2162
724) 49.8571
725) 67.0000
726) 61.0000
727) 125.3125
728) 65.8571
729) 38.3654
730) 88.8090
731) 101.6230
732) 113.8462
733) 90.6667
734) 41.2143
735) 76.1667
736) 108.5806
737) 48.3333
738) 98.6941
739) 110.0000
740) 112.4186
741) 51.6667
742) 63.2778
743) 51.3103
744) 152.0714
745) 59.8000
746) 91.4800
747) 41.9630
748) 64.8837
749) 1.8060
750) 136.2667
751) 61.4737
752) 57.5000
753) 46.0000
754) 74.2353
755) 107.3333
756) 56.8636
757) 57.0000
758) 120.2857
759) 113.4688
760) 49.9815
761) 50.6429
762) 49.6444
763) 91.7368
764) 35.5882
765) 89.5075
766) 121.2097
767) 90.0795
768) -15.2000
769) 68.0833
770) 89.2167
771) -3.6267
772) 172.7561
773) 34.7260
774) 5.7895
775) 88.7455
776) 46.7778
777) 32.8000
778) 111.3429
779) 68.8772
780) 46.7347
781) 163.0714
782) 95.0000
783) 6.5938
784) 79.7609
785) 27.2000
786) 83.4000
787) 140.6094
788) 117.0000
789) 98.7467
790) 90.6000
791) -21.4179
792) 24.8478
793) 139.4250
794) 109.0000
795) 111.5789
796) 96.0000
797) 152.0000
798) 74.0784
799) 104.9231
800) 27.0179
801) 115.0000
802) 37.6842
803) 40.5517
804) 29.5000
805) 60.9588
806) 45.6216
807) 106.5000
808) 52.0000
809) -46.7647
810) -33.7037
811) 54.4286
812) 49.5116
813) 22.8125
814) 87.3333
815) 39.0571
816) 138.6000
817) 18.4079
818) 18.7674
819) 78.2182
820) 87.4746
821) 88.1250
822) 92.5455
823) 55.1591
824) 74.2727
825) 116.5256
826) 60.7368
827) 5.0000
828) 132.3333
829) 62.9444
830) 82.7778
831) 64.3333
832) 123.8750
833) 27.5714
834) 40.0526
835) 88.3803
836) 33.7500
837) 89.5000
838) 18.4321
839) 54.0000
840) 67.6633
841) 115.0000
842) 47.0513
843) 45.4510
844) 56.1562
845) 77.6786
846) 23.0337
847) 158.2609
848) -19.0000
849) 140.0000
850) 59.4928
851) 50.8936
852) 25.6667
853) -1.8750
854) -11.9846
855) 86.1429
856) -3.3596
857) 132.9500
858) -20.7000
859) 76.6500
860) 93.3415
861) 159.4583
862) -20.7000
863) 129.1972
864) 23.9375
865) 47.2903
866) 16.3393
867) 18.2963
868) 79.2500
869) 33.9375
870) 50.7333
871) 110.2000
872) 16.8254
873) 54.6724
874) -58.7358
875) 76.0000
876) 34.9412
877) 27.7857
878) 51.2683
879) 51.6197
880) 42.0000
881) -18.7917
882) 15.9138
883) 100.5000
884) 32.4600
885) -2.8571
886) 88.0263
887) 120.3333
888) 73.3418
889) 63.5158
890) 14.2821
891) 101.7931
892) 29.3729
893) -13.0690
894) 42.0543
895) -1.9388
896) 57.2917
897) 81.8077
898) 3.0000
899) -1.0000
900) -14.0000
901) 1.0000
902) 1.0000
903) 5.0000
904) 3.0000
905) 151.0000
906) 66.0000
907) 7.0000
908) -14.0000
909) 8.0000
910) 2.0000
911) 0.0000
912) -1.0000
913) -3480.0000
914) 8.0000
915) 14.0000
916) 0.0000
917) 0.0000
918) 4.7500
919) -3.0000
920) 3.0000
