1) (+0.0-+3.0) = -3.0;
2) (+5.0-+6.0) = -1.0;
3) ((((+1.0-+2.0)-(+3.0*+4.0))+(+9.0%+3.0))-+((+3.0-+((+4.0-+2.0))))) = -14.0;
4) (+33.0++3.0) = 36.0;
5) (+((((+5.0*+3.0)*+10.0)/+25.0))%+5.0) = 1.0;
6) ((((+5.0*+3.0)*+10.0)/+25.0)%+5.0) = 1.0;
7) (+6.0-(+3.0%+2.0)) = 5.0;
8) (+((+12.0-+(((+9.0*+5.0)%+6.0))))/+3.0) = 3.0;
9) +((+161.0-+((+14.0-(+((+8.0-+7.0))*+((+6.0-+2.0))))))) = 151.0;
10) ((+0.0*+88.0)++66.0) = 66.0;
11) ((((((+7.0*+7.0)/+7.0)*+8.0)/+8.0)*+9.0)/+9.0) = 7.0;
12) ((((+1.0-+2.0)-(+3.0*+4.0))+(+9.0%+3.0))-+((+3.0-+((+4.0-+2.0))))) = -14.0;
13) (+5.0++3.0) = 8.0;
14) (+5.0-+((+(+3.0)++((((((((+0.0*+10.0)*+16.0)*+19.0)*+12.0)*+17.0)*+18.0)*+11.0))))) = 2.0;
15) ((+272.0-+273.0)-((+8.0*+7.0)*+0.0)) = -1.0;
16) ((+8.0*+((((+6.0*+((+4.0-+6.0)))*+((+((+7.0-+0.0))+(+((+25.0/+5.0))*+((+24.0/+4.0))))))++9.0)))++((+0.0-+0.0))) = -3480.0;
17) ((+5.0%+(((+91.0%+8.0)-(+5.0%+2.0))))+(+7.0%+((+6.0*+8.0)))) = 8.0;
18) ((((((((((((((+7.0-+6.0)-+5.0)-+4.0)-+3.0)-+2.0)-+1.0)-+0.0)++1.0)++2.0)++3.0)++4.0)++5.0)++6.0)++7.0) = 14.0;
19) ((+99.0/+22.0)+(+2200.0/+8800.0)) = 4.75;
20) (+((+(+88.0)-+((+22.0++11.0))))/+11.0) = 5.0;
21) (+0.0-+0.0) = 0.0;
22) (+0.0-+3.0) = -3.0;
23) +2.0 = 2.0;
24) +0.0 = 0.0;
25) (+33.0++3.0) = 36.0;
26) (+33.0++4.0) = 37.0;
27) +5.0 = 5.0;
28) +2.0 = 2.0;
29) +0.0 = 0.0;
30) +3.0 = 3.0;
31) +5.0 = 5.0;
32) +2.0 = 2.0;
33) +0.0 = 0.0;
34) +3.0 = 3.0;
35) +5.0 = 5.0;
36) +2.0 = 2.0;
37) +0.0 = 0.0;
38) +3.0 = 3.0;
39) ((+29.0++(+83.0))-(((+32.0*+93.0)/+60.0)%+51.0)) = 62.4;
40) ((+52.0++89.0)-(((+40.0*+(+49.0))/+6.0)%+12.0)) = 138.33;
41) ((+24.0++(+5.0))-(((+94.0*+57.0)/+45.0)%+12.0)) = 17.93;
42) ((+33.0++21.0)-(((+25.0*+(+35.0))/+39.0)%+17.0)) = 48.56;
43) ((+29.0++(+23.0))-(((+64.0*+67.0)/+22.0)%+21.0)) = 46.09;
44) ((+4.0++82.0)-(((+74.0*+(+79.0))/+3.0)%+8.0)) = 81.33;
45) ((+95.0++(+69.0))-(((+32.0*+31.0)/+90.0)%+56.0)) = 152.98;
46) ((+17.0++89.0)-(((+28.0*+(+15.0))/+94.0)%+93.0)) = 101.53;
47) ((+13.0++(+23.0))-(((+33.0*+92.0)/+54.0)%+1.0)) = 35.78;
48) ((+4.0++61.0)-(((+26.0*+(+46.0))/+46.0)%+62.0)) = 39.0;
49) ((+66.0++(+84.0))-(((+38.0*+4.0)/+25.0)%+60.0)) = 143.92;
50) ((+57.0++1.0)-(((+75.0*+(+27.0))/+42.0)%+28.0)) = 37.79;
51) ((+83.0++(+4.0))-(((+42.0*+76.0)/+1.0)%+47.0)) = 44.0;
52) ((+89.0++48.0)-(((+92.0*+(+11.0))/+67.0)%+92.0)) = 121.9;
53) ((+82.0++(+46.0))-(((+16.0*+10.0)/+46.0)%+43.0)) = 124.52;
54) ((+3.0++70.0)-(((+96.0*+(+35.0))/+39.0)%+84.0)) = 70.85;
55) ((+61.0++(+79.0))-(((+81.0*+30.0)/+15.0)%+41.0)) = 101.0;
56) ((+86.0++9.0)-(((+14.0*+(+48.0))/+71.0)%+33.0)) = 85.54;
57) ((+30.0++(+39.0))-(((+39.0*+70.0)/+34.0)%+79.0)) = 67.71;
58) ((+41.0++44.0)-(((+35.0*+(+82.0))/+78.0)%+17.0)) = 82.21;
59) ((+5.0++(+59.0))-(((+74.0*+5.0)/+4.0)%+45.0)) = 61.5;
60) ((+56.0++49.0)-(((+66.0*+(+20.0))/+79.0)%+1.0)) = 104.29;
61) ((+56.0++(+55.0))-(((+39.0*+13.0)/+69.0)%+12.0)) = 103.65;
62) ((+65.0++88.0)-(((+78.0*+(+84.0))/+33.0)%+83.0)) = 120.45;
63) ((+76.0++(+55.0))-(((+64.0*+10.0)/+9.0)%+59.0)) = 118.89;
64) ((+47.0++13.0)-(((+50.0*+(+42.0))/+77.0)%+40.0)) = 32.73;
65) ((+34.0++(+56.0))-(((+9.0*+58.0)/+91.0)%+90.0)) = 84.26;
66) ((+21.0++7.0)-(((+54.0*+(+69.0))/+50.0)%+28.0)) = 9.48;
67) ((+5.0++(+43.0))-(((+72.0*+74.0)/+61.0)%+70.0)) = 30.66;
68) ((+70.0++8.0)-(((+46.0*+(+66.0))/+56.0)%+78.0)) = 23.79;
69) ((+79.0++(+11.0))-(((+46.0*+80.0)/+10.0)%+33.0)) = 85.0;
70) ((+44.0++50.0)-(((+7.0*+(+81.0))/+3.0)%+69.0)) = 43.0;
71) ((+90.0++(+7.0))-(((+30.0*+68.0)/+48.0)%+79.0)) = 54.5;
72) ((+77.0++85.0)-(((+9.0*+(+97.0))/+15.0)%+53.0)) = 156.8;
73) ((+23.0++(+42.0))-(((+74.0*+93.0)/+21.0)%+7.0)) = 59.29;
74) ((+21.0++26.0)-(((+34.0*+(+56.0))/+79.0)%+3.0)) = 46.9;
75) ((+12.0++(+90.0))-(((+81.0*+44.0)/+43.0)%+53.0)) = 72.12;
76) ((+77.0++53.0)-(((+71.0*+(+10.0))/+55.0)%+59.0)) = 117.09;
77) ((+91.0++(+77.0))-(((+85.0*+96.0)/+51.0)%+47.0)) = 149.0;
78) ((+90.0++7.0)-(((+34.0*+(+55.0))/+90.0)%+65.0)) = 76.22;
79) ((+79.0++(+49.0))-(((+90.0*+19.0)/+50.0)%+6.0)) = 123.8;
80) ((+88.0++88.0)-(((+21.0*+(+21.0))/+66.0)%+67.0)) = 169.32;
81) ((+39.0++(+76.0))-(((+65.0*+96.0)/+92.0)%+68.0)) = 47.17;
82) ((+70.0++55.0)-(((+17.0*+(+89.0))/+71.0)%+27.0)) = 103.69;
83) ((+44.0++(+75.0))-(((+10.0*+68.0)/+89.0)%+68.0)) = 111.36;
84) ((+29.0++98.0)-(((+4.0*+(+85.0))/+58.0)%+59.0)) = 121.14;
85) ((+48.0++(+97.0))-(((+54.0*+3.0)/+79.0)%+51.0)) = 142.95;
86) ((+22.0++11.0)-(((+27.0*+(+6.0))/+96.0)%+96.0)) = 31.31;
87) ((+96.0++(+33.0))-(((+60.0*+2.0)/+52.0)%+19.0)) = 126.69;
88) ((+55.0++80.0)-(((+10.0*+(+80.0))/+21.0)%+77.0)) = 96.9;
89) ((+88.0++(+15.0))-(((+36.0*+28.0)/+61.0)%+95.0)) = 86.48;
90) ((+41.0++55.0)-(((+8.0*+(+97.0))/+86.0)%+15.0)) = 86.98;
91) ((+64.0++(+9.0))-(((+0.0*+36.0)/+36.0)%+77.0)) = 73.0;
92) ((+7.0++43.0)-(((+31.0*+(+26.0))/+2.0)%+20.0)) = 47.0;
93) ((+98.0++(+23.0))-(((+4.0*+31.0)/+15.0)%+15.0)) = 112.73;
94) ((+88.0++37.0)-(((+10.0*+(+49.0))/+98.0)%+82.0)) = 120.0;
95) ((+39.0++(+6.0))-(((+3.0*+59.0)/+64.0)%+59.0)) = 42.23;
96) ((+16.0++0.0)-(((+97.0*+(+94.0))/+34.0)%+46.0)) = -22.18;
97) ((+54.0++(+25.0))-(((+37.0*+64.0)/+16.0)%+38.0)) = 45.0;
98) ((+5.0++22.0)-(((+27.0*+(+93.0))/+2.0)%+35.0)) = -3.5;
99) ((+8.0++(+23.0))-(((+68.0*+78.0)/+34.0)%+64.0)) = 3.0;
100) ((+0.0++85.0)-(((+38.0*+(+19.0))/+63.0)%+2.0)) = 83.54;
101) ((+52.0++(+52.0))-(((+75.0*+81.0)/+9.0)%+77.0)) = 45.0;
102) ((+2.0++87.0)-(((+2.0*+(+15.0))/+6.0)%+72.0)) = 84.0;
103) ((+66.0++(+14.0))-(((+0.0*+54.0)/+85.0)%+97.0)) = 80.0;
104) ((+22.0++64.0)-(((+70.0*+(+94.0))/+64.0)%+55.0)) = 38.19;
105) ((+41.0++(+66.0))-(((+65.0*+79.0)/+6.0)%+24.0)) = 91.17;
106) ((+17.0++17.0)-(((+15.0*+(+52.0))/+66.0)%+18.0)) = 22.18;
107) ((+63.0++(+33.0))-(((+69.0*+0.0)/+46.0)%+12.0)) = 96.0;
108) ((+29.0++3.0)-(((+70.0*+(+51.0))/+66.0)%+97.0)) = -22.09;
109) ((+2.0++(+23.0))-(((+78.0*+86.0)/+86.0)%+94.0)) = -53.0;
110) ((+45.0++50.0)-(((+68.0*+(+33.0))/+97.0)%+36.0)) = 71.87;
111) ((+56.0++(+65.0))-(((+55.0*+10.0)/+46.0)%+9.0)) = 118.04;
112) ((+33.0++11.0)-(((+76.0*+(+75.0))/+44.0)%+65.0)) = -20.55;
113) ((+84.0++(+1.0))-(((+45.0*+3.0)/+27.0)%+36.0)) = 80.0;
114) ((+20.0++34.0)-(((+44.0*+(+45.0))/+21.0)%+38.0)) = 35.71;
115) ((+88.0++(+78.0))-(((+86.0*+51.0)/+66.0)%+26.0)) = 151.55;
116) ((+37.0++4.0)-(((+75.0*+(+1.0))/+47.0)%+64.0)) = 39.4;
117) ((+4.0++(+65.0))-(((+53.0*+20.0)/+75.0)%+29.0)) = 54.87;
118) ((+85.0++78.0)-(((+3.0*+(+71.0))/+76.0)%+40.0)) = 160.2;
119) ((+34.0++(+12.0))-(((+30.0*+9.0)/+52.0)%+15.0)) = 40.81;
120) ((+41.0++96.0)-(((+76.0*+(+58.0))/+74.0)%+56.0)) = 133.43;
121) ((+64.0++(+39.0))-(((+80.0*+97.0)/+86.0)%+78.0)) = 90.77;
122) ((+92.0++73.0)-(((+54.0*+(+91.0))/+42.0)%+14.0)) = 160.0;
123) ((+53.0++(+1.0))-(((+73.0*+81.0)/+98.0)%+25.0)) = 43.66;
124) ((+53.0++54.0)-(((+45.0*+(+67.0))/+22.0)%+70.0)) = 39.95;
125) ((+17.0++(+43.0))-(((+86.0*+90.0)/+60.0)%+57.0)) = 45.0;
126) ((+31.0++90.0)-(((+53.0*+(+57.0))/+42.0)%+78.0)) = 49.07;
127) ((+61.0++(+56.0))-(((+91.0*+23.0)/+41.0)%+71.0)) = 65.95;
128) ((+12.0++62.0)-(((+64.0*+(+51.0))/+13.0)%+53.0)) = 34.92;
129) ((+14.0++(+17.0))-(((+18.0*+79.0)/+81.0)%+17.0)) = 30.44;
130) ((+12.0++85.0)-(((+26.0*+(+14.0))/+91.0)%+11.0)) = 93.0;
131) ((+72.0++(+1.0))-(((+98.0*+4.0)/+7.0)%+21.0)) = 59.0;
132) ((+77.0++16.0)-(((+81.0*+(+21.0))/+56.0)%+31.0)) = 62.62;
133) ((+88.0++(+20.0))-(((+71.0*+45.0)/+94.0)%+16.0)) = 106.01;
134) ((+52.0++57.0)-(((+43.0*+(+52.0))/+13.0)%+59.0)) = 55.0;
135) ((+7.0++(+52.0))-(((+12.0*+18.0)/+50.0)%+29.0)) = 54.68;
136) ((+40.0++37.0)-(((+22.0*+(+54.0))/+82.0)%+34.0)) = 62.51;
137) ((+68.0++(+15.0))-(((+40.0*+70.0)/+65.0)%+13.0)) = 78.92;
138) ((+59.0++93.0)-(((+52.0*+(+71.0))/+49.0)%+12.0)) = 148.65;
139) ((+43.0++(+54.0))-(((+1.0*+79.0)/+5.0)%+64.0)) = 81.2;
140) ((+37.0++8.0)-(((+53.0*+(+79.0))/+40.0)%+85.0)) = 25.33;
141) ((+2.0++(+59.0))-(((+12.0*+41.0)/+76.0)%+78.0)) = 54.53;
142) ((+84.0++60.0)-(((+54.0*+(+10.0))/+68.0)%+70.0)) = 136.06;
143) ((+0.0++(+13.0))-(((+92.0*+91.0)/+91.0)%+35.0)) = -9.0;
144) ((+97.0++68.0)-(((+18.0*+(+79.0))/+35.0)%+58.0)) = 124.37;
145) ((+49.0++(+9.0))-(((+85.0*+30.0)/+46.0)%+50.0)) = 52.57;
146) ((+65.0++41.0)-(((+22.0*+(+22.0))/+21.0)%+95.0)) = 82.95;
147) ((+50.0++(+60.0))-(((+75.0*+91.0)/+29.0)%+8.0)) = 106.66;
148) ((+18.0++11.0)-(((+1.0*+(+63.0))/+75.0)%+29.0)) = 28.16;
149) ((+42.0++(+83.0))-(((+36.0*+38.0)/+47.0)%+84.0)) = 95.89;
150) ((+61.0++15.0)-(((+66.0*+(+76.0))/+41.0)%+8.0)) = 73.66;
151) ((+83.0++(+79.0))-(((+38.0*+98.0)/+68.0)%+69.0)) = 107.24;
152) ((+80.0++12.0)-(((+95.0*+(+35.0))/+23.0)%+87.0)) = 34.43;
153) ((+57.0++(+45.0))-(((+26.0*+80.0)/+65.0)%+91.0)) = 70.0;
154) ((+80.0++0.0)-(((+29.0*+(+31.0))/+49.0)%+34.0)) = 61.65;
155) ((+6.0++(+27.0))-(((+59.0*+5.0)/+53.0)%+27.0)) = 27.43;
156) ((+81.0++15.0)-(((+54.0*+(+57.0))/+10.0)%+98.0)) = 82.2;
157) ((+25.0++(+34.0))-(((+50.0*+32.0)/+93.0)%+21.0)) = 41.8;
158) ((+88.0++7.0)-(((+93.0*+(+81.0))/+40.0)%+85.0)) = 76.68;
159) ((+57.0++(+69.0))-(((+50.0*+37.0)/+7.0)%+47.0)) = 96.71;
160) ((+28.0++8.0)-(((+68.0*+(+60.0))/+64.0)%+78.0)) = -27.75;
161) ((+11.0++(+50.0))-(((+18.0*+15.0)/+97.0)%+51.0)) = 58.22;
162) ((+5.0++13.0)-(((+57.0*+(+59.0))/+26.0)%+14.0)) = 14.65;
163) ((+56.0++(+42.0))-(((+73.0*+57.0)/+90.0)%+83.0)) = 51.77;
164) ((+96.0++74.0)-(((+15.0*+(+26.0))/+95.0)%+34.0)) = 165.89;
165) ((+56.0++(+20.0))-(((+72.0*+74.0)/+67.0)%+83.0)) = -3.52;
166) ((+88.0++72.0)-(((+11.0*+(+74.0))/+73.0)%+35.0)) = 148.85;
167) ((+55.0++(+62.0))-(((+87.0*+2.0)/+31.0)%+94.0)) = 111.39;
168) ((+10.0++14.0)-(((+83.0*+(+50.0))/+89.0)%+33.0)) = 10.37;
169) ((+46.0++(+82.0))-(((+18.0*+48.0)/+3.0)%+61.0)) = 84.0;
170) ((+37.0++41.0)-(((+97.0*+(+22.0))/+94.0)%+39.0)) = 55.3;
171) ((+2.0++(+12.0))-(((+34.0*+15.0)/+11.0)%+7.0)) = 9.64;
172) ((+79.0++27.0)-(((+68.0*+(+1.0))/+63.0)%+3.0)) = 104.92;
173) ((+12.0++(+44.0))-(((+86.0*+47.0)/+9.0)%+53.0)) = 30.89;
174) ((+52.0++30.0)-(((+40.0*+(+37.0))/+78.0)%+85.0)) = 63.03;
175) ((+16.0++(+29.0))-(((+51.0*+40.0)/+32.0)%+1.0)) = 44.25;
176) ((+89.0++4.0)-(((+69.0*+(+29.0))/+79.0)%+35.0)) = 67.67;
177) ((+18.0++(+93.0))-(((+27.0*+96.0)/+82.0)%+72.0)) = 79.39;
178) ((+4.0++14.0)-(((+27.0*+(+1.0))/+82.0)%+38.0)) = 17.67;
179) ((+6.0++(+83.0))-(((+75.0*+4.0)/+1.0)%+10.0)) = 89.0;
180) ((+78.0++44.0)-(((+62.0*+(+6.0))/+30.0)%+38.0)) = 109.6;
181) ((+63.0++(+41.0))-(((+61.0*+10.0)/+76.0)%+25.0)) = 95.97;
182) ((+15.0++40.0)-(((+47.0*+(+44.0))/+28.0)%+76.0)) = -18.86;
183) ((+6.0++(+92.0))-(((+29.0*+64.0)/+67.0)%+32.0)) = 70.3;
184) ((+3.0++28.0)-(((+81.0*+(+59.0))/+10.0)%+73.0)) = -8.9;
185) ((+85.0++(+37.0))-(((+94.0*+18.0)/+7.0)%+74.0)) = 102.29;
186) ((+96.0++19.0)-(((+19.0*+(+68.0))/+80.0)%+51.0)) = 98.85;
187) ((+14.0++(+63.0))-(((+86.0*+85.0)/+38.0)%+89.0)) = 62.63;
188) ((+15.0++0.0)-(((+65.0*+(+26.0))/+25.0)%+22.0)) = 13.4;
189) ((+12.0++(+39.0))-(((+58.0*+70.0)/+61.0)%+67.0)) = -15.56;
190) ((+80.0++71.0)-(((+51.0*+(+5.0))/+43.0)%+85.0)) = 145.07;
191) ((+59.0++(+89.0))-(((+86.0*+86.0)/+1.0)%+25.0)) = 127.0;
192) ((+12.0++4.0)-(((+41.0*+(+22.0))/+80.0)%+37.0)) = 4.72;
193) ((+51.0++(+91.0))-(((+16.0*+31.0)/+6.0)%+20.0)) = 139.33;
194) ((+94.0++96.0)-(((+96.0*+(+3.0))/+83.0)%+8.0)) = 186.53;
195) ((+43.0++(+60.0))-(((+23.0*+59.0)/+12.0)%+18.0)) = 97.92;
196) ((+57.0++0.0)-(((+75.0*+(+70.0))/+52.0)%+61.0)) = 17.04;
197) ((+54.0++(+2.0))-(((+6.0*+15.0)/+55.0)%+92.0)) = 54.36;
198) ((+48.0++34.0)-(((+93.0*+(+42.0))/+64.0)%+34.0)) = 54.97;
199) ((+84.0++(+34.0))-(((+4.0*+31.0)/+15.0)%+58.0)) = 109.73;
200) ((+67.0++43.0)-(((+18.0*+(+50.0))/+36.0)%+83.0)) = 85.0;
201) ((+23.0++(+27.0))-(((+15.0*+23.0)/+7.0)%+80.0)) = 0.71;
202) ((+10.0++4.0)-(((+11.0*+(+78.0))/+72.0)%+71.0)) = 2.08;
203) ((+14.0++(+44.0))-(((+89.0*+54.0)/+52.0)%+72.0)) = 37.58;
204) ((+27.0++76.0)-(((+44.0*+(+76.0))/+46.0)%+59.0)) = 89.3;
205) ((+57.0++(+38.0))-(((+9.0*+58.0)/+62.0)%+33.0)) = 86.58;
206) ((+28.0++22.0)-(((+39.0*+(+60.0))/+76.0)%+25.0)) = 44.21;
207) ((+5.0++(+67.0))-(((+76.0*+51.0)/+83.0)%+39.0)) = 64.3;
208) ((+91.0++40.0)-(((+66.0*+(+60.0))/+8.0)%+17.0)) = 129.0;
209) ((+78.0++(+72.0))-(((+9.0*+74.0)/+68.0)%+31.0)) = 140.21;
210) ((+12.0++64.0)-(((+82.0*+(+81.0))/+71.0)%+66.0)) = 48.45;
211) ((+31.0++(+30.0))-(((+44.0*+45.0)/+6.0)%+46.0)) = 53.0;
212) ((+44.0++50.0)-(((+66.0*+(+77.0))/+65.0)%+79.0)) = 15.82;
213) ((+50.0++(+23.0))-(((+34.0*+46.0)/+82.0)%+88.0)) = 53.93;
214) ((+9.0++43.0)-(((+7.0*+(+46.0))/+50.0)%+53.0)) = 45.56;
215) ((+82.0++(+71.0))-(((+67.0*+65.0)/+92.0)%+51.0)) = 105.66;
216) ((+69.0++46.0)-(((+97.0*+(+46.0))/+97.0)%+38.0)) = 107.0;
217) ((+82.0++(+45.0))-(((+39.0*+13.0)/+21.0)%+65.0)) = 102.86;
218) ((+97.0++17.0)-(((+7.0*+(+67.0))/+40.0)%+42.0)) = 102.28;
219) ((+96.0++(+25.0))-(((+31.0*+88.0)/+41.0)%+36.0)) = 90.46;
220) ((+30.0++20.0)-(((+94.0*+(+62.0))/+48.0)%+70.0)) = -1.42;
221) ((+23.0++(+48.0))-(((+4.0*+39.0)/+28.0)%+51.0)) = 65.43;
222) ((+76.0++33.0)-(((+54.0*+(+41.0))/+45.0)%+78.0)) = 59.8;
223) ((+88.0++(+65.0))-(((+20.0*+0.0)/+40.0)%+64.0)) = 153.0;
224) ((+42.0++95.0)-(((+48.0*+(+18.0))/+45.0)%+17.0)) = 134.8;
225) ((+64.0++(+66.0))-(((+98.0*+11.0)/+23.0)%+92.0)) = 83.13;
226) ((+26.0++67.0)-(((+58.0*+(+75.0))/+39.0)%+82.0)) = 63.46;
227) ((+12.0++(+16.0))-(((+86.0*+55.0)/+56.0)%+82.0)) = 25.54;
228) ((+91.0++59.0)-(((+48.0*+(+97.0))/+23.0)%+65.0)) = 142.57;
229) ((+29.0++(+45.0))-(((+27.0*+53.0)/+33.0)%+44.0)) = 30.64;
230) ((+40.0++42.0)-(((+48.0*+(+77.0))/+61.0)%+45.0)) = 66.41;
231) ((+84.0++(+3.0))-(((+27.0*+38.0)/+91.0)%+1.0)) = 86.73;
232) ((+87.0++11.0)-(((+61.0*+(+20.0))/+36.0)%+40.0)) = 64.11;
233) ((+74.0++(+39.0))-(((+32.0*+52.0)/+53.0)%+74.0)) = 81.6;
234) ((+3.0++23.0)-(((+52.0*+(+39.0))/+88.0)%+93.0)) = 2.95;
235) ((+87.0++(+43.0))-(((+35.0*+41.0)/+18.0)%+35.0)) = 120.28;
236) ((+84.0++47.0)-(((+53.0*+(+7.0))/+72.0)%+15.0)) = 125.85;
237) ((+92.0++(+52.0))-(((+49.0*+62.0)/+69.0)%+76.0)) = 99.97;
238) ((+66.0++25.0)-(((+18.0*+(+56.0))/+35.0)%+73.0)) = 62.2;
239) ((+68.0++(+46.0))-(((+64.0*+33.0)/+19.0)%+24.0)) = 98.84;
240) ((+77.0++43.0)-(((+37.0*+(+0.0))/+23.0)%+46.0)) = 120.0;
241) ((+56.0++(+16.0))-(((+91.0*+88.0)/+82.0)%+59.0)) = 33.34;
242) ((+48.0++72.0)-(((+50.0*+(+6.0))/+47.0)%+95.0)) = 113.62;
243) ((+18.0++(+39.0))-(((+18.0*+38.0)/+55.0)%+53.0)) = 44.56;
244) ((+96.0++66.0)-(((+2.0*+(+78.0))/+39.0)%+90.0)) = 158.0;
245) ((+2.0++(+33.0))-(((+88.0*+46.0)/+36.0)%+12.0)) = 30.56;
246) ((+70.0++86.0)-(((+36.0*+(+87.0))/+19.0)%+11.0)) = 145.16;
247) ((+26.0++(+30.0))-(((+8.0*+92.0)/+51.0)%+47.0)) = 41.57;
248) ((+97.0++87.0)-(((+46.0*+(+94.0))/+79.0)%+77.0)) = 129.27;
249) ((+33.0++(+5.0))-(((+82.0*+79.0)/+38.0)%+44.0)) = -0.47;
250) ((+16.0++42.0)-(((+74.0*+(+90.0))/+87.0)%+77.0)) = -18.55;
251) ((+10.0++(+74.0))-(((+45.0*+40.0)/+45.0)%+58.0)) = 44.0;
252) ((+30.0++72.0)-(((+48.0*+(+28.0))/+68.0)%+97.0)) = 82.24;
253) ((+15.0++(+74.0))-(((+86.0*+83.0)/+9.0)%+82.0)) = 33.89;
254) ((+63.0++2.0)-(((+47.0*+(+5.0))/+79.0)%+41.0)) = 62.03;
255) ((+87.0++(+45.0))-(((+84.0*+58.0)/+17.0)%+74.0)) = 67.41;
256) ((+38.0++97.0)-(((+4.0*+(+0.0))/+32.0)%+85.0)) = 135.0;
257) ((+44.0++(+11.0))-(((+86.0*+79.0)/+25.0)%+94.0)) = -28.76;
258) ((+90.0++12.0)-(((+26.0*+(+6.0))/+53.0)%+11.0)) = 99.06;
259) ((+71.0++(+98.0))-(((+58.0*+75.0)/+96.0)%+46.0)) = 123.69;
260) ((+35.0++50.0)-(((+65.0*+(+16.0))/+53.0)%+68.0)) = 65.38;
261) ((+35.0++(+92.0))-(((+30.0*+71.0)/+53.0)%+10.0)) = 126.81;
262) ((+26.0++27.0)-(((+44.0*+(+93.0))/+73.0)%+39.0)) = 35.95;
263) ((+10.0++(+3.0))-(((+28.0*+82.0)/+80.0)%+67.0)) = -15.7;
264) ((+15.0++68.0)-(((+62.0*+(+62.0))/+41.0)%+49.0)) = 38.24;
265) ((+66.0++(+71.0))-(((+27.0*+36.0)/+76.0)%+7.0)) = 131.21;
266) ((+49.0++16.0)-(((+93.0*+(+49.0))/+38.0)%+29.0)) = 61.08;
267) ((+4.0++(+0.0))-(((+49.0*+35.0)/+43.0)%+26.0)) = -9.88;
268) ((+77.0++87.0)-(((+26.0*+(+43.0))/+12.0)%+14.0)) = 154.83;
269) ((+77.0++(+51.0))-(((+54.0*+92.0)/+18.0)%+21.0)) = 125.0;
270) ((+88.0++69.0)-(((+40.0*+(+21.0))/+74.0)%+77.0)) = 145.65;
271) ((+57.0++(+80.0))-(((+88.0*+75.0)/+47.0)%+19.0)) = 129.57;
272) ((+40.0++31.0)-(((+10.0*+(+80.0))/+34.0)%+38.0)) = 47.47;
273) ((+93.0++(+26.0))-(((+15.0*+55.0)/+27.0)%+42.0)) = 88.44;
274) ((+7.0++20.0)-(((+93.0*+(+40.0))/+18.0)%+1.0)) = 26.33;
275) ((+15.0++(+2.0))-(((+73.0*+76.0)/+33.0)%+39.0)) = 4.88;
276) ((+82.0++70.0)-(((+79.0*+(+56.0))/+17.0)%+52.0)) = 151.76;
277) ((+28.0++(+48.0))-(((+5.0*+73.0)/+19.0)%+62.0)) = 56.79;
278) ((+81.0++98.0)-(((+22.0*+(+79.0))/+2.0)%+8.0)) = 174.0;
279) ((+43.0++(+48.0))-(((+20.0*+96.0)/+5.0)%+32.0)) = 91.0;
280) ((+16.0++63.0)-(((+93.0*+(+63.0))/+28.0)%+39.0)) = 64.75;
281) ((+59.0++(+15.0))-(((+85.0*+56.0)/+37.0)%+35.0)) = 50.35;
282) ((+20.0++88.0)-(((+69.0*+(+49.0))/+40.0)%+20.0)) = 103.48;
283) ((+26.0++(+77.0))-(((+43.0*+98.0)/+59.0)%+92.0)) = 31.58;
284) ((+50.0++32.0)-(((+71.0*+(+90.0))/+89.0)%+95.0)) = 10.2;
285) ((+59.0++(+66.0))-(((+56.0*+90.0)/+13.0)%+48.0)) = 121.31;
286) ((+63.0++68.0)-(((+60.0*+(+13.0))/+2.0)%+50.0)) = 91.0;
287) ((+88.0++(+22.0))-(((+50.0*+3.0)/+64.0)%+9.0)) = 107.66;
288) ((+50.0++12.0)-(((+2.0*+(+20.0))/+18.0)%+40.0)) = 59.78;
289) ((+64.0++(+76.0))-(((+40.0*+76.0)/+60.0)%+71.0)) = 89.33;
290) ((+1.0++40.0)-(((+10.0*+(+19.0))/+35.0)%+77.0)) = 35.57;
291) ((+44.0++(+42.0))-(((+81.0*+56.0)/+61.0)%+32.0)) = 75.64;
292) ((+60.0++67.0)-(((+60.0*+(+15.0))/+62.0)%+93.0)) = 112.48;
293) ((+41.0++(+34.0))-(((+72.0*+49.0)/+2.0)%+65.0)) = 66.0;
294) ((+56.0++60.0)-(((+37.0*+(+67.0))/+14.0)%+94.0)) = 32.93;
295) ((+48.0++(+67.0))-(((+26.0*+65.0)/+12.0)%+15.0)) = 109.17;
296) ((+58.0++34.0)-(((+8.0*+(+17.0))/+82.0)%+13.0)) = 90.34;
297) ((+72.0++(+81.0))-(((+2.0*+37.0)/+91.0)%+94.0)) = 152.19;
298) ((+62.0++11.0)-(((+27.0*+(+48.0))/+56.0)%+75.0)) = 49.86;
299) ((+3.0++(+88.0))-(((+35.0*+84.0)/+23.0)%+76.0)) = 39.17;
300) ((+91.0++12.0)-(((+14.0*+(+77.0))/+61.0)%+52.0)) = 85.33;
301) ((+3.0++(+93.0))-(((+97.0*+92.0)/+86.0)%+36.0)) = 64.23;
302) ((+31.0++89.0)-(((+57.0*+(+20.0))/+67.0)%+55.0)) = 102.99;
303) ((+67.0++(+36.0))-(((+45.0*+42.0)/+15.0)%+16.0)) = 89.0;
304) ((+3.0++11.0)-(((+92.0*+(+92.0))/+65.0)%+31.0)) = 7.78;
305) ((+82.0++(+68.0))-(((+14.0*+94.0)/+54.0)%+60.0)) = 125.63;
306) ((+4.0++7.0)-(((+61.0*+(+86.0))/+11.0)%+65.0)) = -10.91;
307) ((+50.0++(+16.0))-(((+54.0*+46.0)/+81.0)%+60.0)) = 35.33;
308) ((+68.0++47.0)-(((+8.0*+(+35.0))/+68.0)%+29.0)) = 110.88;
309) ((+74.0++(+34.0))-(((+80.0*+86.0)/+36.0)%+74.0)) = 64.89;
310) ((+50.0++86.0)-(((+41.0*+(+31.0))/+10.0)%+73.0)) = 81.9;
311) ((+49.0++(+5.0))-(((+67.0*+39.0)/+59.0)%+65.0)) = 9.71;
312) ((+68.0++76.0)-(((+65.0*+(+83.0))/+86.0)%+34.0)) = 115.27;
313) ((+80.0++(+13.0))-(((+81.0*+62.0)/+90.0)%+37.0)) = 74.2;
314) +4.0 = 4.0;
315) +0.0 = 0.0;
316) ((+36.0++80.0)-(((+9.0*+(+67.0))/+18.0)%+35.0)) = 82.5;
317) ((+47.0++(+16.0))-(((+19.0*+39.0)/+16.0)%+10.0)) = 56.69;
318) ((+26.0++1.0)-(((+24.0*+(+45.0))/+4.0)%+58.0)) = -11.0;
319) ((+78.0++(+92.0))-(((+96.0*+91.0)/+77.0)%+49.0)) = 154.55;
320) ((+97.0++12.0)-(((+25.0*+(+72.0))/+54.0)%+8.0)) = 107.67;
321) ((+48.0++(+11.0))-(((+20.0*+46.0)/+91.0)%+97.0)) = 48.89;
322) ((+54.0++9.0)-(((+12.0*+(+11.0))/+3.0)%+87.0)) = 19.0;
323) ((+21.0++(+89.0))-(((+86.0*+80.0)/+28.0)%+38.0)) = 92.29;
324) ((+21.0++12.0)-(((+82.0*+(+93.0))/+79.0)%+84.0)) = 20.47;
325) ((+93.0++(+0.0))-(((+93.0*+86.0)/+98.0)%+4.0)) = 91.39;
326) ((+49.0++4.0)-(((+64.0*+(+30.0))/+16.0)%+53.0)) = 39.0;
327) ((+92.0++(+49.0))-(((+90.0*+11.0)/+11.0)%+47.0)) = 98.0;
328) ((+41.0++8.0)-(((+88.0*+(+82.0))/+17.0)%+8.0)) = 48.53;
329) ((+78.0++(+84.0))-(((+82.0*+47.0)/+58.0)%+51.0)) = 146.55;
330) ((+14.0++23.0)-(((+57.0*+(+0.0))/+4.0)%+2.0)) = 37.0;
331) ((+42.0++(+76.0))-(((+60.0*+86.0)/+24.0)%+45.0)) = 83.0;
332) ((+86.0++15.0)-(((+91.0*+(+84.0))/+70.0)%+41.0)) = 73.8;
333) ((+38.0++(+86.0))-(((+57.0*+59.0)/+39.0)%+69.0)) = 106.77;
334) ((+69.0++81.0)-(((+96.0*+(+64.0))/+93.0)%+39.0)) = 122.94;
335) ((+50.0++(+34.0))-(((+95.0*+37.0)/+92.0)%+11.0)) = 78.79;
336) ((+34.0++36.0)-(((+54.0*+(+75.0))/+63.0)%+62.0)) = 67.71;
337) ((+3.0++(+42.0))-(((+73.0*+40.0)/+32.0)%+91.0)) = 44.75;
338) ((+53.0++96.0)-(((+88.0*+(+94.0))/+30.0)%+36.0)) = 125.27;
339) ((+32.0++(+54.0))-(((+81.0*+61.0)/+10.0)%+39.0)) = 59.9;
340) ((+45.0++63.0)-(((+39.0*+(+65.0))/+87.0)%+78.0)) = 78.86;
341) ((+72.0++(+65.0))-(((+32.0*+25.0)/+51.0)%+82.0)) = 121.31;
342) ((+38.0++35.0)-(((+6.0*+(+11.0))/+42.0)%+5.0)) = 71.43;
343) ((+11.0++(+4.0))-(((+44.0*+10.0)/+5.0)%+85.0)) = 12.0;
344) ((+2.0++17.0)-(((+23.0*+(+9.0))/+77.0)%+85.0)) = 16.31;
345) ((+30.0++(+44.0))-(((+27.0*+33.0)/+71.0)%+29.0)) = 61.45;
346) ((+70.0++4.0)-(((+58.0*+(+32.0))/+8.0)%+31.0)) = 59.0;
347) ((+82.0++(+26.0))-(((+50.0*+10.0)/+42.0)%+36.0)) = 96.1;
348) ((+96.0++51.0)-(((+44.0*+(+38.0))/+97.0)%+66.0)) = 129.76;
349) ((+73.0++(+40.0))-(((+40.0*+13.0)/+23.0)%+97.0)) = 90.39;
350) +3.0 = 3.0;
351) (+5.0-+6.0) = -1.0;
352) ((((+1.0-+2.0)-(+3.0*+4.0))+(+9.0%+3.0))-+((+3.0-+((+4.0-+2.0))))) = -14.0;
353) (+((((+5.0*+3.0)*+10.0)/+25.0))%+5.0) = 1.0;
354) ((((+5.0*+3.0)*+10.0)/+25.0)%+5.0) = 1.0;
355) (+6.0-(+3.0%+2.0)) = 5.0;
356) (+((+12.0-+(((+9.0*+5.0)%+6.0))))/+3.0) = 3.0;
357) +((+161.0-+((+14.0-(+((+8.0-+7.0))*+((+6.0-+2.0))))))) = 151.0;
358) ((+0.0*+88.0)++66.0) = 66.0;
359) ((((((+7.0*+7.0)/+7.0)*+8.0)/+8.0)*+9.0)/+9.0) = 7.0;
360) ((((+1.0-+2.0)-(+3.0*+4.0))+(+9.0%+3.0))-+((+3.0-+((+4.0-+2.0))))) = -14.0;
361) (+5.0++3.0) = 8.0;
362) (+5.0-+((+(+3.0)++((((((((+0.0*+10.0)*+16.0)*+19.0)*+12.0)*+17.0)*+18.0)*+11.0))))) = 2.0;
363) ((+272.0-+273.0)-((+8.0*+7.0)*+0.0)) = -1.0;
364) ((+8.0*+((((+6.0*+((+4.0-+6.0)))*+((+((+7.0-+0.0))+(+((+25.0/+5.0))*+((+24.0/+4.0))))))++9.0)))++((+0.0-+0.0))) = -3480.0;
365) ((+5.0%+(((+91.0%+8.0)-(+5.0%+2.0))))+(+7.0%+((+6.0*+8.0)))) = 8.0;
366) ((((((((((((((+7.0-+6.0)-+5.0)-+4.0)-+3.0)-+2.0)-+1.0)-+0.0)++1.0)++2.0)++3.0)++4.0)++5.0)++6.0)++7.0) = 14.0;
367) ((+99.0/+22.0)+(+2200.0/+8800.0)) = 4.75;
368) (+((+(+88.0)-+((+22.0++11.0))))/+11.0) = 5.0;
369) (+0.0-+0.0) = 0.0;
370) +5.0 = 5.0;
371) +2.0 = 2.0;
372) +0.0 = 0.0;
373) +3.0 = 3.0;
374) +5.0 = 5.0;
375) +2.0 = 2.0;
376) +0.0 = 0.0;
377) (+33.0++3.0) = 36.0;
378) +5.0 = 5.0;
379) +2.0 = 2.0;
380) +0.0 = 0.0;
381) +3.0 = 3.0;
382) ((+29.0++(+83.0))-(((+32.0*+93.0)/+60.0)%+51.0)) = 62.4;
383) ((+52.0++89.0)-(((+40.0*+(+49.0))/+6.0)%+12.0)) = 138.33;
384) (((((+24.0++(+5.0))-(((+94.0*+57.0)/+45.0)%+12.0))-+33.0)++21.0)-(((+25.0*+(+35.0))/+39.0)%+17.0)) = 0.5;
385) ((+29.0++(+23.0))-(((+64.0*+67.0)/+22.0)%+21.0)) = 46.09;
386) ((+4.0++82.0)-(((+74.0*+(+79.0))/+3.0)%+8.0)) = 81.33;
387) (((((+95.0++(+69.0))-(((+32.0*+31.0)/+90.0)%+56.0))++17.0)++89.0)-(((+28.0*+(+15.0))/+94.0)%+93.0)) = 254.51;
388) (((((+13.0++(+23.0))-(((+33.0*+92.0)/+54.0)%+1.0))++4.0)++61.0)-(((+26.0*+(+46.0))/+46.0)%+62.0)) = 74.78;
389) ((((+66.0++(+84.0))-((((+38.0*+4.0)/+25.0)%+60.0)*+57.0))++1.0)-(((+75.0*+(+27.0))/+42.0)%+28.0)) = -215.77;
390) ((+83.0++(+4.0))-(((+42.0*+76.0)/+1.0)%+47.0)) = 44.0;
391) ((+89.0++48.0)-(((+92.0*+(+11.0))/+67.0)%+92.0)) = 121.9;
392) (((((+82.0++(+46.0))-(((+16.0*+10.0)/+46.0)%+43.0))-+3.0)++70.0)-(((+96.0*+(+35.0))/+39.0)%+84.0)) = 189.37;
393) ((+61.0++(+79.0))-(((+81.0*+30.0)/+15.0)%+41.0)) = 101.0;
394) ((+86.0++9.0)-(((+14.0*+(+48.0))/+71.0)%+33.0)) = 85.54;
395) (((((+30.0++(+39.0))-(((+39.0*+70.0)/+34.0)%+79.0))++41.0)++44.0)-(((+35.0*+(+82.0))/+78.0)%+17.0)) = 149.91;
396) (((((+5.0++(+59.0))-(((+74.0*+5.0)/+4.0)%+45.0))++56.0)++49.0)-(((+66.0*+(+20.0))/+79.0)%+1.0)) = 165.79;
397) ((((+56.0++(+55.0))-((((+39.0*+13.0)/+69.0)%+12.0)*+65.0))++88.0)-(((+78.0*+(+84.0))/+33.0)%+83.0)) = -311.15;
398) ((+76.0++(+55.0))-(((+64.0*+10.0)/+9.0)%+59.0)) = 118.89;
399) ((+47.0++13.0)-(((+50.0*+(+42.0))/+77.0)%+40.0)) = 32.73;
400) (((((+34.0++(+56.0))-(((+9.0*+58.0)/+91.0)%+90.0))-+21.0)++7.0)-(((+54.0*+(+69.0))/+50.0)%+28.0)) = 51.74;
401) ((+5.0++(+43.0))-(((+72.0*+74.0)/+61.0)%+70.0)) = 30.66;
402) ((+70.0++8.0)-(((+46.0*+(+66.0))/+56.0)%+78.0)) = 23.79;
403) (((((+79.0++(+11.0))-(((+46.0*+80.0)/+10.0)%+33.0))++44.0)++50.0)-(((+7.0*+(+81.0))/+3.0)%+69.0)) = 128.0;
404) (((((+90.0++(+7.0))-(((+30.0*+68.0)/+48.0)%+79.0))++77.0)++85.0)-(((+9.0*+(+97.0))/+15.0)%+53.0)) = 211.3;
405) ((((+23.0++(+42.0))-((((+74.0*+93.0)/+21.0)%+7.0)*+21.0))++26.0)-(((+34.0*+(+56.0))/+79.0)%+3.0)) = -29.1;
406) ((+12.0++(+90.0))-(((+81.0*+44.0)/+43.0)%+53.0)) = 72.12;
407) ((+77.0++53.0)-(((+71.0*+(+10.0))/+55.0)%+59.0)) = 117.09;
408) (((((+91.0++(+77.0))-(((+85.0*+96.0)/+51.0)%+47.0))-+90.0)++7.0)-(((+34.0*+(+55.0))/+90.0)%+65.0)) = 45.22;
409) ((+79.0++(+49.0))-(((+90.0*+19.0)/+50.0)%+6.0)) = 123.8;
410) ((+88.0++88.0)-(((+21.0*+(+21.0))/+66.0)%+67.0)) = 169.32;
411) (((((+39.0++(+76.0))-(((+65.0*+96.0)/+92.0)%+68.0))++70.0)++55.0)-(((+17.0*+(+89.0))/+71.0)%+27.0)) = 150.86;
412) (((((+44.0++(+75.0))-(((+10.0*+68.0)/+89.0)%+68.0))++29.0)++98.0)-(((+4.0*+(+85.0))/+58.0)%+59.0)) = 232.5;
413) ((((+48.0++(+97.0))-((((+54.0*+3.0)/+79.0)%+51.0)*+22.0))++11.0)-(((+27.0*+(+6.0))/+96.0)%+96.0)) = 109.2;
414) ((+96.0++(+33.0))-(((+60.0*+2.0)/+52.0)%+19.0)) = 126.69;
415) ((+55.0++80.0)-(((+10.0*+(+80.0))/+21.0)%+77.0)) = 96.9;
416) (((((+88.0++(+15.0))-(((+36.0*+28.0)/+61.0)%+95.0))-+41.0)++55.0)-(((+8.0*+(+97.0))/+86.0)%+15.0)) = 91.45;
417) ((+64.0++(+9.0))-(((+0.0*+36.0)/+36.0)%+77.0)) = 73.0;
418) ((+7.0++43.0)-(((+31.0*+(+26.0))/+2.0)%+20.0)) = 47.0;
419) (((((+98.0++(+23.0))-(((+4.0*+31.0)/+15.0)%+15.0))++88.0)++37.0)-(((+10.0*+(+49.0))/+98.0)%+82.0)) = 232.73;
420) (((((+39.0++(+6.0))-(((+3.0*+59.0)/+64.0)%+59.0))++16.0)++0.0)-(((+97.0*+(+94.0))/+34.0)%+46.0)) = 20.06;
421) ((((+54.0++(+25.0))-((((+37.0*+64.0)/+16.0)%+38.0)*+5.0))++22.0)-(((+27.0*+(+93.0))/+2.0)%+35.0)) = -99.5;
422) ((+8.0++(+23.0))-(((+68.0*+78.0)/+34.0)%+64.0)) = 3.0;
423) ((+0.0++85.0)-(((+38.0*+(+19.0))/+63.0)%+2.0)) = 83.54;
424) (((((+52.0++(+52.0))-(((+75.0*+81.0)/+9.0)%+77.0))-+2.0)++87.0)-(((+2.0*+(+15.0))/+6.0)%+72.0)) = 125.0;
425) ((+66.0++(+14.0))-(((+0.0*+54.0)/+85.0)%+97.0)) = 80.0;
426) ((+22.0++64.0)-(((+70.0*+(+94.0))/+64.0)%+55.0)) = 38.19;
427) (((((+41.0++(+66.0))-(((+65.0*+79.0)/+6.0)%+24.0))++17.0)++17.0)-(((+15.0*+(+52.0))/+66.0)%+18.0)) = 113.35;
428) (((((+63.0++(+33.0))-(((+69.0*+0.0)/+46.0)%+12.0))++29.0)++3.0)-(((+70.0*+(+51.0))/+66.0)%+97.0)) = 73.91;
429) ((((+2.0++(+23.0))-((((+78.0*+86.0)/+86.0)%+94.0)*+45.0))++50.0)-(((+68.0*+(+33.0))/+97.0)%+36.0)) = -3458.13;
430) ((+56.0++(+65.0))-(((+55.0*+10.0)/+46.0)%+9.0)) = 118.04;
431) ((+33.0++11.0)-(((+76.0*+(+75.0))/+44.0)%+65.0)) = -20.55;
432) (((((+84.0++(+1.0))-(((+45.0*+3.0)/+27.0)%+36.0))-+20.0)++34.0)-(((+44.0*+(+45.0))/+21.0)%+38.0)) = 75.71;
433) ((+88.0++(+78.0))-(((+86.0*+51.0)/+66.0)%+26.0)) = 151.55;
434) ((+37.0++4.0)-(((+75.0*+(+1.0))/+47.0)%+64.0)) = 39.4;
435) (((((+4.0++(+65.0))-(((+53.0*+20.0)/+75.0)%+29.0))++85.0)++78.0)-(((+3.0*+(+71.0))/+76.0)%+40.0)) = 215.06;
436) (((((+34.0++(+12.0))-(((+30.0*+9.0)/+52.0)%+15.0))++41.0)++96.0)-(((+76.0*+(+58.0))/+74.0)%+56.0)) = 174.24;
437) ((((+64.0++(+39.0))-((((+80.0*+97.0)/+86.0)%+78.0)*+92.0))++73.0)-(((+54.0*+(+91.0))/+42.0)%+14.0)) = -954.4;
438) ((+53.0++(+1.0))-(((+73.0*+81.0)/+98.0)%+25.0)) = 43.66;
439) ((+53.0++54.0)-(((+45.0*+(+67.0))/+22.0)%+70.0)) = 39.95;
440) (((((+17.0++(+43.0))-(((+86.0*+90.0)/+60.0)%+57.0))-+31.0)++90.0)-(((+53.0*+(+57.0))/+42.0)%+78.0)) = 32.07;
441) ((+61.0++(+56.0))-(((+91.0*+23.0)/+41.0)%+71.0)) = 65.95;
442) ((+12.0++62.0)-(((+64.0*+(+51.0))/+13.0)%+53.0)) = 34.92;
443) (((((+14.0++(+17.0))-(((+18.0*+79.0)/+81.0)%+17.0))++12.0)++85.0)-(((+26.0*+(+14.0))/+91.0)%+11.0)) = 123.44;
444) (((((+72.0++(+1.0))-(((+98.0*+4.0)/+7.0)%+21.0))++77.0)++16.0)-(((+81.0*+(+21.0))/+56.0)%+31.0)) = 121.62;
445) ((((+88.0++(+20.0))-((((+71.0*+45.0)/+94.0)%+16.0)*+52.0))++57.0)-(((+43.0*+(+52.0))/+13.0)%+59.0)) = 7.55;
446) ((+7.0++(+52.0))-(((+12.0*+18.0)/+50.0)%+29.0)) = 54.68;
447) ((+40.0++37.0)-(((+22.0*+(+54.0))/+82.0)%+34.0)) = 62.51;
448) (((((+68.0++(+15.0))-(((+40.0*+70.0)/+65.0)%+13.0))-+59.0)++93.0)-(((+52.0*+(+71.0))/+49.0)%+12.0)) = 109.58;
449) ((+43.0++(+54.0))-(((+1.0*+79.0)/+5.0)%+64.0)) = 81.2;
450) ((+37.0++8.0)-(((+53.0*+(+79.0))/+40.0)%+85.0)) = 25.33;
451) (((((+2.0++(+59.0))-(((+12.0*+41.0)/+76.0)%+78.0))++84.0)++60.0)-(((+54.0*+(+10.0))/+68.0)%+70.0)) = 190.59;
452) (((((+0.0++(+13.0))-(((+92.0*+91.0)/+91.0)%+35.0))++97.0)++68.0)-(((+18.0*+(+79.0))/+35.0)%+58.0)) = 115.37;
453) ((((+49.0++(+9.0))-((((+85.0*+30.0)/+46.0)%+50.0)*+65.0))++41.0)-(((+22.0*+(+22.0))/+21.0)%+95.0)) = -277.31;
454) ((+50.0++(+60.0))-(((+75.0*+91.0)/+29.0)%+8.0)) = 106.66;
455) ((+18.0++11.0)-(((+1.0*+(+63.0))/+75.0)%+29.0)) = 28.16;
456) (((((+42.0++(+83.0))-(((+36.0*+38.0)/+47.0)%+84.0))-+61.0)++15.0)-(((+66.0*+(+76.0))/+41.0)%+8.0)) = 47.55;
457) ((+83.0++(+79.0))-(((+38.0*+98.0)/+68.0)%+69.0)) = 107.24;
458) ((+80.0++12.0)-(((+95.0*+(+35.0))/+23.0)%+87.0)) = 34.43;
459) (((((+57.0++(+45.0))-(((+26.0*+80.0)/+65.0)%+91.0))++80.0)++0.0)-(((+29.0*+(+31.0))/+49.0)%+34.0)) = 131.65;
460) (((((+6.0++(+27.0))-(((+59.0*+5.0)/+53.0)%+27.0))++81.0)++15.0)-(((+54.0*+(+57.0))/+10.0)%+98.0)) = 109.63;
461) ((((+25.0++(+34.0))-((((+50.0*+32.0)/+93.0)%+21.0)*+88.0))++7.0)-(((+93.0*+(+81.0))/+40.0)%+85.0)) = -1466.3;
462) ((+57.0++(+69.0))-(((+50.0*+37.0)/+7.0)%+47.0)) = 96.71;
463) ((+28.0++8.0)-(((+68.0*+(+60.0))/+64.0)%+78.0)) = -27.75;
464) (((((+11.0++(+50.0))-(((+18.0*+15.0)/+97.0)%+51.0))-+5.0)++13.0)-(((+57.0*+(+59.0))/+26.0)%+14.0)) = 62.87;
465) ((+56.0++(+42.0))-(((+73.0*+57.0)/+90.0)%+83.0)) = 51.77;
466) ((+96.0++74.0)-(((+15.0*+(+26.0))/+95.0)%+34.0)) = 165.89;
467) (((((+56.0++(+20.0))-(((+72.0*+74.0)/+67.0)%+83.0))++88.0)++72.0)-(((+11.0*+(+74.0))/+73.0)%+35.0)) = 145.33;
468) (((((+55.0++(+62.0))-(((+87.0*+2.0)/+31.0)%+94.0))++10.0)++14.0)-(((+83.0*+(+50.0))/+89.0)%+33.0)) = 121.76;
469) ((((+46.0++(+82.0))-((((+18.0*+48.0)/+3.0)%+61.0)*+37.0))++41.0)-(((+97.0*+(+22.0))/+94.0)%+39.0)) = -1481.7;
470) ((+2.0++(+12.0))-(((+34.0*+15.0)/+11.0)%+7.0)) = 9.64;
471) ((+79.0++27.0)-(((+68.0*+(+1.0))/+63.0)%+3.0)) = 104.92;
472) (((((+12.0++(+44.0))-(((+86.0*+47.0)/+9.0)%+53.0))-+52.0)++30.0)-(((+40.0*+(+37.0))/+78.0)%+85.0)) = -10.09;
473) ((+16.0++(+29.0))-(((+51.0*+40.0)/+32.0)%+1.0)) = 44.25;
474) ((+89.0++4.0)-(((+69.0*+(+29.0))/+79.0)%+35.0)) = 67.67;
475) (((((+18.0++(+93.0))-(((+27.0*+96.0)/+82.0)%+72.0))++4.0)++14.0)-(((+27.0*+(+1.0))/+82.0)%+38.0)) = 97.06;
476) (((((+6.0++(+83.0))-(((+75.0*+4.0)/+1.0)%+10.0))++78.0)++44.0)-(((+62.0*+(+6.0))/+30.0)%+38.0)) = 198.6;
477) ((((+63.0++(+41.0))-((((+61.0*+10.0)/+76.0)%+25.0)*+15.0))++40.0)-(((+47.0*+(+44.0))/+28.0)%+76.0)) = -50.25;
478) ((+6.0++(+92.0))-(((+29.0*+64.0)/+67.0)%+32.0)) = 70.3;
479) ((+3.0++28.0)-(((+81.0*+(+59.0))/+10.0)%+73.0)) = -8.9;
480) (((((+85.0++(+37.0))-(((+94.0*+18.0)/+7.0)%+74.0))-+96.0)++19.0)-(((+19.0*+(+68.0))/+80.0)%+51.0)) = 9.14;
481) ((+14.0++(+63.0))-(((+86.0*+85.0)/+38.0)%+89.0)) = 62.63;
482) ((+15.0++0.0)-(((+65.0*+(+26.0))/+25.0)%+22.0)) = 13.4;
483) (((((+12.0++(+39.0))-(((+58.0*+70.0)/+61.0)%+67.0))++80.0)++71.0)-(((+51.0*+(+5.0))/+43.0)%+85.0)) = 129.51;
484) (((((+59.0++(+89.0))-(((+86.0*+86.0)/+1.0)%+25.0))++12.0)++4.0)-(((+41.0*+(+22.0))/+80.0)%+37.0)) = 131.72;
485) ((((+51.0++(+91.0))-((((+16.0*+31.0)/+6.0)%+20.0)*+94.0))++96.0)-(((+96.0*+(+3.0))/+83.0)%+8.0)) = -16.14;
486) ((+43.0++(+60.0))-(((+23.0*+59.0)/+12.0)%+18.0)) = 97.92;
487) ((+57.0++0.0)-(((+75.0*+(+70.0))/+52.0)%+61.0)) = 17.04;
488) (((((+54.0++(+2.0))-(((+6.0*+15.0)/+55.0)%+92.0))-+48.0)++34.0)-(((+93.0*+(+42.0))/+64.0)%+34.0)) = 13.33;
489) ((+84.0++(+34.0))-(((+4.0*+31.0)/+15.0)%+58.0)) = 109.73;
490) ((+67.0++43.0)-(((+18.0*+(+50.0))/+36.0)%+83.0)) = 85.0;
491) (((((+23.0++(+27.0))-(((+15.0*+23.0)/+7.0)%+80.0))++10.0)++4.0)-(((+11.0*+(+78.0))/+72.0)%+71.0)) = 2.8;
492) (((((+14.0++(+44.0))-(((+89.0*+54.0)/+52.0)%+72.0))++27.0)++76.0)-(((+44.0*+(+76.0))/+46.0)%+59.0)) = 126.88;
493) ((((+57.0++(+38.0))-((((+9.0*+58.0)/+62.0)%+33.0)*+28.0))++22.0)-(((+39.0*+(+60.0))/+76.0)%+25.0)) = -124.53;
494) ((+5.0++(+67.0))-(((+76.0*+51.0)/+83.0)%+39.0)) = 64.3;
495) ((+91.0++40.0)-(((+66.0*+(+60.0))/+8.0)%+17.0)) = 129.0;
496) (((((+78.0++(+72.0))-(((+9.0*+74.0)/+68.0)%+31.0))-+12.0)++64.0)-(((+82.0*+(+81.0))/+71.0)%+66.0)) = 164.66;
497) ((+31.0++(+30.0))-(((+44.0*+45.0)/+6.0)%+46.0)) = 53.0;
498) ((+44.0++50.0)-(((+66.0*+(+77.0))/+65.0)%+79.0)) = 15.82;
499) (((((+50.0++(+23.0))-(((+34.0*+46.0)/+82.0)%+88.0))++9.0)++43.0)-(((+7.0*+(+46.0))/+50.0)%+53.0)) = 99.49;
500) (((((+82.0++(+71.0))-(((+67.0*+65.0)/+92.0)%+51.0))++69.0)++46.0)-(((+97.0*+(+46.0))/+97.0)%+38.0)) = 212.66;
501) ((((+82.0++(+45.0))-((((+39.0*+13.0)/+21.0)%+65.0)*+97.0))++17.0)-(((+7.0*+(+67.0))/+40.0)%+42.0)) = -2209.58;
502) ((+96.0++(+25.0))-(((+31.0*+88.0)/+41.0)%+36.0)) = 90.46;
503) ((+30.0++20.0)-(((+94.0*+(+62.0))/+48.0)%+70.0)) = -1.42;
504) (((((+23.0++(+48.0))-(((+4.0*+39.0)/+28.0)%+51.0))-+76.0)++33.0)-(((+54.0*+(+41.0))/+45.0)%+78.0)) = -26.77;
505) ((+88.0++(+65.0))-(((+20.0*+0.0)/+40.0)%+64.0)) = 153.0;
506) ((+42.0++95.0)-(((+48.0*+(+18.0))/+45.0)%+17.0)) = 134.8;
507) (((((+64.0++(+66.0))-(((+98.0*+11.0)/+23.0)%+92.0))++26.0)++67.0)-(((+58.0*+(+75.0))/+39.0)%+82.0)) = 146.59;
508) (((((+12.0++(+16.0))-(((+86.0*+55.0)/+56.0)%+82.0))++91.0)++59.0)-(((+48.0*+(+97.0))/+23.0)%+65.0)) = 168.1;
509) ((((+29.0++(+45.0))-((((+27.0*+53.0)/+33.0)%+44.0)*+40.0))++42.0)-(((+48.0*+(+77.0))/+61.0)%+45.0)) = -1634.14;
510) ((+84.0++(+3.0))-(((+27.0*+38.0)/+91.0)%+1.0)) = 86.73;
511) ((+87.0++11.0)-(((+61.0*+(+20.0))/+36.0)%+40.0)) = 64.11;
512) (((((+74.0++(+39.0))-(((+32.0*+52.0)/+53.0)%+74.0))-+3.0)++23.0)-(((+52.0*+(+39.0))/+88.0)%+93.0)) = 78.56;
513) ((+87.0++(+43.0))-(((+35.0*+41.0)/+18.0)%+35.0)) = 120.28;
514) ((+84.0++47.0)-(((+53.0*+(+7.0))/+72.0)%+15.0)) = 125.85;
515) (((((+92.0++(+52.0))-(((+49.0*+62.0)/+69.0)%+76.0))++66.0)++25.0)-(((+18.0*+(+56.0))/+35.0)%+73.0)) = 162.17;
516) (((((+68.0++(+46.0))-(((+64.0*+33.0)/+19.0)%+24.0))++77.0)++43.0)-(((+37.0*+(+0.0))/+23.0)%+46.0)) = 218.84;
517) ((((+56.0++(+16.0))-((((+91.0*+88.0)/+82.0)%+59.0)*+48.0))++72.0)-(((+50.0*+(+6.0))/+47.0)%+95.0)) = -1717.99;
518) ((+18.0++(+39.0))-(((+18.0*+38.0)/+55.0)%+53.0)) = 44.56;
519) ((+96.0++66.0)-(((+2.0*+(+78.0))/+39.0)%+90.0)) = 158.0;
520) (((((+2.0++(+33.0))-(((+88.0*+46.0)/+36.0)%+12.0))-+70.0)++86.0)-(((+36.0*+(+87.0))/+19.0)%+11.0)) = 35.71;
521) ((+26.0++(+30.0))-(((+8.0*+92.0)/+51.0)%+47.0)) = 41.57;
522) ((+97.0++87.0)-(((+46.0*+(+94.0))/+79.0)%+77.0)) = 129.27;
523) (((((+33.0++(+5.0))-(((+82.0*+79.0)/+38.0)%+44.0))++16.0)++42.0)-(((+74.0*+(+90.0))/+87.0)%+77.0)) = -19.03;
524) (((((+10.0++(+74.0))-(((+45.0*+40.0)/+45.0)%+58.0))++30.0)++72.0)-(((+48.0*+(+28.0))/+68.0)%+97.0)) = 126.24;
525) ((((+15.0++(+74.0))-((((+86.0*+83.0)/+9.0)%+82.0)*+63.0))++2.0)-(((+47.0*+(+5.0))/+79.0)%+41.0)) = -3383.97;
526) ((+87.0++(+45.0))-(((+84.0*+58.0)/+17.0)%+74.0)) = 67.41;
527) ((+38.0++97.0)-(((+4.0*+(+0.0))/+32.0)%+85.0)) = 135.0;
528) (((((+44.0++(+11.0))-(((+86.0*+79.0)/+25.0)%+94.0))-+90.0)++12.0)-(((+26.0*+(+6.0))/+53.0)%+11.0)) = -109.7;
529) ((+71.0++(+98.0))-(((+58.0*+75.0)/+96.0)%+46.0)) = 123.69;
530) ((+35.0++50.0)-(((+65.0*+(+16.0))/+53.0)%+68.0)) = 65.38;
531) (((((+35.0++(+92.0))-(((+30.0*+71.0)/+53.0)%+10.0))++26.0)++27.0)-(((+44.0*+(+93.0))/+73.0)%+39.0)) = 162.76;
532) (((((+10.0++(+3.0))-(((+28.0*+82.0)/+80.0)%+67.0))++15.0)++68.0)-(((+62.0*+(+62.0))/+41.0)%+49.0)) = 22.54;
533) ((((+66.0++(+71.0))-((((+27.0*+36.0)/+76.0)%+7.0)*+49.0))++16.0)-(((+93.0*+(+49.0))/+38.0)%+29.0)) = -134.61;
534) ((+4.0++(+0.0))-(((+49.0*+35.0)/+43.0)%+26.0)) = -9.88;
535) ((+77.0++87.0)-(((+26.0*+(+43.0))/+12.0)%+14.0)) = 154.83;
536) (((((+77.0++(+51.0))-(((+54.0*+92.0)/+18.0)%+21.0))-+88.0)++69.0)-(((+40.0*+(+21.0))/+74.0)%+77.0)) = 94.65;
537) ((+57.0++(+80.0))-(((+88.0*+75.0)/+47.0)%+19.0)) = 129.57;
538) ((+40.0++31.0)-(((+10.0*+(+80.0))/+34.0)%+38.0)) = 47.47;
539) (((((+93.0++(+26.0))-(((+15.0*+55.0)/+27.0)%+42.0))++7.0)++20.0)-(((+93.0*+(+40.0))/+18.0)%+1.0)) = 114.78;
540) (((((+15.0++(+2.0))-(((+73.0*+76.0)/+33.0)%+39.0))++82.0)++70.0)-(((+79.0*+(+56.0))/+17.0)%+52.0)) = 156.64;
541) ((((+28.0++(+48.0))-((((+5.0*+73.0)/+19.0)%+62.0)*+81.0))++98.0)-(((+22.0*+(+79.0))/+2.0)%+8.0)) = -1387.05;
542) ((+43.0++(+48.0))-(((+20.0*+96.0)/+5.0)%+32.0)) = 91.0;
543) ((+16.0++63.0)-(((+93.0*+(+63.0))/+28.0)%+39.0)) = 64.75;
544) (((((+59.0++(+15.0))-(((+85.0*+56.0)/+37.0)%+35.0))-+20.0)++88.0)-(((+69.0*+(+49.0))/+40.0)%+20.0)) = 113.83;
545) ((+26.0++(+77.0))-(((+43.0*+98.0)/+59.0)%+92.0)) = 31.58;
546) ((+50.0++32.0)-(((+71.0*+(+90.0))/+89.0)%+95.0)) = 10.2;
547) (((((+59.0++(+66.0))-(((+56.0*+90.0)/+13.0)%+48.0))++63.0)++68.0)-(((+60.0*+(+13.0))/+2.0)%+50.0)) = 212.31;
548) (((((+88.0++(+22.0))-(((+50.0*+3.0)/+64.0)%+9.0))++50.0)++12.0)-(((+2.0*+(+20.0))/+18.0)%+40.0)) = 167.43;
549) ((((+64.0++(+76.0))-((((+40.0*+76.0)/+60.0)%+71.0)*+1.0))++40.0)-(((+10.0*+(+19.0))/+35.0)%+77.0)) = 123.9;
550) ((+44.0++(+42.0))-(((+81.0*+56.0)/+61.0)%+32.0)) = 75.64;
551) ((+60.0++67.0)-(((+60.0*+(+15.0))/+62.0)%+93.0)) = 112.48;
552) (((((+41.0++(+34.0))-(((+72.0*+49.0)/+2.0)%+65.0))-+56.0)++60.0)-(((+37.0*+(+67.0))/+14.0)%+94.0)) = -13.07;
553) ((+48.0++(+67.0))-(((+26.0*+65.0)/+12.0)%+15.0)) = 109.17;
554) ((+58.0++34.0)-(((+8.0*+(+17.0))/+82.0)%+13.0)) = 90.34;
555) (((((+72.0++(+81.0))-(((+2.0*+37.0)/+91.0)%+94.0))++62.0)++11.0)-(((+27.0*+(+48.0))/+56.0)%+75.0)) = 202.04;
556) (((((+3.0++(+88.0))-(((+35.0*+84.0)/+23.0)%+76.0))++91.0)++12.0)-(((+14.0*+(+77.0))/+61.0)%+52.0)) = 124.5;
557) ((((+3.0++(+93.0))-((((+97.0*+92.0)/+86.0)%+36.0)*+31.0))++89.0)-(((+57.0*+(+20.0))/+67.0)%+55.0)) = -816.81;
558) ((+67.0++(+36.0))-(((+45.0*+42.0)/+15.0)%+16.0)) = 89.0;
559) ((+3.0++11.0)-(((+92.0*+(+92.0))/+65.0)%+31.0)) = 7.78;
560) (((((+82.0++(+68.0))-(((+14.0*+94.0)/+54.0)%+60.0))-+4.0)++7.0)-(((+61.0*+(+86.0))/+11.0)%+65.0)) = 106.72;
561) ((+50.0++(+16.0))-(((+54.0*+46.0)/+81.0)%+60.0)) = 35.33;
562) ((+68.0++47.0)-(((+8.0*+(+35.0))/+68.0)%+29.0)) = 110.88;
563) (((((+74.0++(+34.0))-(((+80.0*+86.0)/+36.0)%+74.0))++50.0)++86.0)-(((+41.0*+(+31.0))/+10.0)%+73.0)) = 146.79;
564) (((((+49.0++(+5.0))-(((+67.0*+39.0)/+59.0)%+65.0))++68.0)++76.0)-(((+65.0*+(+83.0))/+86.0)%+34.0)) = 124.98;
565) ((((+80.0++(+13.0))-((((+81.0*+62.0)/+90.0)%+37.0)*+36.0))++80.0)-(((+9.0*+(+67.0))/+18.0)%+35.0)) = -537.3;
566) ((+47.0++(+16.0))-(((+19.0*+39.0)/+16.0)%+10.0)) = 56.69;
567) ((+26.0++1.0)-(((+24.0*+(+45.0))/+4.0)%+58.0)) = -11.0;
568) (((((+78.0++(+92.0))-(((+96.0*+91.0)/+77.0)%+49.0))-+97.0)++12.0)-(((+25.0*+(+72.0))/+54.0)%+8.0)) = 68.21;
569) ((+48.0++(+11.0))-(((+20.0*+46.0)/+91.0)%+97.0)) = 48.89;
570) ((+54.0++9.0)-(((+12.0*+(+11.0))/+3.0)%+87.0)) = 19.0;
571) (((((+21.0++(+89.0))-(((+86.0*+80.0)/+28.0)%+38.0))++21.0)++12.0)-(((+82.0*+(+93.0))/+79.0)%+84.0)) = 112.75;
572) (((((+93.0++(+0.0))-(((+93.0*+86.0)/+98.0)%+4.0))++49.0)++4.0)-(((+64.0*+(+30.0))/+16.0)%+53.0)) = 130.39;
573) ((((+92.0++(+49.0))-((((+90.0*+11.0)/+11.0)%+47.0)*+41.0))++8.0)-(((+88.0*+(+82.0))/+17.0)%+8.0)) = -1614.47;
574) ((+78.0++(+84.0))-(((+82.0*+47.0)/+58.0)%+51.0)) = 146.55;
575) ((+14.0++23.0)-(((+57.0*+(+0.0))/+4.0)%+2.0)) = 37.0;
576) (((((+42.0++(+76.0))-(((+60.0*+86.0)/+24.0)%+45.0))-+86.0)++15.0)-(((+91.0*+(+84.0))/+70.0)%+41.0)) = -15.2;
577) ((+38.0++(+86.0))-(((+57.0*+59.0)/+39.0)%+69.0)) = 106.77;
578) ((+69.0++81.0)-(((+96.0*+(+64.0))/+93.0)%+39.0)) = 122.94;
579) (((((+50.0++(+34.0))-(((+95.0*+37.0)/+92.0)%+11.0))++34.0)++36.0)-(((+54.0*+(+75.0))/+63.0)%+62.0)) = 146.51;
580) (((((+3.0++(+42.0))-(((+73.0*+40.0)/+32.0)%+91.0))++53.0)++96.0)-(((+88.0*+(+94.0))/+30.0)%+36.0)) = 170.02;
581) ((((+32.0++(+54.0))-((((+81.0*+61.0)/+10.0)%+39.0)*+45.0))++63.0)-(((+39.0*+(+65.0))/+87.0)%+78.0)) = -1054.64;
582) ((+72.0++(+65.0))-(((+32.0*+25.0)/+51.0)%+82.0)) = 121.31;
583) ((+38.0++35.0)-(((+6.0*+(+11.0))/+42.0)%+5.0)) = 71.43;
584) (((((+11.0++(+4.0))-(((+44.0*+10.0)/+5.0)%+85.0))-+2.0)++17.0)-(((+23.0*+(+9.0))/+77.0)%+85.0)) = 24.31;
585) ((+30.0++(+44.0))-(((+27.0*+33.0)/+71.0)%+29.0)) = 61.45;
586) ((+70.0++4.0)-(((+58.0*+(+32.0))/+8.0)%+31.0)) = 59.0;
587) (((((+82.0++(+26.0))-(((+50.0*+10.0)/+42.0)%+36.0))++96.0)++51.0)-(((+44.0*+(+38.0))/+97.0)%+66.0)) = 225.86;
588) (((((+73.0++(+40.0))-(((+40.0*+13.0)/+23.0)%+97.0))++10.0)++98.0)-(((+22.0*+(+52.0))/+32.0)%+10.0)) = 192.64;
589) ((((+49.0++(+61.0))-((((+44.0*+92.0)/+52.0)%+93.0)*+8.0))++21.0)-(((+46.0*+(+84.0))/+74.0)%+71.0)) = -543.99;
590) ((+9.0++(+97.0))-(((+60.0*+58.0)/+7.0)%+63.0)) = 49.86;
591) ((+49.0++58.0)-(((+32.0*+(+20.0))/+16.0)%+42.0)) = 67.0;
592) (((((+50.0++(+43.0))-(((+16.0*+74.0)/+37.0)%+47.0))-+40.0)++95.0)-(((+45.0*+(+46.0))/+32.0)%+11.0)) = 106.31;
593) ((+14.0++(+54.0))-(((+6.0*+35.0)/+98.0)%+98.0)) = 65.86;
594) ((+29.0++14.0)-(((+63.0*+(+55.0))/+52.0)%+31.0)) = 38.37;
595) (((((+19.0++(+87.0))-(((+34.0*+45.0)/+89.0)%+34.0))++86.0)++19.0)-(((+64.0*+(+89.0))/+61.0)%+6.0)) = 190.43;
596) (((((+47.0++(+93.0))-(((+55.0*+77.0)/+65.0)%+39.0))++52.0)++45.0)-(((+76.0*+(+6.0))/+72.0)%+87.0)) = 204.51;
597) ((((+15.0++(+56.0))-((((+15.0*+95.0)/+14.0)%+36.0)*+74.0))++63.0)-(((+51.0*+(+85.0))/+18.0)%+90.0)) = -2130.98;
598) ((+69.0++(+66.0))-(((+63.0*+13.0)/+31.0)%+91.0)) = 108.58;
599) ((+38.0++21.0)-(((+52.0*+(+98.0))/+39.0)%+30.0)) = 48.33;
600) (((((+28.0++(+75.0))-(((+61.0*+91.0)/+85.0)%+61.0))-+84.0)++34.0)-(((+28.0*+(+10.0))/+35.0)%+28.0)) = 40.69;
601) ((+60.0++(+58.0))-(((+15.0*+16.0)/+43.0)%+89.0)) = 112.42;
602) ((+46.0++57.0)-(((+56.0*+(+72.0))/+27.0)%+98.0)) = 51.67;
603) (((((+6.0++(+59.0))-(((+89.0*+46.0)/+36.0)%+14.0))++6.0)++74.0)-(((+52.0*+(+32.0))/+58.0)%+48.0)) = 114.59;
604) (((((+72.0++(+81.0))-(((+29.0*+13.0)/+14.0)%+1.0))++47.0)++14.0)-(((+94.0*+(+89.0))/+5.0)%+11.0)) = 211.87;
605) ((((+67.0++(+26.0))-((((+37.0*+72.0)/+75.0)%+34.0)*+39.0))++38.0)-(((+43.0*+(+44.0))/+54.0)%+40.0)) = 36.68;
606) ((+54.0++(+11.0))-(((+59.0*+92.0)/+86.0)%+3.0)) = 64.88;
607) ((+30.0++3.0)-(((+38.0*+(+55.0))/+67.0)%+37.0)) = 1.81;
608) (((((+74.0++(+66.0))-(((+43.0*+64.0)/+30.0)%+8.0))-+56.0)++24.0)-(((+68.0*+(+90.0))/+76.0)%+62.0)) = 85.74;
609) ((+33.0++(+71.0))-(((+69.0*+38.0)/+12.0)%+86.0)) = 57.5;
610) ((+33.0++25.0)-(((+36.0*+(+41.0))/+3.0)%+15.0)) = 46.0;
611) (((((+49.0++(+89.0))-(((+90.0*+74.0)/+17.0)%+82.0))++28.0)++90.0)-(((+8.0*+(+12.0))/+9.0)%+71.0)) = 181.57;
612) (((((+38.0++(+23.0))-(((+91.0*+1.0)/+22.0)%+87.0))++60.0)++3.0)-(((+74.0*+(+96.0))/+32.0)%+36.0)) = 113.86;
613) ((((+66.0++(+71.0))-((((+19.0*+72.0)/+14.0)%+81.0)*+88.0))++90.0)-(((+57.0*+(+89.0))/+32.0)%+94.0)) = -1308.39;
614) ((+53.0++(+3.0))-(((+65.0*+5.0)/+54.0)%+38.0)) = 49.98;
615) ((+32.0++25.0)-(((+89.0*+(+6.0))/+84.0)%+45.0)) = 50.64;
616) (((((+97.0++(+5.0))-(((+62.0*+38.0)/+45.0)%+92.0))-+72.0)++83.0)-(((+43.0*+(+58.0))/+19.0)%+68.0)) = -2.62;
617) ((+11.0++(+40.0))-(((+94.0*+93.0)/+51.0)%+78.0)) = 35.59;
618) ((+48.0++45.0)-(((+62.0*+(+47.0))/+67.0)%+5.0)) = 89.51;
619) (((((+87.0++(+43.0))-(((+29.0*+53.0)/+62.0)%+16.0))++27.0)++88.0)-(((+43.0*+(+51.0))/+88.0)%+34.0)) = 211.29;
620) (((((+1.0++(+23.0))-(((+28.0*+21.0)/+15.0)%+76.0))++9.0)++93.0)-(((+70.0*+(+37.0))/+24.0)%+74.0)) = 52.88;
621) ((((+35.0++(+63.0))-((((+17.0*+31.0)/+60.0)%+46.0)*+9.0))++7.0)-(((+46.0*+(+32.0))/+75.0)%+35.0)) = 6.32;
622) ((+94.0++(+89.0))-(((+28.0*+15.0)/+41.0)%+18.0)) = 172.76;
623) ((+46.0++17.0)-(((+48.0*+(+43.0))/+73.0)%+83.0)) = 34.73;
624) (((((+1.0++(+12.0))-(((+43.0*+32.0)/+38.0)%+29.0))-+91.0)++5.0)-(((+7.0*+(+57.0))/+55.0)%+24.0)) = -87.47;
625) ((+31.0++(+24.0))-(((+84.0*+20.0)/+27.0)%+18.0)) = 46.78;
626) ((+24.0++22.0)-(((+12.0*+(+77.0))/+70.0)%+44.0)) = 32.8;
627) (((((+21.0++(+94.0))-(((+32.0*+74.0)/+35.0)%+4.0))++57.0)++59.0)-(((+83.0*+(+77.0))/+57.0)%+65.0)) = 180.22;
628) (((((+36.0++(+26.0))-(((+46.0*+61.0)/+49.0)%+42.0))++92.0)++75.0)-(((+69.0*+(+30.0))/+28.0)%+70.0)) = 209.81;
629) ((((+68.0++(+58.0))-((((+62.0*+47.0)/+94.0)%+78.0)*+57.0))++2.0)-(((+78.0*+(+43.0))/+64.0)%+88.0)) = -1691.41;
630) ((+34.0++(+80.0))-(((+50.0*+63.0)/+92.0)%+52.0)) = 79.76;
631) ((+19.0++39.0)-(((+14.0*+(+66.0))/+30.0)%+72.0)) = 27.2;
632) (((((+57.0++(+33.0))-(((+98.0*+22.0)/+10.0)%+11.0))-+89.0)++54.0)-(((+51.0*+(+3.0))/+64.0)%+4.0)) = 46.01;
633) ((+98.0++(+19.0))-(((+23.0*+8.0)/+23.0)%+1.0)) = 117.0;
634) ((+16.0++85.0)-(((+13.0*+(+13.0))/+75.0)%+62.0)) = 98.75;
635) (((((+76.0++(+31.0))-(((+74.0*+92.0)/+20.0)%+36.0))++22.0)++1.0)-(((+96.0*+(+31.0))/+67.0)%+67.0)) = 69.18;
636) (((((+0.0++(+60.0))-(((+33.0*+49.0)/+46.0)%+57.0))++45.0)++96.0)-(((+79.0*+(+34.0))/+80.0)%+2.0)) = 164.27;
637) ((((+58.0++(+51.0))-((((+0.0*+86.0)/+57.0)%+55.0)*+87.0))++33.0)-(((+8.0*+(+40.0))/+38.0)%+76.0)) = 133.58;
638) ((+26.0++(+70.0))-(((+0.0*+64.0)/+52.0)%+26.0)) = 96.0;
639) ((+71.0++89.0)-(((+87.0*+(+50.0))/+87.0)%+21.0)) = 152.0;
640) (((((+29.0++(+52.0))-(((+25.0*+59.0)/+51.0)%+11.0))-+77.0)++51.0)-(((+50.0*+(+30.0))/+65.0)%+33.0)) = 25.0;
641) (+32.0+(((+((+0.0-+3.0))*+93.0)/+56.0)%+93.0)) = 27.02;
642) ((+26.0++94.0)-((+((+8.0*+15.0))/+24.0)%+66.0)) = 115.0;
643) ((((+19.0+(((+((+51.0-+1.0))*+56.0)/+38.0)%+55.0))-+7.0)++41.0)-((+((+36.0*+18.0))/+87.0)%+71.0)) = 64.24;
644) (+30.0+(((+((+34.0-+59.0))*+54.0)/+36.0)%+1.0)) = 29.5;
645) ((+10.0++81.0)-((+((+62.0*+47.0))/+97.0)%+40.0)) = 60.96;
646) ((((+48.0+(((+((+50.0-+58.0))*+22.0)/+74.0)%+26.0))++46.0)++83.0)-((+((+31.0*+45.0))/+62.0)%+52.0)) = 152.12;
647) ((((+29.0+(((+((+66.0-+44.0))*+88.0)/+16.0)%+98.0))++26.0)++2.0)-((+((+62.0*+82.0))/+68.0)%+75.0)) = 5.24;
648) (((+14.0+((((+((+68.0-+96.0))*+92.0)/+54.0)%+59.0)*+52.0))++7.0)-((+((+16.0*+28.0))/+98.0)%+43.0)) = -2464.16;
649) (+78.0+(((+((+9.0-+58.0))*+25.0)/+43.0)%+97.0)) = 49.51;
650) ((+18.0++38.0)-((+((+45.0*+59.0))/+80.0)%+65.0)) = 22.81;
651) ((((+86.0+(((+((+94.0-+37.0))*+20.0)/+45.0)%+8.0))-+23.0)++50.0)-((+((+33.0*+72.0))/+70.0)%+96.0)) = 80.39;
652) (+93.0+(((+((+45.0-+7.0))*+30.0)/+25.0)%+60.0)) = 138.6;
653) ((+7.0++12.0)-((+((+9.0*+5.0))/+76.0)%+93.0)) = 18.41;
654) ((((+53.0+(((+((+34.0-+66.0))*+92.0)/+86.0)%+93.0))++58.0)++29.0)-((+((+69.0*+7.0))/+55.0)%+78.0)) = 96.99;
655) ((((+65.0+(((+((+94.0-+22.0))*+43.0)/+59.0)%+30.0))++58.0)++41.0)-((+((+33.0*+28.0))/+32.0)%+18.0)) = 175.6;
656) (((+62.0+((((+((+42.0-+21.0))*+80.0)/+55.0)%+39.0)*+42.0))++18.0)-((+((+71.0*+6.0))/+88.0)%+10.0)) = 1358.07;
657) (+91.0+(((+((+3.0-+67.0))*+40.0)/+11.0)%+36.0)) = 74.27;
658) ((+82.0++35.0)-((+((+25.0*+67.0))/+78.0)%+7.0)) = 116.53;
659) ((((+47.0+(((+((+21.0-+9.0))*+87.0)/+76.0)%+98.0))-+19.0)++15.0)-((+((+7.0*+75.0))/+5.0)%+38.0)) = 27.74;
660) (+58.0+(((+((+93.0-+1.0))*+80.0)/+48.0)%+79.0)) = 132.33;
661) ((+43.0++21.0)-((+((+91.0*+73.0))/+18.0)%+4.0)) = 62.94;
662) ((((+69.0+(((+((+67.0-+35.0))*+46.0)/+18.0)%+68.0))++82.0)++1.0)-((+((+70.0*+38.0))/+3.0)%+31.0)) = 147.11;
663) ((((+32.0+(((+((+67.0-+38.0))*+51.0)/+8.0)%+93.0))++33.0)++15.0)-((+((+13.0*+44.0))/+28.0)%+41.0)) = 151.45;
664) (((+55.0+((((+((+10.0-+72.0))*+30.0)/+38.0)%+34.0)*+13.0))++78.0)-((+((+89.0*+34.0))/+71.0)%+20.0)) = -63.94;
665) (+50.0+(((+((+25.0-+71.0))*+15.0)/+8.0)%+70.0)) = 33.75;
666) ((+39.0++52.0)-((+((+43.0*+1.0))/+2.0)%+2.0)) = 89.5;
667) ((((+24.0+(((+((+40.0-+81.0))*+11.0)/+81.0)%+8.0))-+1.0)++70.0)-((+((+48.0*+30.0))/+40.0)%+19.0)) = 70.43;
668) (+72.0+((+((+55.0-(+80.0*+6.0)))/+98.0)%+60.0)) = 67.66;
669) ((+17.0++98.0)-(+(((+39.0*+0.0)/+16.0))%+74.0)) = 115.0;
670) ((((+59.0+((+((+98.0-(+12.0*+47.0)))/+39.0)%+70.0))-+20.0)++30.0)-(+(((+29.0*+8.0)/+51.0))%+21.0)) = 52.5;
671) (+90.0+((+((+40.0-(+82.0*+55.0)))/+64.0)%+36.0)) = 56.16;
672) ((+38.0++67.0)-(+(((+85.0*+27.0)/+84.0))%+51.0)) = 77.68;
673) ((((+32.0+((+((+42.0-(+10.0*+84.0)))/+89.0)%+40.0))++76.0)++86.0)-(+(((+44.0*+58.0)/+92.0))%+4.0)) = 181.29;
674) ((((+29.0+((+((+90.0-(+58.0*+57.0)))/+67.0)%+93.0))++85.0)++70.0)-(+(((+1.0*+53.0)/+1.0))%+19.0)) = 121.0;
675) (((+70.0+(((+((+31.0-(+21.0*+36.0)))/+69.0)%+91.0)*+27.0))++53.0)-(+(((+90.0*+81.0)/+47.0))%+42.0)) = -189.8;
676) (+31.0+((+((+82.0-(+2.0*+65.0)))/+9.0)%+20.0)) = 25.67;
677) ((+20.0++24.0)-(+(((+75.0*+62.0)/+48.0))%+51.0)) = -1.88;
678) ((((+6.0+((+((+61.0-(+30.0*+41.0)))/+65.0)%+44.0))-+10.0)++90.0)-(+(((+97.0*+4.0)/+28.0))%+21.0)) = 54.16;
679) (+2.0+((+((+63.0-(+45.0*+12.0)))/+89.0)%+90.0)) = -3.36;
680) ((+96.0++45.0)-(+(((+14.0*+46.0)/+80.0))%+59.0)) = 132.95;
681) ((((+12.0+((+((+7.0-(+94.0*+49.0)))/+70.0)%+33.0))++48.0)++57.0)-(+(((+27.0*+63.0)/+60.0))%+97.0)) = 55.95;
682) ((((+95.0+((+((+50.0-(+31.0*+6.0)))/+82.0)%+76.0))++85.0)++78.0)-(+(((+3.0*+85.0)/+72.0))%+46.0)) = 252.8;
683) (((+6.0+(((+((+31.0-(+76.0*+98.0)))/+10.0)%+55.0)*+86.0))++47.0)-(+(((+96.0*+25.0)/+71.0))%+6.0)) = -2247.0;
684) (+25.0+((+((+15.0-(+75.0*+60.0)))/+80.0)%+5.0)) = 23.94;
685) ((+47.0++15.0)-(+(((+12.0*+76.0)/+62.0))%+53.0)) = 47.29;
686) ((((+96.0+((+((+75.0-(+72.0*+63.0)))/+56.0)%+84.0))-+58.0)++4.0)-(+(((+60.0*+59.0)/+81.0))%+54.0)) = -81.36;
687) (+83.0+((+((+30.0-(+25.0*+67.0)))/+28.0)%+5.0)) = 79.25;
688) ((+46.0++55.0)-(+(((+37.0*+58.0)/+32.0))%+73.0)) = 33.94;
689) ((((+54.0+((+((+79.0-(+69.0*+33.0)))/+30.0)%+35.0))++37.0)++74.0)-(+(((+21.0*+90.0)/+50.0))%+37.0)) = 160.93;
690) ((((+25.0+((+((+68.0-(+53.0*+11.0)))/+63.0)%+94.0))++26.0)++57.0)-(+(((+31.0*+53.0)/+58.0))%+89.0)) = 71.5;
691) (((+3.0+(((+((+43.0-(+65.0*+51.0)))/+53.0)%+82.0)*+50.0))++26.0)-(+(((+47.0*+96.0)/+48.0))%+47.0)) = -3057.79;
692) (+96.0+((+((+61.0-(+81.0*+27.0)))/+17.0)%+64.0)) = 34.94;
693) ((+15.0++17.0)-(+(((+4.0*+59.0)/+56.0))%+98.0)) = 27.79;
694) ((((+53.0+((+((+47.0-(+25.0*+90.0)))/+41.0)%+13.0))-+9.0)++56.0)-(+(((+50.0*+90.0)/+71.0))%+25.0)) = 84.89;
695) (+29.0+((+((+45.0-+9.0))*+((+70.0/+6.0)))%+37.0)) = 42.0;
696) (+11.0+(+((+49.0-(+((+61.0*+62.0))/+48.0)))%+95.0)) = -18.79;
697) (((+42.0+((+((+8.0-+25.0))*+((+89.0/+58.0)))%+89.0))-+59.0)+(+((+87.0-(+((+36.0*+91.0))/+72.0)))%+56.0)) = -1.59;
698) (+33.0+((+((+93.0-+96.0))*+((+9.0/+50.0)))%+32.0)) = 32.46;
699) (+5.0+(+((+95.0-(+((+54.0*+80.0))/+42.0)))%+61.0)) = -2.86;
700) (((+88.0+((+((+50.0-+49.0))*+((+1.0/+38.0)))%+84.0))++83.0)+(+((+48.0-(+((+22.0*+16.0))/+33.0)))%+42.0)) = 208.36;
701) (((+70.0+((+((+29.0-+21.0))*+((+33.0/+79.0)))%+12.0))++63.0)+(+((+17.0-(+((+87.0*+18.0))/+95.0)))%+2.0)) = 136.86;
702) ((+43.0+(((+((+23.0-+37.0))*+((+80.0/+39.0)))%+82.0)*+28.0))+(+((+96.0-(+((+42.0*+46.0))/+87.0)))%+84.0)) = -687.31;
703) (+31.0+((+((+5.0-+9.0))*+((+24.0/+59.0)))%+68.0)) = 29.37;
704) (+48.0+(+((+54.0-(+((+94.0*+71.0))/+58.0)))%+87.0)) = -13.07;
705) (((+63.0+((+((+45.0-+86.0))*+((+47.0/+92.0)))%+28.0))-+6.0)+(+((+57.0-(+((+74.0*+43.0))/+49.0)))%+90.0)) = 28.12;
706) (((+71.0+((+((+18.0-+65.0))*+((+21.0/+72.0)))%+94.0))++66.0)+(+((+81.0-(+((+55.0*+38.0))/+52.0)))%+25.0)) = 139.1;
707) +3.0 = 3.0;
708) (+5.0-+6.0) = -1.0;
709) (((((+1.0-+2.0)-(+3.0*+4.0))+(+9.0%+3.0))-+((+3.0-+((+4.0-+2.0)))))-(+((((+5.0*+3.0)*+10.0)/+25.0))%+5.0)) = -15.0;
710) ((((+5.0*+3.0)*+10.0)/+25.0)%+5.0) = 1.0;
711) (+6.0-(+3.0%+2.0)) = 5.0;
712) ((+((+12.0-+(((+9.0*+5.0)%+6.0))))/+3.0)++((+161.0-+((+14.0-(+((+8.0-+7.0))*+((+6.0-+2.0)))))))) = 154.0;
713) (((+0.0*+88.0)++66.0)+((((((+7.0*+7.0)/+7.0)*+8.0)/+8.0)*+9.0)/+9.0)) = 73.0;
714) (((((+1.0-+2.0)-(+3.0*+4.0))+(+9.0%+3.0))-(+((+3.0-+((+4.0-+2.0))))*+5.0))++3.0) = -15.0;
715) ((+5.0-+((+(+3.0)++((((((((+0.0*+10.0)*+16.0)*+19.0)*+12.0)*+17.0)*+18.0)*+11.0)))))-+0.0) = 2.0;
716) ((+272.0-+273.0)-((+8.0*+7.0)*+0.0)) = -1.0;
717) ((+8.0*+((((+6.0*+((+4.0-+6.0)))*+((+((+7.0-+0.0))+(+((+25.0/+5.0))*+((+24.0/+4.0))))))++9.0)))++((+0.0-+0.0))) = -3480.0;
718) (((((((((((((((((+5.0%+(((+91.0%+8.0)-(+5.0%+2.0))))+(+7.0%+((+6.0*+8.0))))-+7.0)-+6.0)-+5.0)-+4.0)-+3.0)-+2.0)-+1.0)-+0.0)++1.0)++2.0)++3.0)++4.0)++5.0)++6.0)++7.0) = 8.0;
719) (+0.0++0.0) = 0.0;
720) ((((+99.0/+22.0)+(+2200.0/+8800.0))++3.0)-+6.0) = 1.75;
721) ((+10.0++98.0)-(((+22.0*+(+52.0))/+32.0)%+10.0)) = 102.25;
722) ((+49.0++(+61.0))-(((+44.0*+92.0)/+52.0)%+93.0)) = 32.15;
723) ((+8.0++21.0)-(((+46.0*+(+84.0))/+74.0)%+71.0)) = -23.22;
724) ((+9.0++(+97.0))-(((+60.0*+58.0)/+7.0)%+63.0)) = 49.86;
725) ((+49.0++58.0)-(((+32.0*+(+20.0))/+16.0)%+42.0)) = 67.0;
726) ((+50.0++(+43.0))-(((+16.0*+74.0)/+37.0)%+47.0)) = 61.0;
727) ((+40.0++95.0)-(((+45.0*+(+46.0))/+32.0)%+11.0)) = 125.31;
728) ((+14.0++(+54.0))-(((+6.0*+35.0)/+98.0)%+98.0)) = 65.86;
729) ((+29.0++14.0)-(((+63.0*+(+55.0))/+52.0)%+31.0)) = 38.37;
730) ((+19.0++(+87.0))-(((+34.0*+45.0)/+89.0)%+34.0)) = 88.81;
731) ((+86.0++19.0)-(((+64.0*+(+89.0))/+61.0)%+6.0)) = 101.62;
732) ((+47.0++(+93.0))-(((+55.0*+77.0)/+65.0)%+39.0)) = 113.85;
733) ((+52.0++45.0)-(((+76.0*+(+6.0))/+72.0)%+87.0)) = 90.67;
734) ((+15.0++(+56.0))-(((+15.0*+95.0)/+14.0)%+36.0)) = 41.21;
735) ((+74.0++63.0)-(((+51.0*+(+85.0))/+18.0)%+90.0)) = 76.17;
736) ((+69.0++(+66.0))-(((+63.0*+13.0)/+31.0)%+91.0)) = 108.58;
737) ((+38.0++21.0)-(((+52.0*+(+98.0))/+39.0)%+30.0)) = 48.33;
738) ((+28.0++(+75.0))-(((+61.0*+91.0)/+85.0)%+61.0)) = 98.69;
739) ((+84.0++34.0)-(((+28.0*+(+10.0))/+35.0)%+28.0)) = 110.0;
740) ((+60.0++(+58.0))-(((+15.0*+16.0)/+43.0)%+89.0)) = 112.42;
741) ((+46.0++57.0)-(((+56.0*+(+72.0))/+27.0)%+98.0)) = 51.67;
742) ((+6.0++(+59.0))-(((+89.0*+46.0)/+36.0)%+14.0)) = 63.28;
743) ((+6.0++74.0)-(((+52.0*+(+32.0))/+58.0)%+48.0)) = 51.31;
744) ((+72.0++(+81.0))-(((+29.0*+13.0)/+14.0)%+1.0)) = 152.07;
745) ((+47.0++14.0)-(((+94.0*+(+89.0))/+5.0)%+11.0)) = 59.8;
746) ((+67.0++(+26.0))-(((+37.0*+72.0)/+75.0)%+34.0)) = 91.48;
747) ((+39.0++38.0)-(((+43.0*+(+44.0))/+54.0)%+40.0)) = 41.96;
748) ((+54.0++(+11.0))-(((+59.0*+92.0)/+86.0)%+3.0)) = 64.88;
749) ((+30.0++3.0)-(((+38.0*+(+55.0))/+67.0)%+37.0)) = 1.81;
750) ((+74.0++(+66.0))-(((+43.0*+64.0)/+30.0)%+8.0)) = 136.27;
751) ((+56.0++24.0)-(((+68.0*+(+90.0))/+76.0)%+62.0)) = 61.47;
752) ((+33.0++(+71.0))-(((+69.0*+38.0)/+12.0)%+86.0)) = 57.5;
753) ((+33.0++25.0)-(((+36.0*+(+41.0))/+3.0)%+15.0)) = 46.0;
754) ((+49.0++(+89.0))-(((+90.0*+74.0)/+17.0)%+82.0)) = 74.24;
755) ((+28.0++90.0)-(((+8.0*+(+12.0))/+9.0)%+71.0)) = 107.33;
756) ((+38.0++(+23.0))-(((+91.0*+1.0)/+22.0)%+87.0)) = 56.86;
757) ((+60.0++3.0)-(((+74.0*+(+96.0))/+32.0)%+36.0)) = 57.0;
758) ((+66.0++(+71.0))-(((+19.0*+72.0)/+14.0)%+81.0)) = 120.29;
759) ((+88.0++90.0)-(((+57.0*+(+89.0))/+32.0)%+94.0)) = 113.47;
760) ((+53.0++(+3.0))-(((+65.0*+5.0)/+54.0)%+38.0)) = 49.98;
761) ((+32.0++25.0)-(((+89.0*+(+6.0))/+84.0)%+45.0)) = 50.64;
762) ((+97.0++(+5.0))-(((+62.0*+38.0)/+45.0)%+92.0)) = 49.64;
763) ((+72.0++83.0)-(((+43.0*+(+58.0))/+19.0)%+68.0)) = 91.74;
764) ((+11.0++(+40.0))-(((+94.0*+93.0)/+51.0)%+78.0)) = 35.59;
765) ((+48.0++45.0)-(((+62.0*+(+47.0))/+67.0)%+5.0)) = 89.51;
766) ((+87.0++(+43.0))-(((+29.0*+53.0)/+62.0)%+16.0)) = 121.21;
767) ((+27.0++88.0)-(((+43.0*+(+51.0))/+88.0)%+34.0)) = 90.08;
768) ((+1.0++(+23.0))-(((+28.0*+21.0)/+15.0)%+76.0)) = -15.2;
769) ((+9.0++93.0)-(((+70.0*+(+37.0))/+24.0)%+74.0)) = 68.08;
770) ((+35.0++(+63.0))-(((+17.0*+31.0)/+60.0)%+46.0)) = 89.22;
771) ((+9.0++7.0)-(((+46.0*+(+32.0))/+75.0)%+35.0)) = -3.63;
772) ((+94.0++(+89.0))-(((+28.0*+15.0)/+41.0)%+18.0)) = 172.76;
773) ((+46.0++17.0)-(((+48.0*+(+43.0))/+73.0)%+83.0)) = 34.73;
774) ((+1.0++(+12.0))-(((+43.0*+32.0)/+38.0)%+29.0)) = 5.79;
775) ((+91.0++5.0)-(((+7.0*+(+57.0))/+55.0)%+24.0)) = 88.75;
776) ((+31.0++(+24.0))-(((+84.0*+20.0)/+27.0)%+18.0)) = 46.78;
777) ((+24.0++22.0)-(((+12.0*+(+77.0))/+70.0)%+44.0)) = 32.8;
778) ((+21.0++(+94.0))-(((+32.0*+74.0)/+35.0)%+4.0)) = 111.34;
779) ((+57.0++59.0)-(((+83.0*+(+77.0))/+57.0)%+65.0)) = 68.88;
780) ((+36.0++(+26.0))-(((+46.0*+61.0)/+49.0)%+42.0)) = 46.73;
781) ((+92.0++75.0)-(((+69.0*+(+30.0))/+28.0)%+70.0)) = 163.07;
782) ((+68.0++(+58.0))-(((+62.0*+47.0)/+94.0)%+78.0)) = 95.0;
783) ((+57.0++2.0)-(((+78.0*+(+43.0))/+64.0)%+88.0)) = 6.59;
784) ((+34.0++(+80.0))-(((+50.0*+63.0)/+92.0)%+52.0)) = 79.76;
785) ((+19.0++39.0)-(((+14.0*+(+66.0))/+30.0)%+72.0)) = 27.2;
786) ((+57.0++(+33.0))-(((+98.0*+22.0)/+10.0)%+11.0)) = 83.4;
787) ((+89.0++54.0)-(((+51.0*+(+3.0))/+64.0)%+4.0)) = 140.61;
788) ((+98.0++(+19.0))-(((+23.0*+8.0)/+23.0)%+1.0)) = 117.0;
789) ((+16.0++85.0)-(((+13.0*+(+13.0))/+75.0)%+62.0)) = 98.75;
790) ((+76.0++(+31.0))-(((+74.0*+92.0)/+20.0)%+36.0)) = 90.6;
791) ((+22.0++1.0)-(((+96.0*+(+31.0))/+67.0)%+67.0)) = -21.42;
792) ((+0.0++(+60.0))-(((+33.0*+49.0)/+46.0)%+57.0)) = 24.85;
793) ((+45.0++96.0)-(((+79.0*+(+34.0))/+80.0)%+2.0)) = 139.42;
794) ((+58.0++(+51.0))-(((+0.0*+86.0)/+57.0)%+55.0)) = 109.0;
795) ((+87.0++33.0)-(((+8.0*+(+40.0))/+38.0)%+76.0)) = 111.58;
796) ((+26.0++(+70.0))-(((+0.0*+64.0)/+52.0)%+26.0)) = 96.0;
797) ((+71.0++89.0)-(((+87.0*+(+50.0))/+87.0)%+21.0)) = 152.0;
798) ((+29.0++(+52.0))-(((+25.0*+59.0)/+51.0)%+11.0)) = 74.08;
799) ((+77.0++51.0)-(((+50.0*+(+30.0))/+65.0)%+33.0)) = 104.92;
800) (+32.0+(((+((+0.0-+3.0))*+93.0)/+56.0)%+93.0)) = 27.02;
801) ((+26.0++94.0)-((+((+8.0*+15.0))/+24.0)%+66.0)) = 115.0;
802) (+19.0+(((+((+51.0-+1.0))*+56.0)/+38.0)%+55.0)) = 37.68;
803) ((+7.0++41.0)-((+((+36.0*+18.0))/+87.0)%+71.0)) = 40.55;
804) (+30.0+(((+((+34.0-+59.0))*+54.0)/+36.0)%+1.0)) = 29.5;
805) ((+10.0++81.0)-((+((+62.0*+47.0))/+97.0)%+40.0)) = 60.96;
806) (+48.0+(((+((+50.0-+58.0))*+22.0)/+74.0)%+26.0)) = 45.62;
807) ((+46.0++83.0)-((+((+31.0*+45.0))/+62.0)%+52.0)) = 106.5;
808) (+29.0+(((+((+66.0-+44.0))*+88.0)/+16.0)%+98.0)) = 52.0;
809) ((+26.0++2.0)-((+((+62.0*+82.0))/+68.0)%+75.0)) = -46.76;
810) (+14.0+(((+((+68.0-+96.0))*+92.0)/+54.0)%+59.0)) = -33.7;
811) ((+52.0++7.0)-((+((+16.0*+28.0))/+98.0)%+43.0)) = 54.43;
812) (+78.0+(((+((+9.0-+58.0))*+25.0)/+43.0)%+97.0)) = 49.51;
813) ((+18.0++38.0)-((+((+45.0*+59.0))/+80.0)%+65.0)) = 22.81;
814) (+86.0+(((+((+94.0-+37.0))*+20.0)/+45.0)%+8.0)) = 87.33;
815) ((+23.0++50.0)-((+((+33.0*+72.0))/+70.0)%+96.0)) = 39.06;
816) (+93.0+(((+((+45.0-+7.0))*+30.0)/+25.0)%+60.0)) = 138.6;
817) ((+7.0++12.0)-((+((+9.0*+5.0))/+76.0)%+93.0)) = 18.41;
818) (+53.0+(((+((+34.0-+66.0))*+92.0)/+86.0)%+93.0)) = 18.77;
819) ((+58.0++29.0)-((+((+69.0*+7.0))/+55.0)%+78.0)) = 78.22;
820) (+65.0+(((+((+94.0-+22.0))*+43.0)/+59.0)%+30.0)) = 87.47;
821) ((+58.0++41.0)-((+((+33.0*+28.0))/+32.0)%+18.0)) = 88.12;
822) (+62.0+(((+((+42.0-+21.0))*+80.0)/+55.0)%+39.0)) = 92.55;
823) ((+42.0++18.0)-((+((+71.0*+6.0))/+88.0)%+10.0)) = 55.16;
824) (+91.0+(((+((+3.0-+67.0))*+40.0)/+11.0)%+36.0)) = 74.27;
825) ((+82.0++35.0)-((+((+25.0*+67.0))/+78.0)%+7.0)) = 116.53;
826) (+47.0+(((+((+21.0-+9.0))*+87.0)/+76.0)%+98.0)) = 60.74;
827) ((+19.0++15.0)-((+((+7.0*+75.0))/+5.0)%+38.0)) = 5.0;
828) (+58.0+(((+((+93.0-+1.0))*+80.0)/+48.0)%+79.0)) = 132.33;
829) ((+43.0++21.0)-((+((+91.0*+73.0))/+18.0)%+4.0)) = 62.94;
830) (+69.0+(((+((+67.0-+35.0))*+46.0)/+18.0)%+68.0)) = 82.78;
831) ((+82.0++1.0)-((+((+70.0*+38.0))/+3.0)%+31.0)) = 64.33;
832) (+32.0+(((+((+67.0-+38.0))*+51.0)/+8.0)%+93.0)) = 123.88;
833) ((+33.0++15.0)-((+((+13.0*+44.0))/+28.0)%+41.0)) = 27.57;
834) (+55.0+(((+((+10.0-+72.0))*+30.0)/+38.0)%+34.0)) = 40.05;
835) ((+13.0++78.0)-((+((+89.0*+34.0))/+71.0)%+20.0)) = 88.38;
836) (+50.0+(((+((+25.0-+71.0))*+15.0)/+8.0)%+70.0)) = 33.75;
837) ((+39.0++52.0)-((+((+43.0*+1.0))/+2.0)%+2.0)) = 89.5;
838) (+24.0+(((+((+40.0-+81.0))*+11.0)/+81.0)%+8.0)) = 18.43;
839) ((+1.0++70.0)-((+((+48.0*+30.0))/+40.0)%+19.0)) = 54.0;
840) (+72.0+((+((+55.0-(+80.0*+6.0)))/+98.0)%+60.0)) = 67.66;
841) ((+17.0++98.0)-(+(((+39.0*+0.0)/+16.0))%+74.0)) = 115.0;
842) (+59.0+((+((+98.0-(+12.0*+47.0)))/+39.0)%+70.0)) = 47.05;
843) ((+20.0++30.0)-(+(((+29.0*+8.0)/+51.0))%+21.0)) = 45.45;
844) (+90.0+((+((+40.0-(+82.0*+55.0)))/+64.0)%+36.0)) = 56.16;
845) ((+38.0++67.0)-(+(((+85.0*+27.0)/+84.0))%+51.0)) = 77.68;
846) (+32.0+((+((+42.0-(+10.0*+84.0)))/+89.0)%+40.0)) = 23.03;
847) ((+76.0++86.0)-(+(((+44.0*+58.0)/+92.0))%+4.0)) = 158.26;
848) (+29.0+((+((+90.0-(+58.0*+57.0)))/+67.0)%+93.0)) = -19.0;
849) ((+85.0++70.0)-(+(((+1.0*+53.0)/+1.0))%+19.0)) = 140.0;
850) (+70.0+((+((+31.0-(+21.0*+36.0)))/+69.0)%+91.0)) = 59.49;
851) ((+27.0++53.0)-(+(((+90.0*+81.0)/+47.0))%+42.0)) = 50.89;
852) (+31.0+((+((+82.0-(+2.0*+65.0)))/+9.0)%+20.0)) = 25.67;
853) ((+20.0++24.0)-(+(((+75.0*+62.0)/+48.0))%+51.0)) = -1.88;
854) (+6.0+((+((+61.0-(+30.0*+41.0)))/+65.0)%+44.0)) = -11.98;
855) ((+10.0++90.0)-(+(((+97.0*+4.0)/+28.0))%+21.0)) = 86.14;
856) (+2.0+((+((+63.0-(+45.0*+12.0)))/+89.0)%+90.0)) = -3.36;
857) ((+96.0++45.0)-(+(((+14.0*+46.0)/+80.0))%+59.0)) = 132.95;
858) (+12.0+((+((+7.0-(+94.0*+49.0)))/+70.0)%+33.0)) = -20.7;
859) ((+48.0++57.0)-(+(((+27.0*+63.0)/+60.0))%+97.0)) = 76.65;
860) (+95.0+((+((+50.0-(+31.0*+6.0)))/+82.0)%+76.0)) = 93.34;
861) ((+85.0++78.0)-(+(((+3.0*+85.0)/+72.0))%+46.0)) = 159.46;
862) (+6.0+((+((+31.0-(+76.0*+98.0)))/+10.0)%+55.0)) = -20.7;
863) ((+86.0++47.0)-(+(((+96.0*+25.0)/+71.0))%+6.0)) = 129.2;
864) (+25.0+((+((+15.0-(+75.0*+60.0)))/+80.0)%+5.0)) = 23.94;
865) ((+47.0++15.0)-(+(((+12.0*+76.0)/+62.0))%+53.0)) = 47.29;
866) (+96.0+((+((+75.0-(+72.0*+63.0)))/+56.0)%+84.0)) = 16.34;
867) ((+58.0++4.0)-(+(((+60.0*+59.0)/+81.0))%+54.0)) = 18.3;
868) (+83.0+((+((+30.0-(+25.0*+67.0)))/+28.0)%+5.0)) = 79.25;
869) ((+46.0++55.0)-(+(((+37.0*+58.0)/+32.0))%+73.0)) = 33.94;
870) (+54.0+((+((+79.0-(+69.0*+33.0)))/+30.0)%+35.0)) = 50.73;
871) ((+37.0++74.0)-(+(((+21.0*+90.0)/+50.0))%+37.0)) = 110.2;
872) (+25.0+((+((+68.0-(+53.0*+11.0)))/+63.0)%+94.0)) = 16.83;
873) ((+26.0++57.0)-(+(((+31.0*+53.0)/+58.0))%+89.0)) = 54.67;
874) (+3.0+((+((+43.0-(+65.0*+51.0)))/+53.0)%+82.0)) = -58.74;
875) ((+50.0++26.0)-(+(((+47.0*+96.0)/+48.0))%+47.0)) = 76.0;
876) (+96.0+((+((+61.0-(+81.0*+27.0)))/+17.0)%+64.0)) = 34.94;
877) ((+15.0++17.0)-(+(((+4.0*+59.0)/+56.0))%+98.0)) = 27.79;
878) (+53.0+((+((+47.0-(+25.0*+90.0)))/+41.0)%+13.0)) = 51.27;
879) ((+9.0++56.0)-(+(((+50.0*+90.0)/+71.0))%+25.0)) = 51.62;
880) (+29.0+((+((+45.0-+9.0))*+((+70.0/+6.0)))%+37.0)) = 42.0;
881) (+11.0+(+((+49.0-(+((+61.0*+62.0))/+48.0)))%+95.0)) = -18.79;
882) (+42.0+((+((+8.0-+25.0))*+((+89.0/+58.0)))%+89.0)) = 15.91;
883) (+59.0+(+((+87.0-(+((+36.0*+91.0))/+72.0)))%+56.0)) = 100.5;
884) (+33.0+((+((+93.0-+96.0))*+((+9.0/+50.0)))%+32.0)) = 32.46;
885) (+5.0+(+((+95.0-(+((+54.0*+80.0))/+42.0)))%+61.0)) = -2.86;
886) (+88.0+((+((+50.0-+49.0))*+((+1.0/+38.0)))%+84.0)) = 88.03;
887) (+83.0+(+((+48.0-(+((+22.0*+16.0))/+33.0)))%+42.0)) = 120.33;
888) (+70.0+((+((+29.0-+21.0))*+((+33.0/+79.0)))%+12.0)) = 73.34;
889) (+63.0+(+((+17.0-(+((+87.0*+18.0))/+95.0)))%+2.0)) = 63.52;
890) (+43.0+((+((+23.0-+37.0))*+((+80.0/+39.0)))%+82.0)) = 14.28;
891) (+28.0+(+((+96.0-(+((+42.0*+46.0))/+87.0)))%+84.0)) = 101.79;
892) (+31.0+((+((+5.0-+9.0))*+((+24.0/+59.0)))%+68.0)) = 29.37;
893) (+48.0+(+((+54.0-(+((+94.0*+71.0))/+58.0)))%+87.0)) = -13.07;
894) (+63.0+((+((+45.0-+86.0))*+((+47.0/+92.0)))%+28.0)) = 42.05;
895) (+6.0+(+((+57.0-(+((+74.0*+43.0))/+49.0)))%+90.0)) = -1.94;
896) (+71.0+((+((+18.0-+65.0))*+((+21.0/+72.0)))%+94.0)) = 57.29;
897) (+66.0+(+((+81.0-(+((+55.0*+38.0))/+52.0)))%+25.0)) = 81.81;
898) +3.0 = 3.0;
899) (+5.0-+6.0) = -1.0;
900) ((((+1.0-+2.0)-(+3.0*+4.0))+(+9.0%+3.0))-+((+3.0-+((+4.0-+2.0))))) = -14.0;
901) (+((((+5.0*+3.0)*+10.0)/+25.0))%+5.0) = 1.0;
902) ((((+5.0*+3.0)*+10.0)/+25.0)%+5.0) = 1.0;
903) (+6.0-(+3.0%+2.0)) = 5.0;
904) (+((+12.0-+(((+9.0*+5.0)%+6.0))))/+3.0) = 3.0;
905) +((+161.0-+((+14.0-(+((+8.0-+7.0))*+((+6.0-+2.0))))))) = 151.0;
906) ((+0.0*+88.0)++66.0) = 66.0;
907) ((((((+7.0*+7.0)/+7.0)*+8.0)/+8.0)*+9.0)/+9.0) = 7.0;
908) ((((+1.0-+2.0)-(+3.0*+4.0))+(+9.0%+3.0))-+((+3.0-+((+4.0-+2.0))))) = -14.0;
909) (+5.0++3.0) = 8.0;
910) (+5.0-+((+(+3.0)++((((((((+0.0*+10.0)*+16.0)*+19.0)*+12.0)*+17.0)*+18.0)*+11.0))))) = 2.0;
911) +0.0 = 0.0;
912) ((+272.0-+273.0)-((+8.0*+7.0)*+0.0)) = -1.0;
913) ((+8.0*+((((+6.0*+((+4.0-+6.0)))*+((+((+7.0-+0.0))+(+((+25.0/+5.0))*+((+24.0/+4.0))))))++9.0)))++((+0.0-+0.0))) = -3480.0;
914) ((+5.0%+(((+91.0%+8.0)-(+5.0%+2.0))))+(+7.0%+((+6.0*+8.0)))) = 8.0;
915) ((((((((((((((+7.0-+6.0)-+5.0)-+4.0)-+3.0)-+2.0)-+1.0)-+0.0)++1.0)++2.0)++3.0)++4.0)++5.0)++6.0)++7.0) = 14.0;
916) +0.0 = 0.0;
917) +0.0 = 0.0;
918) ((+99.0/+22.0)+(+2200.0/+8800.0)) = 4.75;
919) (+3.0-+6.0) = -3.0;
920) (+0.0++3.0) = 3.0;
