1) (-0.0-+3.0) = -3.0;
2) (+5.0-+6.0) = -1.0;
3) ((((+1.0-+2.0)-(+3.0*-4.0))+(+9.0%-3.0))--((+3.0--((+4.0-+2.0))))) = 16.0;
4) (+33.0++3.0) = 36.0;
5) (-((((+5.0*-3.0)*-10.0)/+25.0))%-5.0) = -1.0;
6) ((((+5.0*-3.0)*-10.0)/+25.0)%-5.0) = 1.0;
7) (+6.0-(+3.0%-2.0)) = 5.0;
8) (-((+12.0--(((+9.0*-5.0)%-6.0))))/+3.0) = -3.0;
9) -((+161.0--((+14.0-(-((+8.0-+7.0))*-((+6.0-+2.0))))))) = -171.0;
10) ((-0.0*-88.0)++66.0) = 66.0;
11) ((((((+7.0*-7.0)/+7.0)*-8.0)/+8.0)*-9.0)/+9.0) = -7.0;
12) ((((+1.0-+2.0)-(+3.0*-4.0))+(+9.0%-3.0))--((+3.0--((+4.0-+2.0))))) = 16.0;
13) (+5.0++3.0) = 8.0;
14) (+5.0--((-(+3.0)+-((((((((+0.0*-10.0)*-16.0)*-19.0)*-12.0)*-17.0)*-18.0)*-11.0))))) = 2.0;
15) ((+272.0-+273.0)-((+8.0*-7.0)*-0.0)) = -1.0;
16) ((+8.0*-((((+6.0*-((+4.0-+6.0)))*-((-((+7.0-+0.0))+(-((+25.0/+5.0))*-((+24.0/+4.0))))))++9.0)))+-((+0.0-+0.0))) = 2136.0;
17) ((+5.0%-(((+91.0%-8.0)-(+5.0%-2.0))))+(+7.0%-((+6.0*-8.0)))) = 8.0;
18) ((((((((((((((+7.0-+6.0)-+5.0)-+4.0)-+3.0)-+2.0)-+1.0)-+0.0)++1.0)++2.0)++3.0)++4.0)++5.0)++6.0)++7.0) = 14.0;
19) ((+99.0/+22.0)+(+2200.0/+8800.0)) = 4.75;
20) (-((-(+88.0)--((+22.0++11.0))))/-11.0) = -5.0;
21) (+0.0-+0.0) = 0.0;
22) (+0.0-+3.0) = -3.0;
23) +2.0 = 2.0;
24) +0.0 = 0.0;
25) (+33.0++3.0) = 36.0;
26) (+33.0++4.0) = 37.0;
27) +5.0 = 5.0;
28) +2.0 = 2.0;
29) +0.0 = 0.0;
30) +3.0 = 3.0;
31) +5.0 = 5.0;
32) +2.0 = 2.0;
33) +0.0 = 0.0;
34) +3.0 = 3.0;
35) +5.0 = 5.0;
36) +2.0 = 2.0;
37) +0.0 = 0.0;
38) +3.0 = 3.0;
39) ((+29.0+-(+83.0))-(((+32.0*-93.0)/+60.0)%-51.0)) = -4.4;
40) ((+52.0++89.0)-(((+40.0*-(+49.0))/+6.0)%-12.0)) = 143.67;
41) ((+24.0+-(+5.0))-(((+94.0*-57.0)/+45.0)%-12.0)) = 30.07;
42) ((+33.0++21.0)-(((+25.0*-(+35.0))/+39.0)%+17.0)) = 59.44;
43) ((+29.0+-(+23.0))-(((+64.0*-67.0)/+22.0)%-21.0)) = 11.91;
44) ((+4.0++82.0)-(((+74.0*-(+79.0))/+3.0)%-8.0)) = 90.67;
45) ((+95.0+-(+69.0))-(((+32.0*-31.0)/+90.0)%-56.0)) = 37.02;
46) ((+17.0++89.0)-(((+28.0*-(+15.0))/+94.0)%-93.0)) = 110.47;
47) ((+13.0+-(+23.0))-(((+33.0*-92.0)/+54.0)%-1.0)) = -9.78;
48) ((+4.0++61.0)-(((+26.0*-(+46.0))/+46.0)%-62.0)) = 91.0;
49) ((+66.0+-(+84.0))-(((+38.0*-4.0)/+25.0)%-60.0)) = -11.92;
50) ((+57.0++1.0)-(((+75.0*-(+27.0))/+42.0)%-28.0)) = 78.21;
51) ((+83.0+-(+4.0))-(((+42.0*-76.0)/+1.0)%-47.0)) = 122.0;
52) ((+89.0++48.0)-(((+92.0*-(+11.0))/+67.0)%-92.0)) = 152.1;
53) ((+82.0+-(+46.0))-(((+16.0*-10.0)/+46.0)%-43.0)) = 39.48;
54) ((+3.0++70.0)-(((+96.0*-(+35.0))/+39.0)%-84.0)) = 75.15;
55) ((+61.0+-(+79.0))-(((+81.0*-30.0)/+15.0)%-41.0)) = 21.0;
56) ((+86.0++9.0)-(((+14.0*-(+48.0))/+71.0)%-33.0)) = 104.46;
57) ((+30.0+-(+39.0))-(((+39.0*+70.0)/+34.0)%-79.0)) = -10.29;
58) ((+41.0++44.0)-(((+35.0*-(+82.0))/+78.0)%-17.0)) = 87.79;
59) ((+5.0+-(+59.0))-(((+74.0*-5.0)/+4.0)%-45.0)) = -51.5;
60) ((+56.0++49.0)-(((+66.0*-(+20.0))/+79.0)%-1.0)) = 105.71;
61) ((+56.0+-(+55.0))-(((+39.0*-13.0)/+69.0)%-12.0)) = 8.35;
62) ((+65.0++88.0)-(((+78.0*-(+84.0))/+33.0)%-83.0)) = 185.55;
63) ((+76.0+-(+55.0))-(((+64.0*-10.0)/+9.0)%-59.0)) = 33.11;
64) ((+47.0++13.0)-(((+50.0*-(+42.0))/+77.0)%-40.0)) = 87.27;
65) ((+34.0+-(+56.0))-(((+9.0*-58.0)/+91.0)%-90.0)) = -16.26;
66) ((+21.0++7.0)-(((+54.0*-(+69.0))/+50.0)%-28.0)) = 46.52;
67) ((+5.0+-(+43.0))-(((+72.0*-74.0)/+61.0)%-70.0)) = -20.66;
68) ((+70.0++8.0)-(((+46.0*-(+66.0))/+56.0)%-78.0)) = 132.21;
69) ((+79.0+-(+11.0))-(((+46.0*-80.0)/+10.0)%-33.0)) = 73.0;
70) ((+44.0++50.0)-(((+7.0*-(+81.0))/+3.0)%-69.0)) = 145.0;
71) ((+90.0+-(+7.0))-(((+30.0*-68.0)/+48.0)%-79.0)) = 125.5;
72) ((+77.0++85.0)-(((+9.0*-(+97.0))/+15.0)%-53.0)) = 167.2;
73) ((+23.0+-(+42.0))-(((+74.0*-93.0)/+21.0)%-7.0)) = -13.29;
74) ((+21.0++26.0)-(((+34.0*-(+56.0))/+79.0)%-3.0)) = 47.1;
75) ((+12.0+-(+90.0))-(((+81.0*-44.0)/+43.0)%-53.0)) = -48.12;
76) ((+77.0++53.0)-(((+71.0*-(+10.0))/+55.0)%-59.0)) = 142.91;
77) ((+91.0+-(+77.0))-(((+85.0*-96.0)/+51.0)%-47.0)) = 33.0;
78) ((+90.0++7.0)-(((+34.0*-(+55.0))/+90.0)%-65.0)) = 117.78;
79) ((+79.0+-(+49.0))-(((+90.0*-19.0)/+50.0)%-6.0)) = 34.2;
80) ((+88.0++88.0)-(((+21.0*-(+21.0))/+66.0)%-67.0)) = 182.68;
81) ((+39.0+-(+76.0))-(((+65.0*-96.0)/+92.0)%-68.0)) = 30.83;
82) ((+70.0++55.0)-(((+17.0*-(+89.0))/+71.0)%-27.0)) = 146.31;
83) ((+44.0+-(+75.0))-(((+10.0*-68.0)/+89.0)%-68.0)) = -23.36;
84) ((+29.0++98.0)-(((+4.0*-(+85.0))/+58.0)%-59.0)) = 132.86;
85) ((+48.0+-(+97.0))-(((+54.0*-3.0)/+79.0)%-51.0)) = -46.95;
86) ((+22.0++11.0)-(((+27.0*-(+6.0))/+96.0)%-96.0)) = 34.69;
87) ((+96.0+-(+33.0))-(((+60.0*-2.0)/+52.0)%-19.0)) = 65.31;
88) ((+55.0++80.0)-(((+10.0*-(+80.0))/+21.0)%-77.0)) = 173.1;
89) ((+88.0+-(+15.0))-(((+36.0*-28.0)/+61.0)%-95.0)) = 89.52;
90) ((+41.0++55.0)-(((+8.0*-(+97.0))/+86.0)%-15.0)) = 105.02;
91) ((+64.0+-(+9.0))-(((+0.0*-36.0)/+36.0)%-77.0)) = 55.0;
92) ((+7.0++43.0)-(((+31.0*-(+26.0))/+2.0)%-20.0)) = 53.0;
93) ((+98.0+-(+23.0))-(((+4.0*-31.0)/+15.0)%-15.0)) = 83.27;
94) ((+88.0++37.0)-(((+10.0*-(+49.0))/+98.0)%-82.0)) = 130.0;
95) ((+39.0+-(+6.0))-(((+3.0*-59.0)/+64.0)%-59.0)) = 35.77;
96) ((+16.0++0.0)-(((+97.0*-(+94.0))/+34.0)%-46.0)) = 54.18;
97) ((+54.0+-(+25.0))-(((+37.0*-64.0)/+16.0)%-38.0)) = 63.0;
98) ((+5.0++22.0)-(((+27.0*-(+93.0))/+2.0)%-35.0)) = 57.5;
99) ((+8.0+-(+23.0))-(((+68.0*-78.0)/+34.0)%-64.0)) = 13.0;
100) ((+0.0++85.0)-(((+38.0*-(+19.0))/+63.0)%-2.0)) = 86.46;
101) ((+52.0+-(+52.0))-(((+75.0*-81.0)/+9.0)%-77.0)) = 59.0;
102) ((+2.0++87.0)-(((+2.0*-(+15.0))/+6.0)%-72.0)) = 94.0;
103) ((+66.0+-(+14.0))-(((+0.0*-54.0)/+85.0)%-97.0)) = 52.0;
104) ((+22.0++64.0)-(((+70.0*-(+94.0))/+64.0)%-55.0)) = 133.81;
105) ((+41.0+-(+66.0))-(((+65.0*-79.0)/+6.0)%-24.0)) = -9.17;
106) ((+17.0++17.0)-(((+15.0*-(+52.0))/+66.0)%-18.0)) = 45.82;
107) ((+63.0+-(+33.0))-(((+69.0*-0.0)/+46.0)%-12.0)) = 30.0;
108) ((+29.0++3.0)-(((+70.0*-(+51.0))/+66.0)%-97.0)) = 86.09;
109) ((+2.0+-(+23.0))-(((+78.0*-86.0)/+86.0)%-94.0)) = 57.0;
110) ((+45.0++50.0)-(((+68.0*-(+33.0))/+97.0)%-36.0)) = 118.13;
111) ((+56.0+-(+65.0))-(((+55.0*-10.0)/+46.0)%-9.0)) = -6.04;
112) ((+33.0++11.0)-(((+76.0*-(+75.0))/+44.0)%-65.0)) = 108.55;
113) ((+84.0+-(+1.0))-(((+45.0*-3.0)/+27.0)%-36.0)) = 88.0;
114) ((+20.0++34.0)-(((+44.0*-(+45.0))/+21.0)%-38.0)) = 72.29;
115) ((+88.0+-(+78.0))-(((+86.0*-51.0)/+66.0)%-26.0)) = 24.45;
116) ((+37.0++4.0)-(((+75.0*-(+1.0))/+47.0)%-64.0)) = 42.6;
117) ((+4.0+-(+65.0))-(((+53.0*-20.0)/+75.0)%-29.0)) = -46.87;
118) ((+85.0++78.0)-(((+3.0*-(+71.0))/+76.0)%-40.0)) = 165.8;
119) ((+34.0+-(+12.0))-(((+30.0*-9.0)/+52.0)%-15.0)) = 27.19;
120) ((+41.0++96.0)-(((+76.0*-(+58.0))/+74.0)%-56.0)) = 140.57;
121) ((+64.0+-(+39.0))-(((+80.0*-97.0)/+86.0)%-78.0)) = 37.23;
122) ((+92.0++73.0)-(((+54.0*-(+91.0))/+42.0)%-14.0)) = 170.0;
123) ((+53.0+-(+1.0))-(((+73.0*-81.0)/+98.0)%-25.0)) = 62.34;
124) ((+53.0++54.0)-(((+45.0*-(+67.0))/+22.0)%-70.0)) = 174.05;
125) ((+17.0+-(+43.0))-(((+86.0*-90.0)/+60.0)%-57.0)) = -11.0;
126) ((+31.0++90.0)-(((+53.0*-(+57.0))/+42.0)%-78.0)) = 192.93;
127) ((+61.0+-(+56.0))-(((+91.0*-23.0)/+41.0)%-71.0)) = 56.05;
128) ((+12.0++62.0)-(((+64.0*-(+51.0))/+13.0)%-53.0)) = 113.08;
129) ((+14.0+-(+17.0))-(((+18.0*-79.0)/+81.0)%-17.0)) = -2.44;
130) ((+12.0++85.0)-(((+26.0*-(+14.0))/+91.0)%-11.0)) = 101.0;
131) ((+72.0+-(+1.0))-(((+98.0*-4.0)/+7.0)%-21.0)) = 85.0;
132) ((+77.0++16.0)-(((+81.0*-(+21.0))/+56.0)%-31.0)) = 123.38;
133) ((+88.0+-(+20.0))-(((+71.0*-45.0)/+94.0)%-16.0)) = 69.99;
134) ((+52.0++57.0)-(((+43.0*-(+52.0))/+13.0)%-59.0)) = 163.0;
135) ((+7.0+-(+52.0))-(((+12.0*-18.0)/+50.0)%-29.0)) = -40.68;
136) ((+40.0++37.0)-(((+22.0*-(+54.0))/+82.0)%-34.0)) = 91.49;
137) ((+68.0+-(+15.0))-(((+40.0*-70.0)/+65.0)%-13.0)) = 57.08;
138) ((+59.0++93.0)-(((+52.0*-(+71.0))/+49.0)%-12.0)) = 155.35;
139) ((+43.0+-(+54.0))-(((+1.0*-79.0)/+5.0)%-64.0)) = 4.8;
140) ((+37.0++8.0)-(((+53.0*-(+79.0))/+40.0)%-85.0)) = 64.68;
141) ((+2.0+-(+59.0))-(((+12.0*-41.0)/+76.0)%-78.0)) = -50.53;
142) ((+84.0++60.0)-(((+54.0*-(+10.0))/+68.0)%-70.0)) = 151.94;
143) ((+0.0+-(+13.0))-(((+92.0*-91.0)/+91.0)%-35.0)) = 9.0;
144) ((+97.0++68.0)-(((+18.0*-(+79.0))/+35.0)%-58.0)) = 205.63;
145) ((+49.0+-(+9.0))-(((+85.0*-30.0)/+46.0)%-50.0)) = 45.43;
146) ((+65.0++41.0)-(((+22.0*-(+22.0))/+21.0)%-95.0)) = 129.05;
147) ((+50.0+-(+60.0))-(((+75.0*-91.0)/+29.0)%-8.0)) = -6.66;
148) ((+18.0++11.0)-(((+1.0*-(+63.0))/+75.0)%-29.0)) = 29.84;
149) ((+42.0+-(+83.0))-(((+36.0*-38.0)/+47.0)%-84.0)) = -11.89;
150) ((+61.0++15.0)-(((+66.0*-(+76.0))/+41.0)%-8.0)) = 78.34;
151) ((+83.0+-(+79.0))-(((+38.0*-98.0)/+68.0)%-69.0)) = 58.76;
152) ((+80.0++12.0)-(((+95.0*-(+35.0))/+23.0)%-87.0)) = 149.57;
153) ((+57.0+-(+45.0))-(((+26.0*-80.0)/+65.0)%-91.0)) = 44.0;
154) ((+80.0++0.0)-(((+29.0*-(+31.0))/+49.0)%-34.0)) = 98.35;
155) ((+6.0+-(+27.0))-(((+59.0*-5.0)/+53.0)%-27.0)) = -15.43;
156) ((+81.0++15.0)-(((+54.0*-(+57.0))/+10.0)%-98.0)) = 109.8;
157) ((+25.0+-(+34.0))-(((+50.0*-32.0)/+93.0)%-21.0)) = 8.2;
158) ((+88.0++7.0)-(((+93.0*-(+81.0))/+40.0)%-85.0)) = 113.32;
159) ((+57.0+-(+69.0))-(((+50.0*-37.0)/+7.0)%-47.0)) = 17.29;
160) ((+28.0++8.0)-(((+68.0*-(+60.0))/+64.0)%-78.0)) = 99.75;
161) ((+11.0+-(+50.0))-(((+18.0*-15.0)/+97.0)%-51.0)) = -36.22;
162) ((+5.0++13.0)-(((+57.0*-(+59.0))/+26.0)%-14.0)) = 21.35;
163) ((+56.0+-(+42.0))-(((+73.0*-57.0)/+90.0)%-83.0)) = 60.23;
164) ((+96.0++74.0)-(((+15.0*-(+26.0))/+95.0)%-34.0)) = 174.11;
165) ((+56.0+-(+20.0))-(((+72.0*-74.0)/+67.0)%-83.0)) = 115.52;
166) ((+88.0++72.0)-(((+11.0*-(+74.0))/+73.0)%-35.0)) = 171.15;
167) ((+55.0+-(+62.0))-(((+87.0*-2.0)/+31.0)%-94.0)) = -1.39;
168) ((+10.0++14.0)-(((+83.0*-(+50.0))/+89.0)%-33.0)) = 37.63;
169) ((+46.0+-(+82.0))-(((+18.0*-48.0)/+3.0)%-61.0)) = 8.0;
170) ((+37.0++41.0)-(((+97.0*-(+22.0))/+94.0)%-39.0)) = 100.7;
171) ((+2.0+-(+12.0))-(((+34.0*-15.0)/+11.0)%-7.0)) = -5.64;
172) ((+79.0++27.0)-(((+68.0*-(+1.0))/+63.0)%-3.0)) = 107.08;
173) ((+12.0+-(+44.0))-(((+86.0*-47.0)/+9.0)%-53.0)) = -6.89;
174) ((+52.0++30.0)-(((+40.0*-(+37.0))/+78.0)%-85.0)) = 100.97;
175) ((+16.0+-(+29.0))-(((+51.0*-40.0)/+32.0)%-1.0)) = -12.25;
176) ((+89.0++4.0)-(((+69.0*-(+29.0))/+79.0)%-35.0)) = 118.33;
177) ((+18.0+-(+93.0))-(((+27.0*-96.0)/+82.0)%-72.0)) = -43.39;
178) ((+4.0++14.0)-(((+27.0*-(+1.0))/+82.0)%-38.0)) = 18.33;
179) ((+6.0+-(+83.0))-(((+75.0*-4.0)/+1.0)%-10.0)) = -77.0;
180) ((+78.0++44.0)-(((+62.0*-(+6.0))/+30.0)%-38.0)) = 134.4;
181) ((+63.0+-(+41.0))-(((+61.0*-10.0)/+76.0)%-25.0)) = 30.03;
182) ((+15.0++40.0)-(((+47.0*-(+44.0))/+28.0)%-76.0)) = 128.86;
183) ((+6.0+-(+92.0))-(((+29.0*-64.0)/+67.0)%-32.0)) = -58.3;
184) ((+3.0++28.0)-(((+81.0*-(+59.0))/+10.0)%-73.0)) = 70.9;
185) ((+85.0+-(+37.0))-(((+94.0*-18.0)/+7.0)%-74.0)) = 67.71;
186) ((+96.0++19.0)-(((+19.0*-(+68.0))/+80.0)%-51.0)) = 131.15;
187) ((+14.0+-(+63.0))-(((+86.0*-85.0)/+38.0)%-89.0)) = -34.63;
188) ((+15.0++0.0)-(((+65.0*-(+26.0))/+25.0)%-22.0)) = 16.6;
189) ((+12.0+-(+39.0))-(((+58.0*-70.0)/+61.0)%-67.0)) = 39.56;
190) ((+80.0++71.0)-(((+51.0*-(+5.0))/+43.0)%-85.0)) = 156.93;
191) ((+59.0+-(+89.0))-(((+86.0*-86.0)/+1.0)%-25.0)) = -9.0;
192) ((+12.0++4.0)-(((+41.0*-(+22.0))/+80.0)%-37.0)) = 27.28;
193) ((+51.0+-(+91.0))-(((+16.0*-31.0)/+6.0)%-20.0)) = -37.33;
194) ((+94.0++96.0)-(((+96.0*-(+3.0))/+83.0)%-8.0)) = 193.47;
195) ((+43.0+-(+60.0))-(((+23.0*-59.0)/+12.0)%-18.0)) = -11.92;
196) ((+57.0++0.0)-(((+75.0*-(+70.0))/+52.0)%-61.0)) = 96.96;
197) ((+54.0+-(+2.0))-(((+6.0*-15.0)/+55.0)%-92.0)) = 53.64;
198) ((+48.0++34.0)-(((+93.0*-(+42.0))/+64.0)%-34.0)) = 109.03;
199) ((+84.0+-(+34.0))-(((+4.0*-31.0)/+15.0)%-58.0)) = 58.27;
200) ((+67.0++43.0)-(((+18.0*-(+50.0))/+36.0)%-83.0)) = 135.0;
201) ((+23.0+-(+27.0))-(((+15.0*-23.0)/+7.0)%-80.0)) = 45.29;
202) ((+10.0++4.0)-(((+11.0*-(+78.0))/+72.0)%-71.0)) = 25.92;
203) ((+14.0+-(+44.0))-(((+89.0*-54.0)/+52.0)%-72.0)) = -9.58;
204) ((+27.0++76.0)-(((+44.0*-(+76.0))/+46.0)%-59.0)) = 116.7;
205) ((+57.0+-(+38.0))-(((+9.0*-58.0)/+62.0)%-33.0)) = 27.42;
206) ((+28.0++22.0)-(((+39.0*-(+60.0))/+76.0)%-25.0)) = 55.79;
207) ((+5.0+-(+67.0))-(((+76.0*-51.0)/+83.0)%-39.0)) = -54.3;
208) ((+91.0++40.0)-(((+66.0*-(+60.0))/+8.0)%-17.0)) = 133.0;
209) ((+78.0+-(+72.0))-(((+9.0*-74.0)/+68.0)%-31.0)) = 15.79;
210) ((+12.0++64.0)-(((+82.0*-(+81.0))/+71.0)%-66.0)) = 103.55;
211) ((+31.0+-(+30.0))-(((+44.0*-45.0)/+6.0)%-46.0)) = 9.0;
212) ((+44.0++50.0)-(((+66.0*-(+77.0))/+65.0)%-79.0)) = 172.18;
213) ((+50.0+-(+23.0))-(((+34.0*-46.0)/+82.0)%-88.0)) = 46.07;
214) ((+9.0++43.0)-(((+7.0*-(+46.0))/+50.0)%-53.0)) = 58.44;
215) ((+82.0+-(+71.0))-(((+67.0*-65.0)/+92.0)%-51.0)) = 58.34;
216) ((+69.0++46.0)-(((+97.0*-(+46.0))/+97.0)%-38.0)) = 123.0;
217) ((+82.0+-(+45.0))-(((+39.0*-13.0)/+21.0)%-65.0)) = 61.14;
218) ((+97.0++17.0)-(((+7.0*-(+67.0))/+40.0)%-42.0)) = 125.72;
219) ((+96.0+-(+25.0))-(((+31.0*-88.0)/+41.0)%-36.0)) = 101.54;
220) ((+30.0++20.0)-(((+94.0*-(+62.0))/+48.0)%-70.0)) = 101.42;
221) ((+23.0+-(+48.0))-(((+4.0*-39.0)/+28.0)%-51.0)) = -19.43;
222) ((+76.0++33.0)-(((+54.0*-(+41.0))/+45.0)%-78.0)) = 158.2;
223) ((+88.0+-(+65.0))-(((+20.0*-0.0)/+40.0)%-64.0)) = 23.0;
224) ((+42.0++95.0)-(((+48.0*-(+18.0))/+45.0)%-17.0)) = 139.2;
225) ((+64.0+-(+66.0))-(((+98.0*-11.0)/+23.0)%-92.0)) = 44.87;
226) ((+26.0++67.0)-(((+58.0*-(+75.0))/+39.0)%-82.0)) = 122.54;
227) ((+12.0+-(+16.0))-(((+86.0*-55.0)/+56.0)%-82.0)) = -1.54;
228) ((+91.0++59.0)-(((+48.0*-(+97.0))/+23.0)%-65.0)) = 157.43;
229) ((+29.0+-(+45.0))-(((+27.0*-53.0)/+33.0)%-44.0)) = 27.36;
230) ((+40.0++42.0)-(((+48.0*-(+77.0))/+61.0)%-45.0)) = 97.59;
231) ((+84.0+-(+3.0))-(((+27.0*-38.0)/+91.0)%-1.0)) = 81.27;
232) ((+87.0++11.0)-(((+61.0*-(+20.0))/+36.0)%-40.0)) = 131.89;
233) ((+74.0+-(+39.0))-(((+32.0*-52.0)/+53.0)%-74.0)) = 66.4;
234) ((+3.0++23.0)-(((+52.0*-(+39.0))/+88.0)%-93.0)) = 49.05;
235) ((+87.0+-(+43.0))-(((+35.0*-41.0)/+18.0)%-35.0)) = 53.72;
236) ((+84.0++47.0)-(((+53.0*-(+7.0))/+72.0)%-15.0)) = 136.15;
237) ((+92.0+-(+52.0))-(((+49.0*-62.0)/+69.0)%-76.0)) = 84.03;
238) ((+66.0++25.0)-(((+18.0*-(+56.0))/+35.0)%-73.0)) = 119.8;
239) ((+68.0+-(+46.0))-(((+64.0*-33.0)/+19.0)%-24.0)) = 37.16;
240) ((+77.0++43.0)-(((+37.0*-(+0.0))/+23.0)%-46.0)) = 120.0;
241) ((+56.0+-(+16.0))-(((+91.0*-88.0)/+82.0)%-59.0)) = 78.66;
242) ((+48.0++72.0)-(((+50.0*-(+6.0))/+47.0)%-95.0)) = 126.38;
243) ((+18.0+-(+39.0))-(((+18.0*-38.0)/+55.0)%-53.0)) = -8.56;
244) ((+96.0++66.0)-(((+2.0*-(+78.0))/+39.0)%-90.0)) = 166.0;
245) ((+2.0+-(+33.0))-(((+88.0*-46.0)/+36.0)%-12.0)) = -26.56;
246) ((+70.0++86.0)-(((+36.0*-(+87.0))/+19.0)%-11.0)) = 166.84;
247) ((+26.0+-(+30.0))-(((+8.0*-92.0)/+51.0)%-47.0)) = 10.43;
248) ((+97.0++87.0)-(((+46.0*-(+94.0))/+79.0)%-77.0)) = 238.73;
249) ((+33.0+-(+5.0))-(((+82.0*-79.0)/+38.0)%-44.0)) = 66.47;
250) ((+16.0++42.0)-(((+74.0*-(+90.0))/+87.0)%-77.0)) = 134.55;
251) ((+10.0+-(+74.0))-(((+45.0*-40.0)/+45.0)%-58.0)) = -24.0;
252) ((+30.0++72.0)-(((+48.0*-(+28.0))/+68.0)%-97.0)) = 121.76;
253) ((+15.0+-(+74.0))-(((+86.0*-83.0)/+9.0)%-82.0)) = -3.89;
254) ((+63.0++2.0)-(((+47.0*-(+5.0))/+79.0)%-41.0)) = 67.97;
255) ((+87.0+-(+45.0))-(((+84.0*-58.0)/+17.0)%-74.0)) = 106.59;
256) ((+38.0++97.0)-(((+4.0*-(+0.0))/+32.0)%-85.0)) = 135.0;
257) ((+44.0+-(+11.0))-(((+86.0*-79.0)/+25.0)%-94.0)) = 116.76;
258) ((+90.0++12.0)-(((+26.0*-(+6.0))/+53.0)%-11.0)) = 104.94;
259) ((+71.0+-(+98.0))-(((+58.0*-75.0)/+96.0)%-46.0)) = 18.31;
260) ((+35.0++50.0)-(((+65.0*-(+16.0))/+53.0)%-68.0)) = 104.62;
261) ((+35.0+-(+92.0))-(((+30.0*-71.0)/+53.0)%-10.0)) = -56.81;
262) ((+26.0++27.0)-(((+44.0*-(+93.0))/+73.0)%-39.0)) = 70.05;
263) ((+10.0+-(+3.0))-(((+28.0*-82.0)/+80.0)%-67.0)) = 35.7;
264) ((+15.0++68.0)-(((+62.0*-(+62.0))/+41.0)%-49.0)) = 127.76;
265) ((+66.0+-(+71.0))-(((+27.0*-36.0)/+76.0)%-7.0)) = 0.79;
266) ((+49.0++16.0)-(((+93.0*-(+49.0))/+38.0)%-29.0)) = 68.92;
267) ((+4.0+-(+0.0))-(((+49.0*-35.0)/+43.0)%-26.0)) = 17.88;
268) ((+77.0++87.0)-(((+26.0*-(+43.0))/+12.0)%-14.0)) = 173.17;
269) ((+77.0+-(+51.0))-(((+54.0*-92.0)/+18.0)%-21.0)) = 29.0;
270) ((+88.0++69.0)-(((+40.0*-(+21.0))/+74.0)%-77.0)) = 168.35;
271) ((+57.0+-(+80.0))-(((+88.0*-75.0)/+47.0)%-19.0)) = -15.57;
272) ((+40.0++31.0)-(((+10.0*-(+80.0))/+34.0)%-38.0)) = 94.53;
273) ((+93.0+-(+26.0))-(((+15.0*-55.0)/+27.0)%-42.0)) = 97.56;
274) ((+7.0++20.0)-(((+93.0*-(+40.0))/+18.0)%-1.0)) = 27.67;
275) ((+15.0+-(+2.0))-(((+73.0*-76.0)/+33.0)%-39.0)) = 25.12;
276) ((+82.0++70.0)-(((+79.0*-(+56.0))/+17.0)%-52.0)) = 152.24;
277) ((+28.0+-(+48.0))-(((+5.0*-73.0)/+19.0)%-62.0)) = -0.79;
278) ((+81.0++98.0)-(((+22.0*-(+79.0))/+2.0)%-8.0)) = 184.0;
279) ((+43.0+-(+48.0))-(((+20.0*-96.0)/+5.0)%-32.0)) = -5.0;
280) ((+16.0++63.0)-(((+93.0*-(+63.0))/+28.0)%-39.0)) = 93.25;
281) ((+59.0+-(+15.0))-(((+85.0*-56.0)/+37.0)%-35.0)) = 67.65;
282) ((+20.0++88.0)-(((+69.0*-(+49.0))/+40.0)%-20.0)) = 112.52;
283) ((+26.0+-(+77.0))-(((+43.0*-98.0)/+59.0)%-92.0)) = 20.42;
284) ((+50.0++32.0)-(((+71.0*-(+90.0))/+89.0)%-95.0)) = 153.8;
285) ((+59.0+-(+66.0))-(((+56.0*-90.0)/+13.0)%-48.0)) = -3.31;
286) ((+63.0++68.0)-(((+60.0*-(+13.0))/+2.0)%-50.0)) = 171.0;
287) ((+88.0+-(+22.0))-(((+50.0*-3.0)/+64.0)%-9.0)) = 68.34;
288) ((+50.0++12.0)-(((+2.0*-(+20.0))/+18.0)%-40.0)) = 64.22;
289) ((+64.0+-(+76.0))-(((+40.0*-76.0)/+60.0)%-71.0)) = 38.67;
290) ((+1.0++40.0)-(((+10.0*-(+19.0))/+35.0)%-77.0)) = 46.43;
291) ((+44.0+-(+42.0))-(((+81.0*-56.0)/+61.0)%-32.0)) = 12.36;
292) ((+60.0++67.0)-(((+60.0*-(+15.0))/+62.0)%-93.0)) = 141.52;
293) ((+41.0+-(+34.0))-(((+72.0*-49.0)/+2.0)%-65.0)) = 16.0;
294) ((+56.0++60.0)-(((+37.0*-(+67.0))/+14.0)%-94.0)) = 199.07;
295) ((+48.0+-(+67.0))-(((+26.0*-65.0)/+12.0)%-15.0)) = -13.17;
296) ((+58.0++34.0)-(((+8.0*-(+17.0))/+82.0)%-13.0)) = 93.66;
297) ((+72.0+-(+81.0))-(((+2.0*-37.0)/+91.0)%-94.0)) = -8.19;
298) ((+62.0++11.0)-(((+27.0*-(+48.0))/+56.0)%-75.0)) = 96.14;
299) ((+3.0+-(+88.0))-(((+35.0*-84.0)/+23.0)%-76.0)) = -33.17;
300) ((+91.0++12.0)-(((+14.0*-(+77.0))/+61.0)%-52.0)) = 120.67;
301) ((+3.0+-(+93.0))-(((+97.0*-92.0)/+86.0)%-36.0)) = -58.23;
302) ((+31.0++89.0)-(((+57.0*-(+20.0))/+67.0)%-55.0)) = 137.01;
303) ((+67.0+-(+36.0))-(((+45.0*-42.0)/+15.0)%-16.0)) = 45.0;
304) ((+3.0++11.0)-(((+92.0*-(+92.0))/+65.0)%-31.0)) = 20.22;
305) ((+82.0+-(+68.0))-(((+14.0*-94.0)/+54.0)%-60.0)) = 38.37;
306) ((+4.0++7.0)-(((+61.0*-(+86.0))/+11.0)%-65.0)) = 32.91;
307) ((+50.0+-(+16.0))-(((+54.0*-46.0)/+81.0)%-60.0)) = 64.67;
308) ((+68.0++47.0)-(((+8.0*-(+35.0))/+68.0)%-29.0)) = 119.12;
309) ((+74.0+-(+34.0))-(((+80.0*-86.0)/+36.0)%-74.0)) = 83.11;
310) ((+50.0++86.0)-(((+41.0*-(+31.0))/+10.0)%-73.0)) = 190.1;
311) ((+49.0+-(+5.0))-(((+67.0*-39.0)/+59.0)%-65.0)) = 88.29;
312) ((+68.0++76.0)-(((+65.0*-(+83.0))/+86.0)%-34.0)) = 172.73;
313) ((+80.0+-(+13.0))-(((+81.0*-62.0)/+90.0)%-37.0)) = 85.8;
314) +4.0 = 4.0;
315) +0.0 = 0.0;
316) ((+36.0++80.0)-(((+9.0*-(+67.0))/+18.0)%-35.0)) = 149.5;
317) ((+47.0+-(+16.0))-(((+19.0*-39.0)/+16.0)%-10.0)) = 37.31;
318) ((+26.0++1.0)-(((+24.0*-(+45.0))/+4.0)%-58.0)) = 65.0;
319) ((+78.0+-(+92.0))-(((+96.0*-91.0)/+77.0)%-49.0)) = 1.45;
320) ((+97.0++12.0)-(((+25.0*-(+72.0))/+54.0)%-8.0)) = 110.33;
321) ((+48.0+-(+11.0))-(((+20.0*-46.0)/+91.0)%-97.0)) = 47.11;
322) ((+54.0++9.0)-(((+12.0*-(+11.0))/+3.0)%-87.0)) = 107.0;
323) ((+21.0+-(+89.0))-(((+86.0*-80.0)/+28.0)%-38.0)) = -50.29;
324) ((+21.0++12.0)-(((+82.0*-(+93.0))/+79.0)%-84.0)) = 45.53;
325) ((+93.0+-(+0.0))-(((+93.0*-86.0)/+98.0)%-4.0)) = 94.61;
326) ((+49.0++4.0)-(((+64.0*-(+30.0))/+16.0)%-53.0)) = 67.0;
327) ((+92.0+-(+49.0))-(((+90.0*-11.0)/+11.0)%-47.0)) = 86.0;
328) ((+41.0++8.0)-(((+88.0*-(+82.0))/+17.0)%-8.0)) = 49.47;
329) ((+78.0+-(+84.0))-(((+82.0*-47.0)/+58.0)%-51.0)) = 9.45;
330) ((+14.0++23.0)-(((+57.0*-(+0.0))/+4.0)%-2.0)) = 37.0;
331) ((+42.0+-(+76.0))-(((+60.0*-86.0)/+24.0)%-45.0)) = 1.0;
332) ((+86.0++15.0)-(((+91.0*-(+84.0))/+70.0)%-41.0)) = 128.2;
333) ((+38.0+-(+86.0))-(((+57.0*-59.0)/+39.0)%-69.0)) = -30.77;
334) ((+69.0++81.0)-(((+96.0*-(+64.0))/+93.0)%-39.0)) = 177.06;
335) ((+50.0+-(+34.0))-(((+95.0*-37.0)/+92.0)%-11.0)) = 21.21;
336) ((+34.0++36.0)-(((+54.0*-(+75.0))/+63.0)%-62.0)) = 72.29;
337) ((+3.0+-(+42.0))-(((+73.0*-40.0)/+32.0)%-91.0)) = -38.75;
338) ((+53.0++96.0)-(((+88.0*-(+94.0))/+30.0)%-36.0)) = 172.73;
339) ((+32.0+-(+54.0))-(((+81.0*-61.0)/+10.0)%-39.0)) = 4.1;
340) ((+45.0++63.0)-(((+39.0*-(+65.0))/+87.0)%-78.0)) = 137.14;
341) ((+72.0+-(+65.0))-(((+32.0*-25.0)/+51.0)%-82.0)) = 22.69;
342) ((+38.0++35.0)-(((+6.0*-(+11.0))/+42.0)%-5.0)) = 74.57;
343) ((+11.0+-(+4.0))-(((+44.0*-10.0)/+5.0)%-85.0)) = 10.0;
344) ((+2.0++17.0)-(((+23.0*-(+9.0))/+77.0)%-85.0)) = 21.69;
345) ((+30.0+-(+44.0))-(((+27.0*-33.0)/+71.0)%-29.0)) = -1.45;
346) ((+70.0++4.0)-(((+58.0*-(+32.0))/+8.0)%-31.0)) = 89.0;
347) ((+82.0+-(+26.0))-(((+50.0*-10.0)/+42.0)%-36.0)) = 67.9;
348) ((+96.0++51.0)-(((+44.0*-(+38.0))/+97.0)%-66.0)) = 164.24;
349) ((+73.0+-(+40.0))-(((+40.0*-13.0)/+23.0)%-97.0)) = 55.61;
350) +3.0 = 3.0;
351) (+5.0-+6.0) = -1.0;
352) ((((+1.0-+2.0)-(+3.0*-4.0))+(+9.0%-3.0))--((+3.0--((+4.0-+2.0))))) = 16.0;
353) (-((((+5.0*-3.0)*-10.0)/+25.0))%-5.0) = -1.0;
354) ((((+5.0*-3.0)*-10.0)/+25.0)%-5.0) = 1.0;
355) (+6.0-(+3.0%-2.0)) = 5.0;
356) (-((+12.0--(((+9.0*-5.0)%-6.0))))/+3.0) = -3.0;
357) -((+161.0--((+14.0-(-((+8.0-+7.0))*-((+6.0-+2.0))))))) = -171.0;
358) ((+0.0*-88.0)++66.0) = 66.0;
359) ((((((+7.0*-7.0)/+7.0)*-8.0)/+8.0)*-9.0)/+9.0) = -7.0;
360) ((((+1.0-+2.0)-(+3.0*-4.0))+(+9.0%-3.0))--((+3.0--((+4.0-+2.0))))) = 16.0;
361) (+5.0++3.0) = 8.0;
362) (+5.0--((-(+3.0)+-((((((((+0.0*-10.0)*-16.0)*-19.0)*-12.0)*-17.0)*-18.0)*-11.0))))) = 2.0;
363) ((+272.0-+273.0)-((+8.0*-7.0)*-0.0)) = -1.0;
364) ((+8.0*-((((+6.0*-((+4.0-+6.0)))*-((-((+7.0-+0.0))+(-((+25.0/+5.0))*-((+24.0/+4.0))))))++9.0)))+-((+0.0-+0.0))) = 2136.0;
365) ((+5.0%-(((+91.0%-8.0)-(+5.0%-2.0))))+(+7.0%-((+6.0*-8.0)))) = 8.0;
366) ((((((((((((((+7.0-+6.0)-+5.0)-+4.0)-+3.0)-+2.0)-+1.0)-+0.0)++1.0)++2.0)++3.0)++4.0)++5.0)++6.0)++7.0) = 14.0;
367) ((+99.0/+22.0)+(+2200.0/+8800.0)) = 4.75;
368) (-((-(+88.0)--((+22.0++11.0))))/+11.0) = 5.0;
369) (+0.0-+0.0) = 0.0;
370) +5.0 = 5.0;
371) +2.0 = 2.0;
372) +0.0 = 0.0;
373) +3.0 = 3.0;
374) +5.0 = 5.0;
375) +2.0 = 2.0;
376) +0.0 = 0.0;
377) (+33.0++3.0) = 36.0;
378) +5.0 = 5.0;
379) +2.0 = 2.0;
380) +0.0 = 0.0;
381) +3.0 = 3.0;
382) ((+29.0+-(+83.0))-(((+32.0*-93.0)/+60.0)%-51.0)) = -4.4;
383) ((+52.0++89.0)-(((+40.0*-(+49.0))/+6.0)%-12.0)) = 143.67;
384) (((((+24.0+-(+5.0))-(((+94.0*-57.0)/+45.0)%-12.0))-+33.0)++21.0)-(((+25.0*-(+35.0))/+39.0)%-17.0)) = 23.5;
385) ((+29.0+-(+23.0))-(((+64.0*-67.0)/+22.0)%-21.0)) = 11.91;
386) ((+4.0++82.0)-(((+74.0*-(+79.0))/+3.0)%-8.0)) = 90.67;
387) (((((+95.0+-(+69.0))-(((+32.0*-31.0)/+90.0)%-56.0))++17.0)++89.0)-(((+28.0*-(+15.0))/+94.0)%-93.0)) = 147.49;
388) (((((+13.0+-(+23.0))-(((+33.0*-92.0)/+54.0)%-1.0))++4.0)++61.0)-(((+26.0*-(+46.0))/+46.0)%-62.0)) = 81.22;
389) ((((+66.0+-(+84.0))-((((+38.0*-4.0)/+25.0)%-60.0)*-57.0))++1.0)-(((+75.0*-(+27.0))/+42.0)%-28.0)) = -343.35;
390) ((+83.0+-(+4.0))-(((+42.0*-76.0)/+1.0)%-47.0)) = 122.0;
391) ((+89.0++48.0)-(((+92.0*-(+11.0))/+67.0)%-92.0)) = 152.1;
392) (((((+82.0+-(+46.0))-(((+16.0*-10.0)/+46.0)%-43.0))-+3.0)++70.0)-(((+96.0*-(+35.0))/+39.0)%-84.0)) = 108.63;
393) ((+61.0+-(+79.0))-(((+81.0*-30.0)/+15.0)%-41.0)) = 21.0;
394) ((+86.0++9.0)-(((+14.0*-(+48.0))/+71.0)%-33.0)) = 104.46;
395) (((((+30.0+-(+39.0))-(((+39.0*-70.0)/+34.0)%-79.0))++41.0)++44.0)-(((+35.0*-(+82.0))/+78.0)%-17.0)) = 80.09;
396) (((((+5.0+-(+59.0))-(((+74.0*-5.0)/+4.0)%-45.0))++56.0)++49.0)-(((+66.0*-(+20.0))/+79.0)%-1.0)) = 54.21;
397) ((((+56.0+-(+55.0))-((((+39.0*-13.0)/+69.0)%-12.0)*-65.0))++88.0)-(((+78.0*-(+84.0))/+33.0)%-83.0)) = -356.06;
398) ((+76.0+-(+55.0))-(((+64.0*-10.0)/+9.0)%-59.0)) = 33.11;
399) ((+47.0++13.0)-(((+50.0*-(+42.0))/+77.0)%-40.0)) = 87.27;
400) (((((+34.0+-(+56.0))-(((+9.0*-58.0)/+91.0)%-90.0))-+21.0)++7.0)-(((+54.0*-(+69.0))/+50.0)%-28.0)) = -11.74;
401) ((+5.0+-(+43.0))-(((+72.0*-74.0)/+61.0)%-70.0)) = -20.66;
402) ((+70.0++8.0)-(((+46.0*-(+66.0))/+56.0)%-78.0)) = 132.21;
403) (((((+79.0+-(+11.0))-(((+46.0*-80.0)/+10.0)%-33.0))++44.0)++50.0)-(((+7.0*-(+81.0))/+3.0)%-69.0)) = 218.0;
404) (((((+90.0+-(+7.0))-(((+30.0*-68.0)/+48.0)%-79.0))++77.0)++85.0)-(((+9.0*-(+97.0))/+15.0)%-53.0)) = 292.7;
405) ((((+23.0+-(+42.0))-((((+74.0*-93.0)/+21.0)%-7.0)*-21.0))++26.0)-(((+34.0*-(+56.0))/+79.0)%-3.0)) = -112.9;
406) ((+12.0+-(+90.0))-(((+81.0*-44.0)/+43.0)%-53.0)) = -48.12;
407) ((+77.0++53.0)-(((+71.0*-(+10.0))/+55.0)%-59.0)) = 142.91;
408) (((((+91.0+-(+77.0))-(((+85.0*-96.0)/+51.0)%-47.0))-+90.0)++7.0)-(((+34.0*-(+55.0))/+90.0)%-65.0)) = -29.22;
409) ((+79.0+-(+49.0))-(((+90.0*-19.0)/+50.0)%-6.0)) = 34.2;
410) ((+88.0++88.0)-(((+21.0*-(+21.0))/+66.0)%-67.0)) = 182.68;
411) (((((+39.0+-(+76.0))-(((+65.0*-96.0)/+92.0)%-68.0))++70.0)++55.0)-(((+17.0*-(+89.0))/+71.0)%-27.0)) = 177.14;
412) (((((+44.0+-(+75.0))-(((+10.0*-68.0)/+89.0)%-68.0))++29.0)++98.0)-(((+4.0*-(+85.0))/+58.0)%-59.0)) = 109.5;
413) ((((+48.0+-(+97.0))-((((+54.0*-3.0)/+79.0)%-51.0)*-22.0))++11.0)-(((+27.0*-(+6.0))/+96.0)%-96.0)) = -81.43;
414) ((+96.0+-(+33.0))-(((+60.0*-2.0)/+52.0)%-19.0)) = 65.31;
415) ((+55.0++80.0)-(((+10.0*-(+80.0))/+21.0)%-77.0)) = 173.1;
416) (((((+88.0+-(+15.0))-(((+36.0*-28.0)/+61.0)%-95.0))-+41.0)++55.0)-(((+8.0*-(+97.0))/+86.0)%-15.0)) = 112.55;
417) ((+64.0+-(+9.0))-(((+0.0*-36.0)/+36.0)%-77.0)) = 55.0;
418) ((+7.0++43.0)-(((+31.0*-(+26.0))/+2.0)%-20.0)) = 53.0;
419) (((((+98.0+-(+23.0))-(((+4.0*-31.0)/+15.0)%-15.0))++88.0)++37.0)-(((+10.0*-(+49.0))/+98.0)%-82.0)) = 213.27;
420) (((((+39.0+-(+6.0))-(((+3.0*-59.0)/+64.0)%-59.0))++16.0)++0.0)-(((+97.0*-(+94.0))/+34.0)%-46.0)) = 89.94;
421) ((((+54.0+-(+25.0))-((((+37.0*-64.0)/+16.0)%-38.0)*-5.0))++22.0)-(((+27.0*-(+93.0))/+2.0)%-35.0)) = -88.5;
422) ((+8.0+-(+23.0))-(((+68.0*-78.0)/+34.0)%-64.0)) = 13.0;
423) ((+0.0++85.0)-(((+38.0*-(+19.0))/+63.0)%-2.0)) = 86.46;
424) (((((+52.0+-(+52.0))-(((+75.0*-81.0)/+9.0)%-77.0))-+2.0)++87.0)-(((+2.0*-(+15.0))/+6.0)%-72.0)) = 149.0;
425) ((+66.0+-(+14.0))-(((+0.0*-54.0)/+85.0)%-97.0)) = 52.0;
426) ((+22.0++64.0)-(((+70.0*-(+94.0))/+64.0)%-55.0)) = 133.81;
427) (((((+41.0+-(+66.0))-(((+65.0*-79.0)/+6.0)%-24.0))++17.0)++17.0)-(((+15.0*-(+52.0))/+66.0)%-18.0)) = 36.65;
428) (((((+63.0+-(+33.0))-(((+69.0*-0.0)/+46.0)%-12.0))++29.0)++3.0)-(((+70.0*-(+51.0))/+66.0)%-97.0)) = 116.09;
429) ((((+2.0+-(+23.0))-((((+78.0*-86.0)/+86.0)%-94.0)*-45.0))++50.0)-(((+68.0*-(+33.0))/+97.0)%-36.0)) = -3457.87;
430) ((+56.0+-(+65.0))-(((+55.0*-10.0)/+46.0)%-9.0)) = -6.04;
431) ((+33.0++11.0)-(((+76.0*-(+75.0))/+44.0)%-65.0)) = 108.55;
432) (((((+84.0+-(+1.0))-(((+45.0*-3.0)/+27.0)%-36.0))-+20.0)++34.0)-(((+44.0*-(+45.0))/+21.0)%-38.0)) = 120.29;
433) ((+88.0+-(+78.0))-(((+86.0*-51.0)/+66.0)%-26.0)) = 24.45;
434) ((+37.0++4.0)-(((+75.0*-(+1.0))/+47.0)%-64.0)) = 42.6;
435) (((((+4.0+-(+65.0))-(((+53.0*-20.0)/+75.0)%-29.0))++85.0)++78.0)-(((+3.0*-(+71.0))/+76.0)%-40.0)) = 118.94;
436) (((((+34.0+-(+12.0))-(((+30.0*-9.0)/+52.0)%-15.0))++41.0)++96.0)-(((+76.0*-(+58.0))/+74.0)%-56.0)) = 167.76;
437) ((((+64.0+-(+39.0))-((((+80.0*-97.0)/+86.0)%-78.0)*-92.0))++73.0)-(((+54.0*-(+91.0))/+42.0)%-14.0)) = -1022.4;
438) ((+53.0+-(+1.0))-(((+73.0*-81.0)/+98.0)%-25.0)) = 62.34;
439) ((+53.0++54.0)-(((+45.0*-(+67.0))/+22.0)%-70.0)) = 174.05;
440) (((((+17.0+-(+43.0))-(((+86.0*-90.0)/+60.0)%-57.0))-+31.0)++90.0)-(((+53.0*-(+57.0))/+42.0)%-78.0)) = 119.93;
441) ((+61.0+-(+56.0))-(((+91.0*-23.0)/+41.0)%-71.0)) = 56.05;
442) ((+12.0++62.0)-(((+64.0*-(+51.0))/+13.0)%-53.0)) = 113.08;
443) (((((+14.0+-(+17.0))-(((+18.0*-79.0)/+81.0)%-17.0))++12.0)++85.0)-(((+26.0*-(+14.0))/+91.0)%-11.0)) = 98.56;
444) (((((+72.0+-(+1.0))-(((+98.0*-4.0)/+7.0)%-21.0))++77.0)++16.0)-(((+81.0*-(+21.0))/+56.0)%-31.0)) = 208.38;
445) ((((+88.0+-(+20.0))-((((+71.0*-45.0)/+94.0)%-16.0)*-52.0))++57.0)-(((+43.0*-(+52.0))/+13.0)%-59.0)) = 75.55;
446) ((+7.0+-(+52.0))-(((+12.0*-18.0)/+50.0)%-29.0)) = -40.68;
447) ((+40.0++37.0)-(((+22.0*-(+54.0))/+82.0)%-34.0)) = 91.49;
448) (((((+68.0+-(+15.0))-(((+40.0*-70.0)/+65.0)%-13.0))-+59.0)++93.0)-(((+52.0*-(+71.0))/+49.0)%-12.0)) = 94.42;
449) ((+43.0+-(+54.0))-(((+1.0*-79.0)/+5.0)%-64.0)) = 4.8;
450) ((+37.0++8.0)-(((+53.0*-(+79.0))/+40.0)%-85.0)) = 64.68;
451) (((((+2.0+-(+59.0))-(((+12.0*-41.0)/+76.0)%-78.0))++84.0)++60.0)-(((+54.0*-(+10.0))/+68.0)%-70.0)) = 101.41;
452) (((((+0.0+-(+13.0))-(((+92.0*-91.0)/+91.0)%-35.0))++97.0)++68.0)-(((+18.0*-(+79.0))/+35.0)%-58.0)) = 214.63;
453) ((((+49.0+-(+9.0))-((((+85.0*-30.0)/+46.0)%-50.0)*-65.0))++41.0)-(((+22.0*-(+22.0))/+21.0)%-95.0)) = -249.21;
454) ((+50.0+-(+60.0))-(((+75.0*-91.0)/+29.0)%-8.0)) = -6.66;
455) ((+18.0++11.0)-(((+1.0*-(+63.0))/+75.0)%-29.0)) = 29.84;
456) (((((+42.0+-(+83.0))-(((+36.0*-38.0)/+47.0)%-84.0))-+61.0)++15.0)-(((+66.0*-(+76.0))/+41.0)%-8.0)) = -55.55;
457) ((+83.0+-(+79.0))-(((+38.0*-98.0)/+68.0)%-69.0)) = 58.76;
458) ((+80.0++12.0)-(((+95.0*-(+35.0))/+23.0)%-87.0)) = 149.57;
459) (((((+57.0+-(+45.0))-(((+26.0*-80.0)/+65.0)%-91.0))++80.0)++0.0)-(((+29.0*-(+31.0))/+49.0)%-34.0)) = 142.35;
460) (((((+6.0+-(+27.0))-(((+59.0*-5.0)/+53.0)%-27.0))++81.0)++15.0)-(((+54.0*-(+57.0))/+10.0)%-98.0)) = 94.37;
461) ((((+25.0+-(+34.0))-((((+50.0*-32.0)/+93.0)%-21.0)*-88.0))++7.0)-(((+93.0*-(+81.0))/+40.0)%-85.0)) = -1497.65;
462) ((+57.0+-(+69.0))-(((+50.0*-37.0)/+7.0)%-47.0)) = 17.29;
463) ((+28.0++8.0)-(((+68.0*-(+60.0))/+64.0)%-78.0)) = 99.75;
464) (((((+11.0+-(+50.0))-(((+18.0*-15.0)/+97.0)%-51.0))-+5.0)++13.0)-(((+57.0*-(+59.0))/+26.0)%-14.0)) = -24.87;
465) ((+56.0+-(+42.0))-(((+73.0*-57.0)/+90.0)%-83.0)) = 60.23;
466) ((+96.0++74.0)-(((+15.0*-(+26.0))/+95.0)%-34.0)) = 174.11;
467) (((((+56.0+-(+20.0))-(((+72.0*-74.0)/+67.0)%-83.0))++88.0)++72.0)-(((+11.0*-(+74.0))/+73.0)%-35.0)) = 286.67;
468) (((((+55.0+-(+62.0))-(((+87.0*-2.0)/+31.0)%-94.0))++10.0)++14.0)-(((+83.0*-(+50.0))/+89.0)%-33.0)) = 36.24;
469) ((((+46.0+-(+82.0))-((((+18.0*-48.0)/+3.0)%-61.0)*-37.0))++41.0)-(((+97.0*-(+22.0))/+94.0)%-39.0)) = -1600.3;
470) ((+2.0+-(+12.0))-(((+34.0*-15.0)/+11.0)%-7.0)) = -5.64;
471) ((+79.0++27.0)-(((+68.0*-(+1.0))/+63.0)%-3.0)) = 107.08;
472) (((((+12.0+-(+44.0))-(((+86.0*-47.0)/+9.0)%-53.0))-+52.0)++30.0)-(((+40.0*-(+37.0))/+78.0)%-85.0)) = -9.91;
473) ((+16.0+-(+29.0))-(((+51.0*-40.0)/+32.0)%-1.0)) = -12.25;
474) ((+89.0++4.0)-(((+69.0*-(+29.0))/+79.0)%-35.0)) = 118.33;
475) (((((+18.0+-(+93.0))-(((+27.0*-96.0)/+82.0)%-72.0))++4.0)++14.0)-(((+27.0*-(+1.0))/+82.0)%-38.0)) = -25.06;
476) (((((+6.0+-(+83.0))-(((+75.0*-4.0)/+1.0)%-10.0))++78.0)++44.0)-(((+62.0*-(+6.0))/+30.0)%-38.0)) = 57.4;
477) ((((+63.0+-(+41.0))-((((+61.0*-10.0)/+76.0)%-25.0)*-15.0))++40.0)-(((+47.0*-(+44.0))/+28.0)%-76.0)) = 15.46;
478) ((+6.0+-(+92.0))-(((+29.0*-64.0)/+67.0)%-32.0)) = -58.3;
479) ((+3.0++28.0)-(((+81.0*-(+59.0))/+10.0)%-73.0)) = 70.9;
480) (((((+85.0+-(+37.0))-(((+94.0*-18.0)/+7.0)%-74.0))-+96.0)++19.0)-(((+19.0*-(+68.0))/+80.0)%-51.0)) = 6.86;
481) ((+14.0+-(+63.0))-(((+86.0*-85.0)/+38.0)%-89.0)) = -34.63;
482) ((+15.0++0.0)-(((+65.0*-(+26.0))/+25.0)%-22.0)) = 16.6;
483) (((((+12.0+-(+39.0))-(((+58.0*-70.0)/+61.0)%-67.0))++80.0)++71.0)-(((+51.0*-(+5.0))/+43.0)%-85.0)) = 196.49;
484) (((((+59.0+-(+89.0))-(((+86.0*-86.0)/+1.0)%-25.0))++12.0)++4.0)-(((+41.0*-(+22.0))/+80.0)%-37.0)) = 18.28;
485) ((((+51.0+-(+91.0))-((((+16.0*-31.0)/+6.0)%-20.0)*-94.0))++96.0)-(((+96.0*-(+3.0))/+83.0)%-8.0)) = -191.2;
486) ((+43.0+-(+60.0))-(((+23.0*-59.0)/+12.0)%-18.0)) = -11.92;
487) ((+57.0++0.0)-(((+75.0*-(+70.0))/+52.0)%-61.0)) = 96.96;
488) (((((+54.0+-(+2.0))-(((+6.0*-15.0)/+55.0)%-92.0))-+48.0)++34.0)-(((+93.0*-(+42.0))/+64.0)%-34.0)) = 66.67;
489) ((+84.0+-(+34.0))-(((+4.0*-31.0)/+15.0)%-58.0)) = 58.27;
490) ((+67.0++43.0)-(((+18.0*-(+50.0))/+36.0)%-83.0)) = 135.0;
491) (((((+23.0+-(+27.0))-(((+15.0*-23.0)/+7.0)%-80.0))++10.0)++4.0)-(((+11.0*-(+78.0))/+72.0)%-71.0)) = 71.2;
492) (((((+14.0+-(+44.0))-(((+89.0*-54.0)/+52.0)%-72.0))++27.0)++76.0)-(((+44.0*-(+76.0))/+46.0)%-59.0)) = 107.12;
493) ((((+57.0+-(+38.0))-((((+9.0*-58.0)/+62.0)%-33.0)*-28.0))++22.0)-(((+39.0*-(+60.0))/+76.0)%-25.0)) = -188.95;
494) ((+5.0+-(+67.0))-(((+76.0*-51.0)/+83.0)%-39.0)) = -54.3;
495) ((+91.0++40.0)-(((+66.0*-(+60.0))/+8.0)%-17.0)) = 133.0;
496) (((((+78.0+-(+72.0))-(((+9.0*-74.0)/+68.0)%-31.0))-+12.0)++64.0)-(((+82.0*-(+81.0))/+71.0)%-66.0)) = 95.34;
497) ((+31.0+-(+30.0))-(((+44.0*-45.0)/+6.0)%-46.0)) = 9.0;
498) ((+44.0++50.0)-(((+66.0*-(+77.0))/+65.0)%-79.0)) = 172.18;
499) (((((+50.0+-(+23.0))-(((+34.0*-46.0)/+82.0)%-88.0))++9.0)++43.0)-(((+7.0*-(+46.0))/+50.0)%-53.0)) = 104.51;
500) (((((+82.0+-(+71.0))-(((+67.0*-65.0)/+92.0)%-51.0))++69.0)++46.0)-(((+97.0*-(+46.0))/+97.0)%-38.0)) = 181.34;
501) ((((+82.0+-(+45.0))-((((+39.0*-13.0)/+21.0)%-65.0)*-97.0))++17.0)-(((+7.0*-(+67.0))/+40.0)%-42.0)) = -2276.13;
502) ((+96.0+-(+25.0))-(((+31.0*-88.0)/+41.0)%-36.0)) = 101.54;
503) ((+30.0++20.0)-(((+94.0*-(+62.0))/+48.0)%-70.0)) = 101.42;
504) (((((+23.0+-(+48.0))-(((+4.0*-39.0)/+28.0)%-51.0))-+76.0)++33.0)-(((+54.0*-(+41.0))/+45.0)%-78.0)) = -13.23;
505) ((+88.0+-(+65.0))-(((+20.0*-0.0)/+40.0)%-64.0)) = 23.0;
506) ((+42.0++95.0)-(((+48.0*-(+18.0))/+45.0)%-17.0)) = 139.2;
507) (((((+64.0+-(+66.0))-(((+98.0*-11.0)/+23.0)%-92.0))++26.0)++67.0)-(((+58.0*-(+75.0))/+39.0)%-82.0)) = 167.41;
508) (((((+12.0+-(+16.0))-(((+86.0*-55.0)/+56.0)%-82.0))++91.0)++59.0)-(((+48.0*-(+97.0))/+23.0)%-65.0)) = 155.9;
509) ((((+29.0+-(+45.0))-((((+27.0*-53.0)/+33.0)%-44.0)*-40.0))++42.0)-(((+48.0*-(+77.0))/+61.0)%-45.0)) = -1692.96;
510) ((+84.0+-(+3.0))-(((+27.0*-38.0)/+91.0)%-1.0)) = 81.27;
511) ((+87.0++11.0)-(((+61.0*-(+20.0))/+36.0)%-40.0)) = 131.89;
512) (((((+74.0+-(+39.0))-(((+32.0*-52.0)/+53.0)%-74.0))-+3.0)++23.0)-(((+52.0*-(+39.0))/+88.0)%-93.0)) = 109.44;
513) ((+87.0+-(+43.0))-(((+35.0*-41.0)/+18.0)%-35.0)) = 53.72;
514) ((+84.0++47.0)-(((+53.0*-(+7.0))/+72.0)%-15.0)) = 136.15;
515) (((((+92.0+-(+52.0))-(((+49.0*-62.0)/+69.0)%-76.0))++66.0)++25.0)-(((+18.0*-(+56.0))/+35.0)%-73.0)) = 203.83;
516) (((((+68.0+-(+46.0))-(((+64.0*-33.0)/+19.0)%-24.0))++77.0)++43.0)-(((+37.0*-(+0.0))/+23.0)%-46.0)) = 157.16;
517) ((((+56.0+-(+16.0))-((((+91.0*-88.0)/+82.0)%-59.0)*-48.0))++72.0)-(((+50.0*-(+6.0))/+47.0)%-95.0)) = -1737.23;
518) ((+18.0+-(+39.0))-(((+18.0*-38.0)/+55.0)%-53.0)) = -8.56;
519) ((+96.0++66.0)-(((+2.0*-(+78.0))/+39.0)%-90.0)) = 166.0;
520) (((((+2.0+-(+33.0))-(((+88.0*-46.0)/+36.0)%-12.0))-+70.0)++86.0)-(((+36.0*-(+87.0))/+19.0)%-11.0)) = 0.29;
521) ((+26.0+-(+30.0))-(((+8.0*-92.0)/+51.0)%-47.0)) = 10.43;
522) ((+97.0++87.0)-(((+46.0*-(+94.0))/+79.0)%-77.0)) = 238.73;
523) (((((+33.0+-(+5.0))-(((+82.0*-79.0)/+38.0)%-44.0))++16.0)++42.0)-(((+74.0*-(+90.0))/+87.0)%-77.0)) = 201.03;
524) (((((+10.0+-(+74.0))-(((+45.0*-40.0)/+45.0)%-58.0))++30.0)++72.0)-(((+48.0*-(+28.0))/+68.0)%-97.0)) = 97.76;
525) ((((+15.0+-(+74.0))-((((+86.0*-83.0)/+9.0)%-82.0)*-63.0))++2.0)-(((+47.0*-(+5.0))/+79.0)%-41.0)) = -3526.03;
526) ((+87.0+-(+45.0))-(((+84.0*-58.0)/+17.0)%-74.0)) = 106.59;
527) ((+38.0++97.0)-(((+4.0*-(+0.0))/+32.0)%-85.0)) = 135.0;
528) (((((+44.0+-(+11.0))-(((+86.0*-79.0)/+25.0)%-94.0))-+90.0)++12.0)-(((+26.0*-(+6.0))/+53.0)%-11.0)) = 41.7;
529) ((+71.0+-(+98.0))-(((+58.0*-75.0)/+96.0)%-46.0)) = 18.31;
530) ((+35.0++50.0)-(((+65.0*-(+16.0))/+53.0)%-68.0)) = 104.62;
531) (((((+35.0+-(+92.0))-(((+30.0*-71.0)/+53.0)%-10.0))++26.0)++27.0)-(((+44.0*-(+93.0))/+73.0)%-39.0)) = 13.24;
532) (((((+10.0+-(+3.0))-(((+28.0*-82.0)/+80.0)%-67.0))++15.0)++68.0)-(((+62.0*-(+62.0))/+41.0)%-49.0)) = 163.46;
533) ((((+66.0+-(+71.0))-((((+27.0*-36.0)/+76.0)%-7.0)*-49.0))++16.0)-(((+93.0*-(+49.0))/+38.0)%-29.0)) = -268.76;
534) ((+4.0+-(+0.0))-(((+49.0*-35.0)/+43.0)%-26.0)) = 17.88;
535) ((+77.0++87.0)-(((+26.0*-(+43.0))/+12.0)%-14.0)) = 173.17;
536) (((((+77.0+-(+51.0))-(((+54.0*-92.0)/+18.0)%-21.0))-+88.0)++69.0)-(((+40.0*-(+21.0))/+74.0)%-77.0)) = 21.35;
537) ((+57.0+-(+80.0))-(((+88.0*-75.0)/+47.0)%-19.0)) = -15.57;
538) ((+40.0++31.0)-(((+10.0*-(+80.0))/+34.0)%-38.0)) = 94.53;
539) (((((+93.0+-(+26.0))-(((+15.0*-55.0)/+27.0)%-42.0))++7.0)++20.0)-(((+93.0*-(+40.0))/+18.0)%-1.0)) = 125.22;
540) (((((+15.0+-(+2.0))-(((+73.0*-76.0)/+33.0)%-39.0))++82.0)++70.0)-(((+79.0*-(+56.0))/+17.0)%-52.0)) = 177.36;
541) ((((+28.0+-(+48.0))-((((+5.0*-73.0)/+19.0)%-62.0)*-81.0))++98.0)-(((+22.0*-(+79.0))/+2.0)%-8.0)) = -1473.05;
542) ((+43.0+-(+48.0))-(((+20.0*-96.0)/+5.0)%-32.0)) = -5.0;
543) ((+16.0++63.0)-(((+93.0*-(+63.0))/+28.0)%-39.0)) = 93.25;
544) (((((+59.0+-(+15.0))-(((+85.0*-56.0)/+37.0)%-35.0))-+20.0)++88.0)-(((+69.0*-(+49.0))/+40.0)%-20.0)) = 140.17;
545) ((+26.0+-(+77.0))-(((+43.0*-98.0)/+59.0)%-92.0)) = 20.42;
546) ((+50.0++32.0)-(((+71.0*-(+90.0))/+89.0)%-95.0)) = 153.8;
547) (((((+59.0+-(+66.0))-(((+56.0*-90.0)/+13.0)%-48.0))++63.0)++68.0)-(((+60.0*-(+13.0))/+2.0)%-50.0)) = 167.69;
548) (((((+88.0+-(+22.0))-(((+50.0*-3.0)/+64.0)%-9.0))++50.0)++12.0)-(((+2.0*-(+20.0))/+18.0)%-40.0)) = 132.57;
549) ((((+64.0+-(+76.0))-((((+40.0*-76.0)/+60.0)%-71.0)*-1.0))++40.0)-(((+10.0*-(+19.0))/+35.0)%-77.0)) = -17.24;
550) ((+44.0+-(+42.0))-(((+81.0*-56.0)/+61.0)%-32.0)) = 12.36;
551) ((+60.0++67.0)-(((+60.0*-(+15.0))/+62.0)%-93.0)) = 141.52;
552) (((((+41.0+-(+34.0))-(((+72.0*-49.0)/+2.0)%-65.0))-+56.0)++60.0)-(((+37.0*-(+67.0))/+14.0)%-94.0)) = 103.07;
553) ((+48.0+-(+67.0))-(((+26.0*-65.0)/+12.0)%-15.0)) = -13.17;
554) ((+58.0++34.0)-(((+8.0*-(+17.0))/+82.0)%-13.0)) = 93.66;
555) (((((+72.0+-(+81.0))-(((+2.0*-37.0)/+91.0)%-94.0))++62.0)++11.0)-(((+27.0*-(+48.0))/+56.0)%-75.0)) = 87.96;
556) (((((+3.0+-(+88.0))-(((+35.0*-84.0)/+23.0)%-76.0))++91.0)++12.0)-(((+14.0*-(+77.0))/+61.0)%-52.0)) = 87.5;
557) ((((+3.0+-(+93.0))-((((+97.0*-92.0)/+86.0)%-36.0)*-31.0))++89.0)-(((+57.0*-(+20.0))/+67.0)%-55.0)) = -968.78;
558) ((+67.0+-(+36.0))-(((+45.0*-42.0)/+15.0)%-16.0)) = 45.0;
559) ((+3.0++11.0)-(((+92.0*-(+92.0))/+65.0)%-31.0)) = 20.22;
560) (((((+82.0+-(+68.0))-(((+14.0*-94.0)/+54.0)%-60.0))-+4.0)++7.0)-(((+61.0*-(+86.0))/+11.0)%-65.0)) = 63.28;
561) ((+50.0+-(+16.0))-(((+54.0*-46.0)/+81.0)%-60.0)) = 64.67;
562) ((+68.0++47.0)-(((+8.0*-(+35.0))/+68.0)%-29.0)) = 119.12;
563) (((((+74.0+-(+34.0))-(((+80.0*-86.0)/+36.0)%-74.0))++50.0)++86.0)-(((+41.0*-(+31.0))/+10.0)%-73.0)) = 273.21;
564) (((((+49.0+-(+5.0))-(((+67.0*-39.0)/+59.0)%-65.0))++68.0)++76.0)-(((+65.0*-(+83.0))/+86.0)%-34.0)) = 261.02;
565) ((((+80.0+-(+13.0))-((((+81.0*-62.0)/+90.0)%-37.0)*-36.0))++80.0)-(((+9.0*-(+67.0))/+18.0)%-35.0)) = -496.3;
566) ((+47.0+-(+16.0))-(((+19.0*-39.0)/+16.0)%-10.0)) = 37.31;
567) ((+26.0++1.0)-(((+24.0*-(+45.0))/+4.0)%-58.0)) = 65.0;
568) (((((+78.0+-(+92.0))-(((+96.0*-91.0)/+77.0)%-49.0))-+97.0)++12.0)-(((+25.0*-(+72.0))/+54.0)%-8.0)) = -82.21;
569) ((+48.0+-(+11.0))-(((+20.0*-46.0)/+91.0)%-97.0)) = 47.11;
570) ((+54.0++9.0)-(((+12.0*-(+11.0))/+3.0)%-87.0)) = 107.0;
571) (((((+21.0+-(+89.0))-(((+86.0*-80.0)/+28.0)%-38.0))++21.0)++12.0)-(((+82.0*-(+93.0))/+79.0)%-84.0)) = -4.75;
572) (((((+93.0+-(+0.0))-(((+93.0*-86.0)/+98.0)%-4.0))++49.0)++4.0)-(((+64.0*-(+30.0))/+16.0)%-53.0)) = 161.61;
573) ((((+92.0+-(+49.0))-((((+90.0*-11.0)/+11.0)%-47.0)*-41.0))++8.0)-(((+88.0*-(+82.0))/+17.0)%-8.0)) = -1711.53;
574) ((+78.0+-(+84.0))-(((+82.0*-47.0)/+58.0)%-51.0)) = 9.45;
575) ((+14.0++23.0)-(((+57.0*-(+0.0))/+4.0)%-2.0)) = 37.0;
576) (((((+42.0+-(+76.0))-(((+60.0*-86.0)/+24.0)%-45.0))-+86.0)++15.0)-(((+91.0*-(+84.0))/+70.0)%-41.0)) = -42.8;
577) ((+38.0+-(+86.0))-(((+57.0*-59.0)/+39.0)%-69.0)) = -30.77;
578) ((+69.0++81.0)-(((+96.0*-(+64.0))/+93.0)%-39.0)) = 177.06;
579) (((((+50.0+-(+34.0))-(((+95.0*-37.0)/+92.0)%-11.0))++34.0)++36.0)-(((+54.0*-(+75.0))/+63.0)%-62.0)) = 93.49;
580) (((((+3.0+-(+42.0))-(((+73.0*-40.0)/+32.0)%-91.0))++53.0)++96.0)-(((+88.0*-(+94.0))/+30.0)%-36.0)) = 133.98;
581) ((((+32.0+-(+54.0))-((((+81.0*-61.0)/+10.0)%-39.0)*-45.0))++63.0)-(((+39.0*-(+65.0))/+87.0)%-78.0)) = -1104.36;
582) ((+72.0+-(+65.0))-(((+32.0*-25.0)/+51.0)%-82.0)) = 22.69;
583) ((+38.0++35.0)-(((+6.0*-(+11.0))/+42.0)%-5.0)) = 74.57;
584) (((((+11.0+-(+4.0))-(((+44.0*-10.0)/+5.0)%-85.0))-+2.0)++17.0)-(((+23.0*-(+9.0))/+77.0)%-85.0)) = 27.69;
585) ((+30.0+-(+44.0))-(((+27.0*-33.0)/+71.0)%-29.0)) = -1.45;
586) ((+70.0++4.0)-(((+58.0*-(+32.0))/+8.0)%-31.0)) = 89.0;
587) (((((+82.0+-(+26.0))-(((+50.0*-10.0)/+42.0)%-36.0))++96.0)++51.0)-(((+44.0*-(+38.0))/+97.0)%-66.0)) = 232.14;
588) (((((+73.0+-(+40.0))-(((+40.0*-13.0)/+23.0)%-97.0))++10.0)++98.0)-(((+22.0*-(+52.0))/+32.0)%-10.0)) = 169.36;
589) ((((+49.0+-(+61.0))-((((+44.0*-92.0)/+52.0)%-93.0)*-8.0))++21.0)-(((+46.0*-(+84.0))/+74.0)%-71.0)) = -561.55;
590) ((+9.0+-(+97.0))-(((+60.0*-58.0)/+7.0)%-63.0)) = -31.86;
591) ((+49.0++58.0)-(((+32.0*-(+20.0))/+16.0)%-42.0)) = 147.0;
592) (((((+50.0+-(+43.0))-(((+16.0*-74.0)/+37.0)%-47.0))-+40.0)++95.0)-(((+45.0*-(+46.0))/+32.0)%-11.0)) = 103.69;
593) ((+14.0+-(+54.0))-(((+6.0*-35.0)/+98.0)%-98.0)) = -37.86;
594) ((+29.0++14.0)-(((+63.0*-(+55.0))/+52.0)%-31.0)) = 47.63;
595) (((((+19.0+-(+87.0))-(((+34.0*-45.0)/+89.0)%-34.0))++86.0)++19.0)-(((+64.0*-(+89.0))/+61.0)%-6.0)) = 57.57;
596) (((((+47.0+-(+93.0))-(((+55.0*-77.0)/+65.0)%-39.0))++52.0)++45.0)-(((+76.0*-(+6.0))/+72.0)%-87.0)) = 83.49;
597) ((((+15.0+-(+56.0))-((((+15.0*-95.0)/+14.0)%-36.0)*-74.0))++63.0)-(((+51.0*-(+85.0))/+18.0)%-90.0)) = -2121.31;
598) ((+69.0+-(+66.0))-(((+63.0*-13.0)/+31.0)%-91.0)) = 29.42;
599) ((+38.0++21.0)-(((+52.0*-(+98.0))/+39.0)%-30.0)) = 69.67;
600) (((((+28.0+-(+75.0))-(((+61.0*-91.0)/+85.0)%-61.0))-+84.0)++34.0)-(((+28.0*-(+10.0))/+35.0)%-28.0)) = -84.69;
601) ((+60.0+-(+58.0))-(((+15.0*-16.0)/+43.0)%-89.0)) = 7.58;
602) ((+46.0++57.0)-(((+56.0*-(+72.0))/+27.0)%-98.0)) = 154.33;
603) (((((+6.0+-(+59.0))-(((+89.0*-46.0)/+36.0)%-14.0))++6.0)++74.0)-(((+52.0*-(+32.0))/+58.0)%-48.0)) = 57.41;
604) (((((+72.0+-(+81.0))-(((+29.0*-13.0)/+14.0)%-1.0))++47.0)++14.0)-(((+94.0*-(+89.0))/+5.0)%-11.0)) = 54.13;
605) ((((+67.0+-(+26.0))-((((+37.0*-72.0)/+75.0)%-34.0)*-39.0))++38.0)-(((+43.0*-(+44.0))/+54.0)%-40.0)) = 54.76;
606) ((+54.0+-(+11.0))-(((+59.0*-92.0)/+86.0)%-3.0)) = 43.12;
607) ((+30.0++3.0)-(((+38.0*-(+55.0))/+67.0)%-37.0)) = 64.19;
608) (((((+74.0+-(+66.0))-(((+43.0*-64.0)/+30.0)%-8.0))-+56.0)++24.0)-(((+68.0*-(+90.0))/+76.0)%-62.0)) = -1.74;
609) ((+33.0+-(+71.0))-(((+69.0*-38.0)/+12.0)%-86.0)) = 8.5;
610) ((+33.0++25.0)-(((+36.0*-(+41.0))/+3.0)%-15.0)) = 70.0;
611) (((((+49.0+-(+89.0))-(((+90.0*-74.0)/+17.0)%-82.0))++28.0)++90.0)-(((+8.0*-(+12.0))/+9.0)%-71.0)) = 152.43;
612) (((((+38.0+-(+23.0))-(((+91.0*-1.0)/+22.0)%-87.0))++60.0)++3.0)-(((+74.0*-(+96.0))/+32.0)%-36.0)) = 88.14;
613) ((((+66.0+-(+71.0))-((((+19.0*-72.0)/+14.0)%-81.0)*-88.0))++90.0)-(((+57.0*-(+89.0))/+32.0)%-94.0)) = -1321.33;
614) ((+53.0+-(+3.0))-(((+65.0*-5.0)/+54.0)%-38.0)) = 56.02;
615) ((+32.0++25.0)-(((+89.0*-(+6.0))/+84.0)%-45.0)) = 63.36;
616) (((((+97.0+-(+5.0))-(((+62.0*-38.0)/+45.0)%-92.0))-+72.0)++83.0)-(((+43.0*-(+58.0))/+19.0)%-68.0)) = 218.62;
617) ((+11.0+-(+40.0))-(((+94.0*-93.0)/+51.0)%-78.0)) = -13.59;
618) ((+48.0++45.0)-(((+62.0*-(+47.0))/+67.0)%-5.0)) = 96.49;
619) (((((+87.0+-(+43.0))-(((+29.0*-53.0)/+62.0)%-16.0))++27.0)++88.0)-(((+43.0*-(+51.0))/+88.0)%-34.0)) = 192.71;
620) (((((+1.0+-(+23.0))-(((+28.0*-21.0)/+15.0)%-76.0))++9.0)++93.0)-(((+70.0*-(+37.0))/+24.0)%-74.0)) = 153.12;
621) ((((+35.0+-(+63.0))-((((+17.0*-31.0)/+60.0)%-46.0)*-9.0))++7.0)-(((+46.0*-(+32.0))/+75.0)%-35.0)) = -80.42;
622) ((+94.0+-(+89.0))-(((+28.0*-15.0)/+41.0)%-18.0)) = 15.24;
623) ((+46.0++17.0)-(((+48.0*-(+43.0))/+73.0)%-83.0)) = 91.27;
624) (((((+1.0+-(+12.0))-(((+43.0*-32.0)/+38.0)%-29.0))-+91.0)++5.0)-(((+7.0*-(+57.0))/+55.0)%-24.0)) = -82.53;
625) ((+31.0+-(+24.0))-(((+84.0*-20.0)/+27.0)%-18.0)) = 15.22;
626) ((+24.0++22.0)-(((+12.0*-(+77.0))/+70.0)%-44.0)) = 59.2;
627) (((((+21.0+-(+94.0))-(((+32.0*-74.0)/+35.0)%-4.0))++57.0)++59.0)-(((+83.0*-(+77.0))/+57.0)%-65.0)) = 93.78;
628) (((((+36.0+-(+26.0))-(((+46.0*-61.0)/+49.0)%-42.0))++92.0)++75.0)-(((+69.0*-(+30.0))/+28.0)%-70.0)) = 196.19;
629) ((((+68.0+-(+58.0))-((((+62.0*-47.0)/+94.0)%-78.0)*-57.0))++2.0)-(((+78.0*-(+43.0))/+64.0)%-88.0)) = -1702.59;
630) ((+34.0+-(+80.0))-(((+50.0*-63.0)/+92.0)%-52.0)) = -11.76;
631) ((+19.0++39.0)-(((+14.0*-(+66.0))/+30.0)%-72.0)) = 88.8;
632) (((((+57.0+-(+33.0))-(((+98.0*-22.0)/+10.0)%-11.0))-+89.0)++54.0)-(((+51.0*-(+3.0))/+64.0)%-4.0)) = -2.01;
633) ((+98.0+-(+19.0))-(((+23.0*-8.0)/+23.0)%-1.0)) = 79.0;
634) ((+16.0++85.0)-(((+13.0*-(+13.0))/+75.0)%-62.0)) = 103.25;
635) (((((+76.0+-(+31.0))-(((+74.0*-92.0)/+20.0)%-36.0))++22.0)++1.0)-(((+96.0*-(+31.0))/+67.0)%-67.0)) = 128.82;
636) (((((+0.0+-(+60.0))-(((+33.0*-49.0)/+46.0)%-57.0))++45.0)++96.0)-(((+79.0*-(+34.0))/+80.0)%-2.0)) = 117.73;
637) ((((+58.0+-(+51.0))-((((+0.0*-86.0)/+57.0)%-55.0)*-87.0))++33.0)-(((+8.0*-(+40.0))/+38.0)%-76.0)) = 48.42;
638) ((+26.0+-(+70.0))-(((+0.0*-64.0)/+52.0)%-26.0)) = -44.0;
639) ((+71.0++89.0)-(((+87.0*-(+50.0))/+87.0)%-21.0)) = 168.0;
640) (((((+29.0+-(+52.0))-(((+25.0*-59.0)/+51.0)%-11.0))-+77.0)++51.0)-(((+50.0*-(+30.0))/+65.0)%-33.0)) = -19.0;
641) (+32.0+(((-((+0.0-+3.0))*-93.0)/+56.0)%-93.0)) = 27.02;
642) ((+26.0++94.0)-((-((+8.0*-15.0))/+24.0)%-66.0)) = 115.0;
643) ((((+19.0+(((-((+51.0-+1.0))*-56.0)/+38.0)%-55.0))-+7.0)++41.0)-((-((+36.0*-18.0))/+87.0)%-71.0)) = 64.24;
644) (+30.0+(((-((+34.0-+59.0))*-54.0)/+36.0)%-1.0)) = 29.5;
645) ((+10.0++81.0)-((-((+62.0*-47.0))/+97.0)%-40.0)) = 60.96;
646) ((((+48.0+(((-((+50.0-+58.0))*-22.0)/+74.0)%-26.0))++46.0)++83.0)-((-((+31.0*-45.0))/+62.0)%-52.0)) = 152.12;
647) ((((+29.0+(((-((+66.0-+44.0))*-88.0)/+16.0)%-98.0))++26.0)++2.0)-((-((+62.0*-82.0))/+68.0)%-75.0)) = 5.24;
648) (((+14.0+((((-((+68.0-+96.0))*-92.0)/+54.0)%-59.0)*-52.0))++7.0)-((-((+16.0*-28.0))/+98.0)%-43.0)) = 2497.02;
649) (+78.0+(((-((+9.0-+58.0))*-25.0)/+43.0)%-97.0)) = 49.51;
650) ((+18.0++38.0)-((-((+45.0*-59.0))/+80.0)%-65.0)) = 22.81;
651) ((((+86.0+(((-((+94.0-+37.0))*-20.0)/+45.0)%-8.0))-+23.0)++50.0)-((-((+33.0*-72.0))/+70.0)%-96.0)) = 80.39;
652) (+93.0+(((-((+45.0-+7.0))*-30.0)/+25.0)%-60.0)) = 138.6;
653) ((+7.0++12.0)-((-((+9.0*-5.0))/+76.0)%-93.0)) = 18.41;
654) ((((+53.0+(((-((+34.0-+66.0))*-92.0)/+86.0)%-93.0))++58.0)++29.0)-((-((+69.0*-7.0))/+55.0)%-78.0)) = 96.99;
655) ((((+65.0+(((-((+94.0-+22.0))*-43.0)/+59.0)%-30.0))++58.0)++41.0)-((-((+33.0*-28.0))/+32.0)%-18.0)) = 175.6;
656) (((+62.0+((((-((+42.0-+21.0))*-80.0)/+55.0)%-39.0)*-42.0))++18.0)-((-((+71.0*-6.0))/+88.0)%-10.0)) = -1207.75;
657) (+91.0+(((-((+3.0-+67.0))*-40.0)/+11.0)%-36.0)) = 74.27;
658) ((+82.0++35.0)-((-((+25.0*-67.0))/+78.0)%-7.0)) = 116.53;
659) ((((+47.0+(((-((+21.0-+9.0))*-87.0)/+76.0)%-98.0))-+19.0)++15.0)-((-((+7.0*-75.0))/+5.0)%-38.0)) = 27.74;
660) (+58.0+(((-((+93.0-+1.0))*-80.0)/+48.0)%-79.0)) = 132.33;
661) ((+43.0++21.0)-((-((+91.0*-73.0))/+18.0)%-4.0)) = 62.94;
662) ((((+69.0+(((-((+67.0-+35.0))*-46.0)/+18.0)%-68.0))++82.0)++1.0)-((-((+70.0*-38.0))/+3.0)%-31.0)) = 147.11;
663) ((((+32.0+(((-((+67.0-+38.0))*-51.0)/+8.0)%-93.0))++33.0)++15.0)-((-((+13.0*-44.0))/+28.0)%-41.0)) = 151.45;
664) (((+55.0+((((-((+10.0-+72.0))*-30.0)/+38.0)%-34.0)*-13.0))++78.0)-((-((+89.0*-34.0))/+71.0)%-20.0)) = 324.7;
665) (+50.0+(((-((+25.0-+71.0))*-15.0)/+8.0)%-70.0)) = 33.75;
666) ((+39.0++52.0)-((-((+43.0*-1.0))/+2.0)%-2.0)) = 89.5;
667) ((((+24.0+(((-((+40.0-+81.0))*-11.0)/+81.0)%-8.0))-+1.0)++70.0)-((-((+48.0*-30.0))/+40.0)%-19.0)) = 70.43;
668) (+72.0+((-((+55.0-(+80.0*-6.0)))/+98.0)%-60.0)) = 66.54;
669) ((+17.0++98.0)-(-(((+39.0*-0.0)/+16.0))%-74.0)) = 115.0;
670) ((((+59.0+((-((+98.0-(+12.0*-47.0)))/+39.0)%-70.0))-+20.0)++30.0)-(-(((+29.0*-8.0)/+51.0))%-21.0)) = 47.48;
671) (+90.0+((-((+40.0-(+82.0*-55.0)))/+64.0)%-36.0)) = 54.91;
672) ((+38.0++67.0)-(-(((+85.0*-27.0)/+84.0))%-51.0)) = 77.68;
673) ((((+32.0+((-((+42.0-(+10.0*-84.0)))/+89.0)%-40.0))++76.0)++86.0)-(-(((+44.0*-58.0)/+92.0))%-4.0)) = 180.35;
674) ((((+29.0+((-((+90.0-(+58.0*-57.0)))/+67.0)%-93.0))++85.0)++70.0)-(-(((+1.0*-53.0)/+1.0))%-19.0)) = 118.31;
675) (((+70.0+(((-((+31.0-(+21.0*-36.0)))/+69.0)%-91.0)*-27.0))++53.0)-(-(((+90.0*-81.0)/+47.0))%-42.0)) = 401.85;
676) (+31.0+((-((+82.0-(+2.0*-65.0)))/+9.0)%-20.0)) = 27.44;
677) ((+20.0++24.0)-(-(((+75.0*-62.0)/+48.0))%-51.0)) = -1.88;
678) ((((+6.0+((-((+61.0-(+30.0*-41.0)))/+65.0)%-44.0))-+10.0)++90.0)-(-(((+97.0*-4.0)/+28.0))%-21.0)) = 52.28;
679) (+2.0+((-((+63.0-(+45.0*-12.0)))/+89.0)%-90.0)) = -4.78;
680) ((+96.0++45.0)-(-(((+14.0*-46.0)/+80.0))%-59.0)) = 132.95;
681) ((((+12.0+((-((+7.0-(+94.0*-49.0)))/+70.0)%-33.0))++48.0)++57.0)-(-(((+27.0*-63.0)/+60.0))%-97.0)) = 55.75;
682) ((((+95.0+((-((+50.0-(+31.0*-6.0)))/+82.0)%-76.0))++85.0)++78.0)-(-(((+3.0*-85.0)/+72.0))%-46.0)) = 251.58;
683) (((+6.0+(((-((+31.0-(+76.0*-98.0)))/+10.0)%-55.0)*-86.0))++47.0)-(-(((+96.0*-25.0)/+71.0))%-6.0)) = 2878.6;
684) (+25.0+((-((+15.0-(+75.0*-60.0)))/+80.0)%-5.0)) = 23.56;
685) ((+47.0++15.0)-(-(((+12.0*-76.0)/+62.0))%-53.0)) = 47.29;
686) ((((+96.0+((-((+75.0-(+72.0*-63.0)))/+56.0)%-84.0))-+58.0)++4.0)-(-(((+60.0*-59.0)/+81.0))%-54.0)) = -84.04;
687) (+83.0+((-((+30.0-(+25.0*-67.0)))/+28.0)%-5.0)) = 82.11;
688) ((+46.0++55.0)-(-(((+37.0*-58.0)/+32.0))%-73.0)) = 33.94;
689) ((((+54.0+((-((+79.0-(+69.0*-33.0)))/+30.0)%-35.0))++37.0)++74.0)-(-(((+21.0*-90.0)/+50.0))%-37.0)) = 155.67;
690) ((((+25.0+((-((+68.0-(+53.0*-11.0)))/+63.0)%-94.0))++26.0)++57.0)-(-(((+31.0*-53.0)/+58.0))%-89.0)) = 69.34;
691) (((+3.0+(((-((+43.0-(+65.0*-51.0)))/+53.0)%-82.0)*-50.0))++26.0)-(-(((+47.0*-96.0)/+48.0))%-47.0)) = 3196.92;
692) (+96.0+((-((+61.0-(+81.0*-27.0)))/+17.0)%-64.0)) = 91.76;
693) ((+15.0++17.0)-(-(((+4.0*-59.0)/+56.0))%-98.0)) = 27.79;
694) ((((+53.0+((-((+47.0-(+25.0*-90.0)))/+41.0)%-13.0))-+9.0)++56.0)-(-(((+50.0*-90.0)/+71.0))%-25.0)) = 82.6;
695) (+29.0+((-((+45.0-+9.0))*-((+70.0/+6.0)))%-37.0)) = 42.0;
696) (+11.0+(-((+49.0-(-((+61.0*-62.0))/+48.0)))%-95.0)) = 40.79;
697) (((+42.0+((-((+8.0-+25.0))*-((+89.0/+58.0)))%-89.0))-+59.0)+(-((+87.0-(-((+36.0*-91.0))/+72.0)))%-56.0)) = -84.59;
698) (+33.0+((-((+93.0-+96.0))*-((+9.0/+50.0)))%-32.0)) = 32.46;
699) (+5.0+(-((+95.0-(-((+54.0*-80.0))/+42.0)))%-61.0)) = 12.86;
700) (((+88.0+((-((+50.0-+49.0))*-((+1.0/+38.0)))%-84.0))++83.0)+(-((+48.0-(-((+22.0*-16.0))/+33.0)))%-42.0)) = 133.69;
701) (((+70.0+((-((+29.0-+21.0))*-((+33.0/+79.0)))%-12.0))++63.0)+(-((+17.0-(-((+87.0*-18.0))/+95.0)))%-2.0)) = 135.83;
702) ((+43.0+(((-((+23.0-+37.0))*-((+80.0/+39.0)))%-82.0)*-28.0))+(-((+96.0-(-((+42.0*-46.0))/+87.0)))%-84.0)) = 773.31;
703) (+31.0+((-((+5.0-+9.0))*-((+24.0/+59.0)))%-68.0)) = 29.37;
704) (+48.0+(-((+54.0-(-((+94.0*-71.0))/+58.0)))%-87.0)) = 109.07;
705) (((+63.0+((-((+45.0-+86.0))*-((+47.0/+92.0)))%-28.0))-+6.0)+(-((+57.0-(-((+74.0*-43.0))/+49.0)))%-90.0)) = 43.99;
706) (((+71.0+((-((+18.0-+65.0))*-((+21.0/+72.0)))%-94.0))++66.0)+(-((+81.0-(-((+55.0*-38.0))/+52.0)))%-25.0)) = 107.48;
707) +3.0 = 3.0;
708) (+5.0-+6.0) = -1.0;
709) (((((+1.0-+2.0)-(+3.0*-4.0))+(+9.0%-3.0))--((+3.0--((+4.0-+2.0)))))-(-((((+5.0*-3.0)*-10.0)/+25.0))%-5.0)) = 17.0;
710) ((((+5.0*-3.0)*-10.0)/+25.0)%-5.0) = 1.0;
711) (+6.0-(+3.0%-2.0)) = 5.0;
712) ((-((+12.0--(((+9.0*-5.0)%-6.0))))/+3.0)+-((+161.0--((+14.0-(-((+8.0-+7.0))*-((+6.0-+2.0)))))))) = -174.0;
713) (((+0.0*-88.0)++66.0)+((((((+7.0*-7.0)/+7.0)*-8.0)/+8.0)*-9.0)/+9.0)) = 59.0;
714) (((((+1.0-+2.0)-(+3.0*-4.0))+(+9.0%-3.0))-(-((+3.0--((+4.0-+2.0))))*-5.0))++3.0) = -11.0;
715) ((+5.0--((-(+3.0)+-((((((((+0.0*-10.0)*-16.0)*-19.0)*-12.0)*-17.0)*-18.0)*-11.0)))))-+0.0) = 2.0;
716) ((+272.0-+273.0)-((+8.0*-7.0)*-0.0)) = -1.0;
717) ((+8.0*-((((+6.0*-((+4.0-+6.0)))*-((-((+7.0-+0.0))+(-((+25.0/+5.0))*-((+24.0/+4.0))))))++9.0)))+-((+0.0-+0.0))) = 2136.0;
718) (((((((((((((((((+5.0%-(((+91.0%-8.0)-(+5.0%-2.0))))+(+7.0%-((+6.0*-8.0))))-+7.0)-+6.0)-+5.0)-+4.0)-+3.0)-+2.0)-+1.0)-+0.0)++1.0)++2.0)++3.0)++4.0)++5.0)++6.0)++7.0) = 8.0;
719) (+0.0++0.0) = 0.0;
720) ((((+99.0/+22.0)+(+2200.0/+8800.0))++3.0)-+6.0) = 1.75;
721) ((+10.0++98.0)-(((+22.0*-(+52.0))/+32.0)%-10.0)) = 113.75;
722) ((+49.0+-(+61.0))-(((+44.0*-92.0)/+52.0)%-93.0)) = 65.85;
723) ((+8.0++21.0)-(((+46.0*-(+84.0))/+74.0)%-71.0)) = 81.22;
724) ((+9.0+-(+97.0))-(((+60.0*-58.0)/+7.0)%-63.0)) = -31.86;
725) ((+49.0++58.0)-(((+32.0*-(+20.0))/+16.0)%-42.0)) = 147.0;
726) ((+50.0+-(+43.0))-(((+16.0*-74.0)/+37.0)%-47.0)) = 39.0;
727) ((+40.0++95.0)-(((+45.0*-(+46.0))/+32.0)%-11.0)) = 144.69;
728) ((+14.0+-(+54.0))-(((+6.0*-35.0)/+98.0)%-98.0)) = -37.86;
729) ((+29.0++14.0)-(((+63.0*-(+55.0))/+52.0)%-31.0)) = 47.63;
730) ((+19.0+-(+87.0))-(((+34.0*-45.0)/+89.0)%-34.0)) = -50.81;
731) ((+86.0++19.0)-(((+64.0*-(+89.0))/+61.0)%-6.0)) = 108.38;
732) ((+47.0+-(+93.0))-(((+55.0*-77.0)/+65.0)%-39.0)) = -19.85;
733) ((+52.0++45.0)-(((+76.0*-(+6.0))/+72.0)%-87.0)) = 103.33;
734) ((+15.0+-(+56.0))-(((+15.0*-95.0)/+14.0)%-36.0)) = -11.21;
735) ((+74.0++63.0)-(((+51.0*-(+85.0))/+18.0)%-90.0)) = 197.83;
736) ((+69.0+-(+66.0))-(((+63.0*-13.0)/+31.0)%-91.0)) = 29.42;
737) ((+38.0++21.0)-(((+52.0*-(+98.0))/+39.0)%-30.0)) = 69.67;
738) ((+28.0+-(+75.0))-(((+61.0*-91.0)/+85.0)%-61.0)) = -42.69;
739) ((+84.0++34.0)-(((+28.0*-(+10.0))/+35.0)%-28.0)) = 126.0;
740) ((+60.0+-(+58.0))-(((+15.0*-16.0)/+43.0)%-89.0)) = 7.58;
741) ((+46.0++57.0)-(((+56.0*-(+72.0))/+27.0)%-98.0)) = 154.33;
742) ((+6.0+-(+59.0))-(((+89.0*-46.0)/+36.0)%-14.0)) = -51.28;
743) ((+6.0++74.0)-(((+52.0*-(+32.0))/+58.0)%-48.0)) = 108.69;
744) ((+72.0+-(+81.0))-(((+29.0*-13.0)/+14.0)%-1.0)) = -8.07;
745) ((+47.0++14.0)-(((+94.0*-(+89.0))/+5.0)%-11.0)) = 62.2;
746) ((+67.0+-(+26.0))-(((+37.0*-72.0)/+75.0)%-34.0)) = 42.52;
747) ((+39.0++38.0)-(((+43.0*-(+44.0))/+54.0)%-40.0)) = 112.04;
748) ((+54.0+-(+11.0))-(((+59.0*-92.0)/+86.0)%-3.0)) = 43.12;
749) ((+30.0++3.0)-(((+38.0*-(+55.0))/+67.0)%-37.0)) = 64.19;
750) ((+74.0+-(+66.0))-(((+43.0*-64.0)/+30.0)%-8.0)) = 11.73;
751) ((+56.0++24.0)-(((+68.0*-(+90.0))/+76.0)%-62.0)) = 98.53;
752) ((+33.0+-(+71.0))-(((+69.0*-38.0)/+12.0)%-86.0)) = 8.5;
753) ((+33.0++25.0)-(((+36.0*-(+41.0))/+3.0)%-15.0)) = 70.0;
754) ((+49.0+-(+89.0))-(((+90.0*-74.0)/+17.0)%-82.0)) = 23.76;
755) ((+28.0++90.0)-(((+8.0*-(+12.0))/+9.0)%-71.0)) = 128.67;
756) ((+38.0+-(+23.0))-(((+91.0*-1.0)/+22.0)%-87.0)) = 19.14;
757) ((+60.0++3.0)-(((+74.0*-(+96.0))/+32.0)%-36.0)) = 69.0;
758) ((+66.0+-(+71.0))-(((+19.0*-72.0)/+14.0)%-81.0)) = 11.71;
759) ((+88.0++90.0)-(((+57.0*-(+89.0))/+32.0)%-94.0)) = 242.53;
760) ((+53.0+-(+3.0))-(((+65.0*-5.0)/+54.0)%-38.0)) = 56.02;
761) ((+32.0++25.0)-(((+89.0*-(+6.0))/+84.0)%-45.0)) = 63.36;
762) ((+97.0+-(+5.0))-(((+62.0*-38.0)/+45.0)%-92.0)) = 144.36;
763) ((+72.0++83.0)-(((+43.0*-(+58.0))/+19.0)%-68.0)) = 218.26;
764) ((+11.0+-(+40.0))-(((+94.0*-93.0)/+51.0)%-78.0)) = -13.59;
765) ((+48.0++45.0)-(((+62.0*-(+47.0))/+67.0)%-5.0)) = 96.49;
766) ((+87.0+-(+43.0))-(((+29.0*-53.0)/+62.0)%-16.0)) = 52.79;
767) ((+27.0++88.0)-(((+43.0*-(+51.0))/+88.0)%-34.0)) = 139.92;
768) ((+1.0+-(+23.0))-(((+28.0*-21.0)/+15.0)%-76.0)) = 17.2;
769) ((+9.0++93.0)-(((+70.0*-(+37.0))/+24.0)%-74.0)) = 135.92;
770) ((+35.0+-(+63.0))-(((+17.0*-31.0)/+60.0)%-46.0)) = -19.22;
771) ((+9.0++7.0)-(((+46.0*-(+32.0))/+75.0)%-35.0)) = 35.63;
772) ((+94.0+-(+89.0))-(((+28.0*-15.0)/+41.0)%-18.0)) = 15.24;
773) ((+46.0++17.0)-(((+48.0*-(+43.0))/+73.0)%-83.0)) = 91.27;
774) ((+1.0+-(+12.0))-(((+43.0*-32.0)/+38.0)%-29.0)) = -3.79;
775) ((+91.0++5.0)-(((+7.0*-(+57.0))/+55.0)%-24.0)) = 103.25;
776) ((+31.0+-(+24.0))-(((+84.0*-20.0)/+27.0)%-18.0)) = 15.22;
777) ((+24.0++22.0)-(((+12.0*-(+77.0))/+70.0)%-44.0)) = 59.2;
778) ((+21.0+-(+94.0))-(((+32.0*-74.0)/+35.0)%-4.0)) = -69.34;
779) ((+57.0++59.0)-(((+83.0*-(+77.0))/+57.0)%-65.0)) = 163.12;
780) ((+36.0+-(+26.0))-(((+46.0*-61.0)/+49.0)%-42.0)) = 25.27;
781) ((+92.0++75.0)-(((+69.0*-(+30.0))/+28.0)%-70.0)) = 170.93;
782) ((+68.0+-(+58.0))-(((+62.0*-47.0)/+94.0)%-78.0)) = 41.0;
783) ((+57.0++2.0)-(((+78.0*-(+43.0))/+64.0)%-88.0)) = 111.41;
784) ((+34.0+-(+80.0))-(((+50.0*-63.0)/+92.0)%-52.0)) = -11.76;
785) ((+19.0++39.0)-(((+14.0*-(+66.0))/+30.0)%-72.0)) = 88.8;
786) ((+57.0+-(+33.0))-(((+98.0*-22.0)/+10.0)%-11.0)) = 30.6;
787) ((+89.0++54.0)-(((+51.0*-(+3.0))/+64.0)%-4.0)) = 145.39;
788) ((+98.0+-(+19.0))-(((+23.0*-8.0)/+23.0)%-1.0)) = 79.0;
789) ((+16.0++85.0)-(((+13.0*-(+13.0))/+75.0)%-62.0)) = 103.25;
790) ((+76.0+-(+31.0))-(((+74.0*-92.0)/+20.0)%-36.0)) = 61.4;
791) ((+22.0++1.0)-(((+96.0*-(+31.0))/+67.0)%-67.0)) = 67.42;
792) ((+0.0+-(+60.0))-(((+33.0*-49.0)/+46.0)%-57.0)) = -24.85;
793) ((+45.0++96.0)-(((+79.0*-(+34.0))/+80.0)%-2.0)) = 142.58;
794) ((+58.0+-(+51.0))-(((+0.0*-86.0)/+57.0)%-55.0)) = 7.0;
795) ((+87.0++33.0)-(((+8.0*-(+40.0))/+38.0)%-76.0)) = 128.42;
796) ((+26.0+-(+70.0))-(((+0.0*-64.0)/+52.0)%-26.0)) = -44.0;
797) ((+71.0++89.0)-(((+87.0*-(+50.0))/+87.0)%-21.0)) = 168.0;
798) ((+29.0+-(+52.0))-(((+25.0*-59.0)/+51.0)%-11.0)) = -16.08;
799) ((+77.0++51.0)-(((+50.0*-(+30.0))/+65.0)%-33.0)) = 151.08;
800) (+32.0+(((-((+0.0-+3.0))*-93.0)/+56.0)%-93.0)) = 27.02;
801) ((+26.0++94.0)-((-((+8.0*-15.0))/+24.0)%-66.0)) = 115.0;
802) (+19.0+(((-((+51.0-+1.0))*-56.0)/+38.0)%-55.0)) = 37.68;
803) ((+7.0++41.0)-((-((+36.0*-18.0))/+87.0)%-71.0)) = 40.55;
804) (+30.0+(((-((+34.0-+59.0))*-54.0)/+36.0)%-1.0)) = 29.5;
805) ((+10.0++81.0)-((-((+62.0*-47.0))/+97.0)%-40.0)) = 60.96;
806) (+48.0+(((-((+50.0-+58.0))*-22.0)/+74.0)%-26.0)) = 45.62;
807) ((+46.0++83.0)-((-((+31.0*-45.0))/+62.0)%-52.0)) = 106.5;
808) (+29.0+(((-((+66.0-+44.0))*-88.0)/+16.0)%-98.0)) = 52.0;
809) ((+26.0++2.0)-((-((+62.0*-82.0))/+68.0)%-75.0)) = -46.76;
810) (+14.0+(((-((+68.0-+96.0))*-92.0)/+54.0)%-59.0)) = -33.7;
811) ((+52.0++7.0)-((-((+16.0*-28.0))/+98.0)%-43.0)) = 54.43;
812) (+78.0+(((-((+9.0-+58.0))*-25.0)/+43.0)%-97.0)) = 49.51;
813) ((+18.0++38.0)-((-((+45.0*-59.0))/+80.0)%-65.0)) = 22.81;
814) (+86.0+(((-((+94.0-+37.0))*-20.0)/+45.0)%-8.0)) = 87.33;
815) ((+23.0++50.0)-((-((+33.0*-72.0))/+70.0)%-96.0)) = 39.06;
816) (+93.0+(((-((+45.0-+7.0))*-30.0)/+25.0)%-60.0)) = 138.6;
817) ((+7.0++12.0)-((-((+9.0*-5.0))/+76.0)%-93.0)) = 18.41;
818) (+53.0+(((-((+34.0-+66.0))*-92.0)/+86.0)%-93.0)) = 18.77;
819) ((+58.0++29.0)-((-((+69.0*-7.0))/+55.0)%-78.0)) = 78.22;
820) (+65.0+(((-((+94.0-+22.0))*-43.0)/+59.0)%-30.0)) = 87.47;
821) ((+58.0++41.0)-((-((+33.0*-28.0))/+32.0)%-18.0)) = 88.12;
822) (+62.0+(((-((+42.0-+21.0))*-80.0)/+55.0)%-39.0)) = 92.55;
823) ((+42.0++18.0)-((-((+71.0*-6.0))/+88.0)%-10.0)) = 55.16;
824) (+91.0+(((-((+3.0-+67.0))*-40.0)/+11.0)%-36.0)) = 74.27;
825) ((+82.0++35.0)-((-((+25.0*-67.0))/+78.0)%-7.0)) = 116.53;
826) (+47.0+(((-((+21.0-+9.0))*-87.0)/+76.0)%-98.0)) = 60.74;
827) ((+19.0++15.0)-((-((+7.0*-75.0))/+5.0)%-38.0)) = 5.0;
828) (+58.0+(((-((+93.0-+1.0))*-80.0)/+48.0)%-79.0)) = 132.33;
829) ((+43.0++21.0)-((-((+91.0*-73.0))/+18.0)%-4.0)) = 62.94;
830) (+69.0+(((-((+67.0-+35.0))*-46.0)/+18.0)%-68.0)) = 82.78;
831) ((+82.0++1.0)-((-((+70.0*-38.0))/+3.0)%-31.0)) = 64.33;
832) (+32.0+(((-((+67.0-+38.0))*-51.0)/+8.0)%-93.0)) = 123.88;
833) ((+33.0++15.0)-((-((+13.0*-44.0))/+28.0)%-41.0)) = 27.57;
834) (+55.0+(((-((+10.0-+72.0))*-30.0)/+38.0)%-34.0)) = 40.05;
835) ((+13.0++78.0)-((-((+89.0*-34.0))/+71.0)%-20.0)) = 88.38;
836) (+50.0+(((-((+25.0-+71.0))*-15.0)/+8.0)%-70.0)) = 33.75;
837) ((+39.0++52.0)-((-((+43.0*-1.0))/+2.0)%-2.0)) = 89.5;
838) (+24.0+(((-((+40.0-+81.0))*-11.0)/+81.0)%-8.0)) = 18.43;
839) ((+1.0++70.0)-((-((+48.0*-30.0))/+40.0)%-19.0)) = 54.0;
840) (+72.0+((-((+55.0-(+80.0*-6.0)))/+98.0)%-60.0)) = 66.54;
841) ((+17.0++98.0)-(-(((+39.0*-0.0)/+16.0))%-74.0)) = 115.0;
842) (+59.0+((-((+98.0-(+12.0*-47.0)))/+39.0)%-70.0)) = 42.03;
843) ((+20.0++30.0)-(-(((+29.0*-8.0)/+51.0))%-21.0)) = 45.45;
844) (+90.0+((-((+40.0-(+82.0*-55.0)))/+64.0)%-36.0)) = 54.91;
845) ((+38.0++67.0)-(-(((+85.0*-27.0)/+84.0))%-51.0)) = 77.68;
846) (+32.0+((-((+42.0-(+10.0*-84.0)))/+89.0)%-40.0)) = 22.09;
847) ((+76.0++86.0)-(-(((+44.0*-58.0)/+92.0))%-4.0)) = 158.26;
848) (+29.0+((-((+90.0-(+58.0*-57.0)))/+67.0)%-93.0)) = -21.69;
849) ((+85.0++70.0)-(-(((+1.0*-53.0)/+1.0))%-19.0)) = 140.0;
850) (+70.0+((-((+31.0-(+21.0*-36.0)))/+69.0)%-91.0)) = 58.59;
851) ((+27.0++53.0)-(-(((+90.0*-81.0)/+47.0))%-42.0)) = 50.89;
852) (+31.0+((-((+82.0-(+2.0*-65.0)))/+9.0)%-20.0)) = 27.44;
853) ((+20.0++24.0)-(-(((+75.0*-62.0)/+48.0))%-51.0)) = -1.88;
854) (+6.0+((-((+61.0-(+30.0*-41.0)))/+65.0)%-44.0)) = -13.86;
855) ((+10.0++90.0)-(-(((+97.0*-4.0)/+28.0))%-21.0)) = 86.14;
856) (+2.0+((-((+63.0-(+45.0*-12.0)))/+89.0)%-90.0)) = -4.78;
857) ((+96.0++45.0)-(-(((+14.0*-46.0)/+80.0))%-59.0)) = 132.95;
858) (+12.0+((-((+7.0-(+94.0*-49.0)))/+70.0)%-33.0)) = -20.9;
859) ((+48.0++57.0)-(-(((+27.0*-63.0)/+60.0))%-97.0)) = 76.65;
860) (+95.0+((-((+50.0-(+31.0*-6.0)))/+82.0)%-76.0)) = 92.12;
861) ((+85.0++78.0)-(-(((+3.0*-85.0)/+72.0))%-46.0)) = 159.46;
862) (+6.0+((-((+31.0-(+76.0*-98.0)))/+10.0)%-55.0)) = -26.9;
863) ((+86.0++47.0)-(-(((+96.0*-25.0)/+71.0))%-6.0)) = 129.2;
864) (+25.0+((-((+15.0-(+75.0*-60.0)))/+80.0)%-5.0)) = 23.56;
865) ((+47.0++15.0)-(-(((+12.0*-76.0)/+62.0))%-53.0)) = 47.29;
866) (+96.0+((-((+75.0-(+72.0*-63.0)))/+56.0)%-84.0)) = 13.66;
867) ((+58.0++4.0)-(-(((+60.0*-59.0)/+81.0))%-54.0)) = 18.3;
868) (+83.0+((-((+30.0-(+25.0*-67.0)))/+28.0)%-5.0)) = 82.11;
869) ((+46.0++55.0)-(-(((+37.0*-58.0)/+32.0))%-73.0)) = 33.94;
870) (+54.0+((-((+79.0-(+69.0*-33.0)))/+30.0)%-35.0)) = 45.47;
871) ((+37.0++74.0)-(-(((+21.0*-90.0)/+50.0))%-37.0)) = 110.2;
872) (+25.0+((-((+68.0-(+53.0*-11.0)))/+63.0)%-94.0)) = 14.67;
873) ((+26.0++57.0)-(-(((+31.0*-53.0)/+58.0))%-89.0)) = 54.67;
874) (+3.0+((-((+43.0-(+65.0*-51.0)))/+53.0)%-82.0)) = -60.36;
875) ((+50.0++26.0)-(-(((+47.0*-96.0)/+48.0))%-47.0)) = 76.0;
876) (+96.0+((-((+61.0-(+81.0*-27.0)))/+17.0)%-64.0)) = 91.76;
877) ((+15.0++17.0)-(-(((+4.0*-59.0)/+56.0))%-98.0)) = 27.79;
878) (+53.0+((-((+47.0-(+25.0*-90.0)))/+41.0)%-13.0)) = 48.98;
879) ((+9.0++56.0)-(-(((+50.0*-90.0)/+71.0))%-25.0)) = 51.62;
880) (+29.0+((-((+45.0-+9.0))*-((+70.0/+6.0)))%-37.0)) = 42.0;
881) (+11.0+(-((+49.0-(-((+61.0*-62.0))/+48.0)))%-95.0)) = 40.79;
882) (+42.0+((-((+8.0-+25.0))*-((+89.0/+58.0)))%-89.0)) = 15.91;
883) (+59.0+(-((+87.0-(-((+36.0*-91.0))/+72.0)))%-56.0)) = 17.5;
884) (+33.0+((-((+93.0-+96.0))*-((+9.0/+50.0)))%-32.0)) = 32.46;
885) (+5.0+(-((+95.0-(-((+54.0*-80.0))/+42.0)))%-61.0)) = 12.86;
886) (+88.0+((-((+50.0-+49.0))*-((+1.0/+38.0)))%-84.0)) = 88.03;
887) (+83.0+(-((+48.0-(-((+22.0*-16.0))/+33.0)))%-42.0)) = 45.67;
888) (+70.0+((-((+29.0-+21.0))*-((+33.0/+79.0)))%-12.0)) = 73.34;
889) (+63.0+(-((+17.0-(-((+87.0*-18.0))/+95.0)))%-2.0)) = 62.48;
890) (+43.0+((-((+23.0-+37.0))*-((+80.0/+39.0)))%-82.0)) = 14.28;
891) (+28.0+(-((+96.0-(-((+42.0*-46.0))/+87.0)))%-84.0)) = -45.79;
892) (+31.0+((-((+5.0-+9.0))*-((+24.0/+59.0)))%-68.0)) = 29.37;
893) (+48.0+(-((+54.0-(-((+94.0*-71.0))/+58.0)))%-87.0)) = 109.07;
894) (-63.0+((-((+45.0-+86.0))*-((+47.0/+92.0)))%-28.0)) = -83.95;
895) (+6.0+(-((+57.0-(-((+74.0*-43.0))/+49.0)))%-90.0)) = 13.94;
896) (+71.0+((-((+18.0-+65.0))*-((+21.0/+72.0)))%-94.0)) = 57.29;
897) (+66.0+(-((+81.0-(-((+55.0*-38.0))/+52.0)))%-25.0)) = 50.19;
898) +3.0 = 3.0;
899) (+5.0-+6.0) = -1.0;
900) ((((+1.0-+2.0)-(+3.0*-4.0))+(+9.0%-3.0))--((+3.0--((+4.0-+2.0))))) = 16.0;
901) (-((((+5.0*-3.0)*-10.0)/+25.0))%-5.0) = -1.0;
902) ((((+5.0*-3.0)*-10.0)/+25.0)%-5.0) = 1.0;
903) (+6.0-(+3.0%-2.0)) = 5.0;
904) (-((+12.0--(((+9.0*-5.0)%-6.0))))/+3.0) = -3.0;
905) -((+161.0--((+14.0-(-((+8.0-+7.0))*-((+6.0-+2.0))))))) = -171.0;
906) ((-0.0*-88.0)++66.0) = 66.0;
907) ((((((+7.0*-7.0)/+7.0)*-8.0)/+8.0)*-9.0)/+9.0) = -7.0;
908) ((((+1.0-+2.0)-(+3.0*-4.0))+(+9.0%-3.0))--((+3.0--((+4.0-+2.0))))) = 16.0;
909) (+5.0++3.0) = 8.0;
910) (+5.0--((-(+3.0)+-((((((((+0.0*-10.0)*-16.0)*-19.0)*-12.0)*-17.0)*-18.0)*-11.0))))) = 2.0;
911) +0.0 = 0.0;
912) ((+272.0-+273.0)-((+8.0*-7.0)*-0.0)) = -1.0;
913) ((+8.0*-((((+6.0*-((+4.0-+6.0)))*-((-((+7.0-+0.0))+(-((+25.0/+5.0))*-((+24.0/+4.0))))))++9.0)))+-((+0.0-+0.0))) = 2136.0;
914) ((+5.0%-(((+91.0%-8.0)-(+5.0%-2.0))))+(+7.0%-((+6.0*-8.0)))) = 8.0;
915) ((((((((((((((+7.0-+6.0)-+5.0)-+4.0)-+3.0)-+2.0)-+1.0)-+0.0)++1.0)++2.0)++3.0)++4.0)++5.0)++6.0)++7.0) = 14.0;
916) +0.0 = 0.0;
917) -0.0 = -0.0;
918) ((-99.0/+22.0)+(+2200.0/+8800.0)) = -4.25;
919) (+3.0-+6.0) = -3.0;
920) (+0.0++3.0) = 3.0;
