[Statement 1]
Statement parsed successfully.

[Statement 2]
Statement parsed successfully.

[Statement 3]
Unmatched input (?) was ignored automatically.
Unmatched input (') was ignored automatically.
Unmatched input (') was ignored automatically.
Unmatched input (:) was ignored automatically.
Statement parsed successfully.

[Statement 4]
Statement parsed successfully.

[Statement 5]
Statement parsed successfully.

[Statement 6]
Statement parsed successfully.

[Statement 7]
Unmatched input (') was ignored automatically.
Unmatched input (') was ignored automatically.
Statement parsed successfully.

[Statement 8]
Unmatched input (') was ignored automatically.
Unmatched input (') was ignored automatically.
Statement parsed successfully.

[Statement 9]
Unmatched input (') was ignored automatically.
Unmatched input (') was ignored automatically.
Statement parsed successfully.

[Statement 10]
Unmatched input (@) was ignored automatically.
Statement parsed successfully.

[Statement 11]
Unmatched input (?) was ignored automatically.
Statement parsed successfully.

[Statement 12]
Unmatched input (?) was ignored automatically.
Statement parsed successfully.

[Statement 13]
Statement parsed successfully.

[Statement 14]
Statement parsed successfully.

[Statement 15]
Unmatched input (^) was ignored automatically.
Unmatched input (\) was ignored automatically.
Unmatched input (!) was ignored automatically.
Unmatched input (!) was ignored automatically.
Unmatched input (~) was ignored automatically.
Unmatched input (%) was ignored automatically.
Unmatched input (^) was ignored automatically.
Unmatched input (.) was ignored automatically.
Statement parsed successfully.

[Statement 16]
Unmatched input (^) was ignored automatically.
Unmatched input (\) was ignored automatically.
Unmatched input (!) was ignored automatically.
Unmatched input (!) was ignored automatically.
Unmatched input (~) was ignored automatically.
Unmatched input (%) was ignored automatically.
Unmatched input (^) was ignored automatically.
Unmatched input (.) was ignored automatically.
Statement parsed successfully.

[Statement 17]
Statement parsed successfully.

[Statement 18]
Statement parsed successfully.

[Statement 19]
Statement parsed successfully.

[Statement 20]
Statement parsed successfully.

[Statement 21]
Statement parsed successfully.

[Statement 22]
Statement parsed successfully.

[Statement 23]
Statement parsed successfully.

[Statement 24]
Statement parsed successfully.

[Statement 25]
Statement parsed successfully.

[Statement 26]
Statement parsed successfully.

[Statement 27]
Statement parsed successfully.

[Statement 28]
Invalid string literal encountered. Erroneous character was ignored.
Invalid string literal encountered. Erroneous character was ignored.
Invalid string literal encountered. Erroneous character was ignored.
Invalid string literal encountered. Erroneous character was ignored.
Invalid string literal encountered. Erroneous character was ignored.
Invalid string literal encountered. Erroneous character was ignored.
Statement parsed successfully.

[Statement 29]
Unmatched input (@) was ignored automatically.
Statement parsed successfully.

[Statement 30]
Unmatched input (^) was ignored automatically.
Unmatched input (@) was ignored automatically.
Unmatched input (!) was ignored automatically.
Unmatched input (#) was ignored automatically.
Unmatched input (#) was ignored automatically.
Unmatched input ($) was ignored automatically.
Unmatched input (!) was ignored automatically.
Statement parsed successfully.

[Statement 31]
Unmatched input (^) was ignored automatically.
Unmatched input (@) was ignored automatically.
Unmatched input (!) was ignored automatically.
Unmatched input (#) was ignored automatically.
Unmatched input (#) was ignored automatically.
Unmatched input ($) was ignored automatically.
Unmatched input (!) was ignored automatically.
Statement parsed successfully.

[Statement 32]
Unmatched input (^) was ignored automatically.
Statement parsed successfully.

[Statement 33]
Statement parsed successfully.

[Statement 34]
Statement parsed successfully.

[Statement 35]
Unmatched input (@) was ignored automatically.
Statement parsed successfully.

[Statement 36]
Unmatched input (@) was ignored automatically.
Statement parsed successfully.

[Statement 37]
Statement parsed successfully.

[Statement 38]
Unmatched input (%) was ignored automatically.
Statement parsed successfully.

[Statement 39]
Statement parsed successfully.

[Statement 40]
Statement parsed successfully.

[Statement 41]
Statement parsed successfully.

[Statement 42]
Statement parsed successfully.

[Statement 43]
Statement parsed successfully.

[Statement 44]
Statement parsed successfully.

[Statement 45]
Unmatched input (.) was ignored automatically.
Unmatched input (.) was ignored automatically.
Statement parsed successfully.

[Statement 46]
Statement parsed successfully.

[Statement 47]
Unmatched input (%) was ignored automatically.
Invalid string literal encountered. Erroneous character was ignored.
Invalid string literal encountered. Erroneous character was ignored.
Statement parsed successfully.

[Statement 48]
Unmatched input (%) was ignored automatically.
Invalid string literal encountered. Erroneous character was ignored.
Invalid string literal encountered. Erroneous character was ignored.
Statement parsed successfully.

[Statement 49]
Unmatched input (%) was ignored automatically.
Invalid string literal encountered. Erroneous character was ignored.
Invalid string literal encountered. Erroneous character was ignored.
Statement parsed successfully.

[Statement 50]
Unmatched input (~) was ignored automatically.
Logical OR is not supported. Missing character was added automatically.
Unmatched input (^) was ignored automatically.
Unmatched input (.) was ignored automatically.
Statement parsed successfully.

[Statement 51]
Statement parsed successfully.

[Statement 52]
Statement parsed successfully.

[Statement 53]
Statement parsed successfully.

[Statement 54]
Statement parsed successfully.

[Statement 55]
Statement parsed successfully.

[Statement 56]
Statement parsed successfully.

[Statement 57]
Statement parsed successfully.

[Statement 58]
Statement parsed successfully.

[Statement 59]
Statement parsed successfully.

[Statement 60]
Statement parsed successfully.

[Statement 61]
Statement parsed successfully.

[Statement 62]
Statement parsed successfully.

[Statement 63]
Statement parsed successfully.

[Statement 64]
Statement parsed successfully.

[Statement 65]
Statement parsed successfully.

[Statement 66]
Statement parsed successfully.

[Statement 67]
Statement parsed successfully.

[Statement 68]
Statement parsed successfully.

[Statement 69]
Statement parsed successfully.

[Statement 70]
Statement parsed successfully.

[Statement 71]
Statement parsed successfully.

[Statement 72]
Statement parsed successfully.

[Statement 73]
Statement parsed successfully.

[Statement 74]
Statement parsed successfully.

[Statement 75]
Statement parsed successfully.

[Statement 76]
Statement parsed successfully.

[Statement 77]
Statement parsed successfully.

[Statement 78]
Statement parsed successfully.

[Statement 79]
Statement parsed successfully.

[Statement 80]
Statement parsed successfully.

[Statement 81]
Statement parsed successfully.

[Statement 82]
Statement parsed successfully.

[Statement 83]
Statement parsed successfully.

[Statement 84]
Statement parsed successfully.

[Statement 85]
Statement parsed successfully.

[Statement 86]
Statement parsed successfully.

[Statement 87]
Statement parsed successfully.

[Statement 88]
Unmatched input (“) was ignored automatically.
Unmatched input (”) was ignored automatically.
Statement parsed successfully.

[Statement 89]
Unmatched input (“) was ignored automatically.
Unmatched input (”) was ignored automatically.
Statement parsed successfully.

[Statement 90]
Logical AND is not supported. Missing character was added automatically.
Unmatched input (^) was ignored automatically.
Statement parsed successfully.

[Statement 91]
Unmatched input (“) was ignored automatically.
Unmatched input (”) was ignored automatically.
Statement parsed successfully.

[Statement 92]
Unmatched input (“) was ignored automatically.
Unmatched input (”) was ignored automatically.
Statement parsed successfully.

[Statement 93]
Unmatched input (“) was ignored automatically.
Unmatched input (”) was ignored automatically.
Statement parsed successfully.

[Statement 94]
Unmatched input (“) was ignored automatically.
Unmatched input (”) was ignored automatically.
Statement parsed successfully.

[Statement 95]
Unmatched input (“) was ignored automatically.
Unmatched input (”) was ignored automatically.
Statement parsed successfully.

[Statement 96]
Unmatched input (“) was ignored automatically.
Unmatched input (”) was ignored automatically.
Statement parsed successfully.

[Statement 97]
Unmatched input (“) was ignored automatically.
Unmatched input (”) was ignored automatically.
Statement parsed successfully.

[Statement 98]
Unmatched input (“) was ignored automatically.
Unmatched input (”) was ignored automatically.
Statement parsed successfully.

[Statement 99]
Unmatched input (“) was ignored automatically.
Unmatched input (”) was ignored automatically.
Statement parsed successfully.

[Statement 100]
Unmatched input (“) was ignored automatically.
Unmatched input (”) was ignored automatically.
Logical AND is not supported. Missing character was added automatically.
Statement parsed successfully.

[Statement 101]
Unmatched input (“) was ignored automatically.
Unmatched input (”) was ignored automatically.
Logical OR is not supported. Missing character was added automatically.
Statement parsed successfully.

[Statement 102]
Unmatched input (“) was ignored automatically.
Unmatched input (”) was ignored automatically.
Statement parsed successfully.

[Statement 103]
Unmatched input (“) was ignored automatically.
Unmatched input (”) was ignored automatically.
Statement parsed successfully.

[Statement 104]
Statement parsed successfully.

File finished.